{"/home/manu/Documents/Lead Developer Java Angular/projet4/projet4-fullstack/front/src/app/app.component.html": {"path":"/home/manu/Documents/Lead Developer Java Angular/projet4/projet4-fullstack/front/src/app/app.component.html","statementMap":{"0":{"start":{"line":1,"column":0},"end":{"line":1,"column":699}}},"fnMap":{},"branchMap":{},"s":{"0":1},"f":{},"b":{},"_coverageSchema":"1a1c01bbd47fc00a2c39e90264f33305004495a9","hash":"6f2a0ed5c6d0c73c6ca85b0d3b8c7d2e006b6029"}
,"/home/manu/Documents/Lead Developer Java Angular/projet4/projet4-fullstack/front/src/app/app.component.ts": {"path":"/home/manu/Documents/Lead Developer Java Angular/projet4/projet4-fullstack/front/src/app/app.component.ts","statementMap":{"0":{"start":{"line":1,"column":0},"end":{"line":1,"column":50}},"1":{"start":{"line":2,"column":0},"end":{"line":2,"column":67}},"2":{"start":{"line":4,"column":0},"end":{"line":4,"column":64}},"3":{"start":{"line":5,"column":0},"end":{"line":5,"column":45}},"4":{"start":{"line":6,"column":0},"end":{"line":6,"column":56}},"5":{"start":{"line":14,"column":7},"end":{"line":26,"column":null}},"6":{"start":{"line":15,"column":10},"end":{"line":15,"column":34}},"7":{"start":{"line":16,"column":10},"end":{"line":16,"column":50}},"8":{"start":{"line":19,"column":4},"end":{"line":19,"column":43}},"9":{"start":{"line":23,"column":4},"end":{"line":23,"column":33}},"10":{"start":{"line":24,"column":4},"end":{"line":24,"column":null}},"11":{"start":{"line":14,"column":13},"end":{"line":14,"column":25}},"12":{"start":{"line":14,"column":13},"end":{"line":26,"column":null}}},"fnMap":{"0":{"name":"(anonymous_0)","decl":{"start":{"line":14,"column":7},"end":{"line":14,"column":13}},"loc":{"start":{"line":14,"column":7},"end":{"line":26,"column":1}}},"1":{"name":"(anonymous_1)","decl":{"start":{"line":18,"column":9},"end":{"line":18,"column":18}},"loc":{"start":{"line":18,"column":18},"end":{"line":20,"column":3}}},"2":{"name":"(anonymous_2)","decl":{"start":{"line":22,"column":9},"end":{"line":22,"column":15}},"loc":{"start":{"line":22,"column":15},"end":{"line":25,"column":3}}}},"branchMap":{},"s":{"0":1,"1":1,"2":1,"3":1,"4":1,"5":1,"6":1,"7":1,"8":0,"9":0,"10":0,"11":1,"12":1},"f":{"0":1,"1":0,"2":0},"b":{}}
,"/home/manu/Documents/Lead Developer Java Angular/projet4/projet4-fullstack/front/src/app/components/me/me.component.html": {"path":"/home/manu/Documents/Lead Developer Java Angular/projet4/projet4-fullstack/front/src/app/components/me/me.component.html","statementMap":{"0":{"start":{"line":1,"column":0},"end":{"line":1,"column":1287}}},"fnMap":{},"branchMap":{},"s":{"0":1},"f":{},"b":{},"_coverageSchema":"1a1c01bbd47fc00a2c39e90264f33305004495a9","hash":"a7d58594358e60a40d54d0a03f549e0d36c45a9f"}
,"/home/manu/Documents/Lead Developer Java Angular/projet4/projet4-fullstack/front/src/app/components/me/me.component.ts": {"path":"/home/manu/Documents/Lead Developer Java Angular/projet4/projet4-fullstack/front/src/app/components/me/me.component.ts","statementMap":{"0":{"start":{"line":1,"column":0},"end":{"line":1,"column":70}},"1":{"start":{"line":2,"column":0},"end":{"line":2,"column":58}},"2":{"start":{"line":3,"column":0},"end":{"line":3,"column":41}},"3":{"start":{"line":5,"column":0},"end":{"line":5,"column":68}},"4":{"start":{"line":6,"column":0},"end":{"line":6,"column":62}},"5":{"start":{"line":7,"column":0},"end":{"line":7,"column":62}},"6":{"start":{"line":8,"column":0},"end":{"line":8,"column":47}},"7":{"start":{"line":9,"column":0},"end":{"line":9,"column":64}},"8":{"start":{"line":17,"column":7},"end":{"line":51,"column":null}},"9":{"start":{"line":18,"column":10},"end":{"line":18,"column":34}},"10":{"start":{"line":19,"column":10},"end":{"line":19,"column":50}},"11":{"start":{"line":20,"column":10},"end":{"line":20,"column":44}},"12":{"start":{"line":21,"column":10},"end":{"line":21,"column":44}},"13":{"start":{"line":22,"column":19},"end":{"line":22,"column":51}},"14":{"start":{"line":26,"column":4},"end":{"line":31,"column":51}},"15":{"start":{"line":31,"column":33},"end":{"line":31,"column":49}},"16":{"start":{"line":35,"column":4},"end":{"line":35,"column":26}},"17":{"start":{"line":39,"column":4},"end":{"line":48,"column":null}},"18":{"start":{"line":45,"column":8},"end":{"line":45,"column":94}},"19":{"start":{"line":46,"column":8},"end":{"line":46,"column":37}},"20":{"start":{"line":47,"column":8},"end":{"line":47,"column":41}},"21":{"start":{"line":17,"column":13},"end":{"line":17,"column":24}},"22":{"start":{"line":17,"column":13},"end":{"line":51,"column":null}}},"fnMap":{"0":{"name":"(anonymous_0)","decl":{"start":{"line":17,"column":7},"end":{"line":17,"column":13}},"loc":{"start":{"line":17,"column":7},"end":{"line":51,"column":1}}},"1":{"name":"(anonymous_1)","decl":{"start":{"line":25,"column":2},"end":{"line":25,"column":10}},"loc":{"start":{"line":25,"column":10},"end":{"line":32,"column":3}}},"2":{"name":"(anonymous_2)","decl":{"start":{"line":31,"column":17},"end":{"line":31,"column":18}},"loc":{"start":{"line":31,"column":33},"end":{"line":31,"column":49}}},"3":{"name":"(anonymous_3)","decl":{"start":{"line":34,"column":9},"end":{"line":34,"column":13}},"loc":{"start":{"line":34,"column":13},"end":{"line":36,"column":3}}},"4":{"name":"(anonymous_4)","decl":{"start":{"line":38,"column":9},"end":{"line":38,"column":15}},"loc":{"start":{"line":38,"column":15},"end":{"line":49,"column":3}}},"5":{"name":"(anonymous_5)","decl":{"start":{"line":44,"column":17},"end":{"line":44,"column":20}},"loc":{"start":{"line":44,"column":22},"end":{"line":48,"column":7}}}},"branchMap":{},"s":{"0":1,"1":1,"2":1,"3":1,"4":1,"5":1,"6":1,"7":1,"8":1,"9":1,"10":1,"11":1,"12":1,"13":1,"14":1,"15":0,"16":0,"17":0,"18":0,"19":0,"20":0,"21":1,"22":1},"f":{"0":1,"1":1,"2":0,"3":0,"4":0,"5":0},"b":{}}
,"/home/manu/Documents/Lead Developer Java Angular/projet4/projet4-fullstack/front/src/app/core/service/auth.service.ts": {"path":"/home/manu/Documents/Lead Developer Java Angular/projet4/projet4-fullstack/front/src/app/core/service/auth.service.ts","statementMap":{"0":{"start":{"line":1,"column":0},"end":{"line":1,"column":50}},"1":{"start":{"line":2,"column":0},"end":{"line":2,"column":43}},"2":{"start":{"line":15,"column":22},"end":{"line":15,"column":34}},"3":{"start":{"line":13,"column":10},"end":{"line":13,"column":36}},"4":{"start":{"line":18,"column":4},"end":{"line":18,"column":87}},"5":{"start":{"line":22,"column":4},"end":{"line":22,"column":95}},"6":{"start":{"line":11,"column":13},"end":{"line":11,"column":24}},"7":{"start":{"line":11,"column":13},"end":{"line":24,"column":null}}},"fnMap":{"0":{"name":"(anonymous_0)","decl":{"start":{"line":15,"column":2},"end":{"line":15,"column":22}},"loc":{"start":{"line":15,"column":44},"end":{"line":15,"column":49}}},"1":{"name":"(anonymous_1)","decl":{"start":{"line":17,"column":9},"end":{"line":17,"column":17}},"loc":{"start":{"line":17,"column":50},"end":{"line":19,"column":3}}},"2":{"name":"(anonymous_2)","decl":{"start":{"line":21,"column":9},"end":{"line":21,"column":14}},"loc":{"start":{"line":21,"column":41},"end":{"line":23,"column":3}}}},"branchMap":{},"s":{"0":2,"1":2,"2":2,"3":2,"4":0,"5":0,"6":2,"7":2},"f":{"0":2,"1":0,"2":0},"b":{}}
,"/home/manu/Documents/Lead Developer Java Angular/projet4/projet4-fullstack/front/src/app/core/service/session-api.service.ts": {"path":"/home/manu/Documents/Lead Developer Java Angular/projet4/projet4-fullstack/front/src/app/core/service/session-api.service.ts","statementMap":{"0":{"start":{"line":1,"column":0},"end":{"line":1,"column":50}},"1":{"start":{"line":2,"column":0},"end":{"line":2,"column":43}},"2":{"start":{"line":13,"column":22},"end":{"line":13,"column":34}},"3":{"start":{"line":11,"column":10},"end":{"line":11,"column":38}},"4":{"start":{"line":17,"column":4},"end":{"line":17,"column":60}},"5":{"start":{"line":21,"column":4},"end":{"line":21,"column":69}},"6":{"start":{"line":25,"column":4},"end":{"line":25,"column":69}},"7":{"start":{"line":29,"column":4},"end":{"line":29,"column":68}},"8":{"start":{"line":33,"column":4},"end":{"line":33,"column":78}},"9":{"start":{"line":37,"column":4},"end":{"line":37,"column":95}},"10":{"start":{"line":41,"column":4},"end":{"line":41,"column":91}},"11":{"start":{"line":9,"column":13},"end":{"line":9,"column":30}},"12":{"start":{"line":9,"column":13},"end":{"line":44,"column":null}}},"fnMap":{"0":{"name":"(anonymous_0)","decl":{"start":{"line":13,"column":2},"end":{"line":13,"column":22}},"loc":{"start":{"line":13,"column":44},"end":{"line":14,"column":3}}},"1":{"name":"(anonymous_1)","decl":{"start":{"line":16,"column":9},"end":{"line":16,"column":12}},"loc":{"start":{"line":16,"column":12},"end":{"line":18,"column":3}}},"2":{"name":"(anonymous_2)","decl":{"start":{"line":20,"column":9},"end":{"line":20,"column":15}},"loc":{"start":{"line":20,"column":26},"end":{"line":22,"column":3}}},"3":{"name":"(anonymous_3)","decl":{"start":{"line":24,"column":9},"end":{"line":24,"column":15}},"loc":{"start":{"line":24,"column":26},"end":{"line":26,"column":3}}},"4":{"name":"(anonymous_4)","decl":{"start":{"line":28,"column":9},"end":{"line":28,"column":15}},"loc":{"start":{"line":28,"column":32},"end":{"line":30,"column":3}}},"5":{"name":"(anonymous_5)","decl":{"start":{"line":32,"column":9},"end":{"line":32,"column":15}},"loc":{"start":{"line":32,"column":44},"end":{"line":34,"column":3}}},"6":{"name":"(anonymous_6)","decl":{"start":{"line":36,"column":9},"end":{"line":36,"column":20}},"loc":{"start":{"line":36,"column":47},"end":{"line":38,"column":3}}},"7":{"name":"(anonymous_7)","decl":{"start":{"line":40,"column":9},"end":{"line":40,"column":22}},"loc":{"start":{"line":40,"column":49},"end":{"line":42,"column":3}}}},"branchMap":{},"s":{"0":4,"1":4,"2":4,"3":4,"4":1,"5":1,"6":0,"7":0,"8":0,"9":0,"10":0,"11":4,"12":4},"f":{"0":4,"1":1,"2":1,"3":0,"4":0,"5":0,"6":0,"7":0},"b":{}}
,"/home/manu/Documents/Lead Developer Java Angular/projet4/projet4-fullstack/front/src/app/core/service/session.service.ts": {"path":"/home/manu/Documents/Lead Developer Java Angular/projet4/projet4-fullstack/front/src/app/core/service/session.service.ts","statementMap":{"0":{"start":{"line":1,"column":0},"end":{"line":1,"column":43}},"1":{"start":{"line":2,"column":0},"end":{"line":2,"column":51}},"2":{"start":{"line":8,"column":7},"end":{"line":34,"column":null}},"3":{"start":{"line":10,"column":9},"end":{"line":10,"column":26}},"4":{"start":{"line":13,"column":10},"end":{"line":13,"column":72}},"5":{"start":{"line":16,"column":4},"end":{"line":16,"column":47}},"6":{"start":{"line":20,"column":4},"end":{"line":20,"column":35}},"7":{"start":{"line":21,"column":4},"end":{"line":21,"column":25}},"8":{"start":{"line":22,"column":4},"end":{"line":22,"column":16}},"9":{"start":{"line":26,"column":4},"end":{"line":26,"column":40}},"10":{"start":{"line":27,"column":4},"end":{"line":27,"column":26}},"11":{"start":{"line":28,"column":4},"end":{"line":28,"column":16}},"12":{"start":{"line":32,"column":4},"end":{"line":32,"column":45}},"13":{"start":{"line":8,"column":13},"end":{"line":8,"column":27}},"14":{"start":{"line":8,"column":13},"end":{"line":34,"column":null}}},"fnMap":{"0":{"name":"(anonymous_0)","decl":{"start":{"line":8,"column":7},"end":{"line":8,"column":13}},"loc":{"start":{"line":8,"column":7},"end":{"line":34,"column":1}}},"1":{"name":"(anonymous_1)","decl":{"start":{"line":15,"column":9},"end":{"line":15,"column":18}},"loc":{"start":{"line":15,"column":18},"end":{"line":17,"column":3}}},"2":{"name":"(anonymous_2)","decl":{"start":{"line":19,"column":9},"end":{"line":19,"column":14}},"loc":{"start":{"line":19,"column":39},"end":{"line":23,"column":3}}},"3":{"name":"(anonymous_3)","decl":{"start":{"line":25,"column":9},"end":{"line":25,"column":15}},"loc":{"start":{"line":25,"column":15},"end":{"line":29,"column":3}}},"4":{"name":"(anonymous_4)","decl":{"start":{"line":31,"column":10},"end":{"line":31,"column":14}},"loc":{"start":{"line":31,"column":14},"end":{"line":33,"column":3}}}},"branchMap":{},"s":{"0":7,"1":7,"2":7,"3":3,"4":3,"5":0,"6":0,"7":0,"8":0,"9":0,"10":0,"11":0,"12":0,"13":7,"14":7},"f":{"0":3,"1":0,"2":0,"3":0,"4":0},"b":{}}
,"/home/manu/Documents/Lead Developer Java Angular/projet4/projet4-fullstack/front/src/app/core/service/teacher.service.ts": {"path":"/home/manu/Documents/Lead Developer Java Angular/projet4/projet4-fullstack/front/src/app/core/service/teacher.service.ts","statementMap":{"0":{"start":{"line":1,"column":0},"end":{"line":1,"column":50}},"1":{"start":{"line":2,"column":0},"end":{"line":2,"column":43}},"2":{"start":{"line":13,"column":22},"end":{"line":13,"column":34}},"3":{"start":{"line":11,"column":10},"end":{"line":11,"column":38}},"4":{"start":{"line":16,"column":4},"end":{"line":16,"column":60}},"5":{"start":{"line":20,"column":4},"end":{"line":20,"column":69}},"6":{"start":{"line":9,"column":13},"end":{"line":9,"column":27}},"7":{"start":{"line":9,"column":13},"end":{"line":22,"column":null}}},"fnMap":{"0":{"name":"(anonymous_0)","decl":{"start":{"line":13,"column":2},"end":{"line":13,"column":22}},"loc":{"start":{"line":13,"column":44},"end":{"line":13,"column":49}}},"1":{"name":"(anonymous_1)","decl":{"start":{"line":15,"column":9},"end":{"line":15,"column":12}},"loc":{"start":{"line":15,"column":12},"end":{"line":17,"column":3}}},"2":{"name":"(anonymous_2)","decl":{"start":{"line":19,"column":9},"end":{"line":19,"column":15}},"loc":{"start":{"line":19,"column":26},"end":{"line":21,"column":3}}}},"branchMap":{},"s":{"0":3,"1":3,"2":3,"3":3,"4":1,"5":0,"6":3,"7":3},"f":{"0":3,"1":1,"2":0},"b":{}}
,"/home/manu/Documents/Lead Developer Java Angular/projet4/projet4-fullstack/front/src/app/core/service/user.service.ts": {"path":"/home/manu/Documents/Lead Developer Java Angular/projet4/projet4-fullstack/front/src/app/core/service/user.service.ts","statementMap":{"0":{"start":{"line":1,"column":0},"end":{"line":1,"column":50}},"1":{"start":{"line":2,"column":0},"end":{"line":2,"column":43}},"2":{"start":{"line":13,"column":22},"end":{"line":13,"column":34}},"3":{"start":{"line":11,"column":10},"end":{"line":11,"column":35}},"4":{"start":{"line":16,"column":4},"end":{"line":16,"column":66}},"5":{"start":{"line":20,"column":4},"end":{"line":20,"column":69}},"6":{"start":{"line":9,"column":13},"end":{"line":9,"column":24}},"7":{"start":{"line":9,"column":13},"end":{"line":22,"column":null}}},"fnMap":{"0":{"name":"(anonymous_0)","decl":{"start":{"line":13,"column":2},"end":{"line":13,"column":22}},"loc":{"start":{"line":13,"column":44},"end":{"line":13,"column":49}}},"1":{"name":"(anonymous_1)","decl":{"start":{"line":15,"column":9},"end":{"line":15,"column":16}},"loc":{"start":{"line":15,"column":27},"end":{"line":17,"column":3}}},"2":{"name":"(anonymous_2)","decl":{"start":{"line":19,"column":9},"end":{"line":19,"column":15}},"loc":{"start":{"line":19,"column":26},"end":{"line":21,"column":3}}}},"branchMap":{},"s":{"0":2,"1":2,"2":2,"3":2,"4":1,"5":0,"6":2,"7":2},"f":{"0":2,"1":1,"2":0},"b":{}}
,"/home/manu/Documents/Lead Developer Java Angular/projet4/projet4-fullstack/front/src/app/pages/login/login.component.html": {"path":"/home/manu/Documents/Lead Developer Java Angular/projet4/projet4-fullstack/front/src/app/pages/login/login.component.html","statementMap":{"0":{"start":{"line":1,"column":0},"end":{"line":1,"column":1360}}},"fnMap":{},"branchMap":{},"s":{"0":1},"f":{},"b":{},"_coverageSchema":"1a1c01bbd47fc00a2c39e90264f33305004495a9","hash":"f237704ecb7ddc6ae9ce83eb2de90d6c9f935b03"}
,"/home/manu/Documents/Lead Developer Java Angular/projet4/projet4-fullstack/front/src/app/pages/login/login.component.ts": {"path":"/home/manu/Documents/Lead Developer Java Angular/projet4/projet4-fullstack/front/src/app/pages/login/login.component.ts","statementMap":{"0":{"start":{"line":1,"column":0},"end":{"line":1,"column":62}},"1":{"start":{"line":2,"column":0},"end":{"line":2,"column":57}},"2":{"start":{"line":3,"column":0},"end":{"line":3,"column":41}},"3":{"start":{"line":5,"column":0},"end":{"line":5,"column":70}},"4":{"start":{"line":7,"column":0},"end":{"line":7,"column":62}},"5":{"start":{"line":8,"column":0},"end":{"line":8,"column":60}},"6":{"start":{"line":9,"column":0},"end":{"line":9,"column":47}},"7":{"start":{"line":10,"column":0},"end":{"line":10,"column":64}},"8":{"start":{"line":18,"column":7},"end":{"line":59,"column":null}},"9":{"start":{"line":19,"column":10},"end":{"line":19,"column":44}},"10":{"start":{"line":20,"column":10},"end":{"line":20,"column":35}},"11":{"start":{"line":21,"column":10},"end":{"line":21,"column":34}},"12":{"start":{"line":22,"column":10},"end":{"line":22,"column":50}},"13":{"start":{"line":23,"column":19},"end":{"line":23,"column":51}},"14":{"start":{"line":25,"column":9},"end":{"line":25,"column":21}},"15":{"start":{"line":26,"column":9},"end":{"line":26,"column":25}},"16":{"start":{"line":28,"column":9},"end":{"line":43,"column":5}},"17":{"start":{"line":46,"column":25},"end":{"line":46,"column":56}},"18":{"start":{"line":47,"column":4},"end":{"line":57,"column":7}},"19":{"start":{"line":53,"column":8},"end":{"line":53,"column":44}},"20":{"start":{"line":54,"column":8},"end":{"line":54,"column":49}},"21":{"start":{"line":56,"column":19},"end":{"line":56,"column":38}},"22":{"start":{"line":18,"column":13},"end":{"line":18,"column":27}},"23":{"start":{"line":18,"column":13},"end":{"line":59,"column":null}}},"fnMap":{"0":{"name":"(anonymous_0)","decl":{"start":{"line":18,"column":7},"end":{"line":18,"column":13}},"loc":{"start":{"line":18,"column":7},"end":{"line":59,"column":1}}},"1":{"name":"(anonymous_1)","decl":{"start":{"line":45,"column":9},"end":{"line":45,"column":15}},"loc":{"start":{"line":45,"column":15},"end":{"line":58,"column":3}}},"2":{"name":"(anonymous_2)","decl":{"start":{"line":52,"column":12},"end":{"line":52,"column":13}},"loc":{"start":{"line":52,"column":45},"end":{"line":55,"column":7}}},"3":{"name":"(anonymous_3)","decl":{"start":{"line":56,"column":13},"end":{"line":56,"column":16}},"loc":{"start":{"line":56,"column":19},"end":{"line":56,"column":38}}}},"branchMap":{},"s":{"0":1,"1":1,"2":1,"3":1,"4":1,"5":1,"6":1,"7":1,"8":1,"9":1,"10":1,"11":1,"12":1,"13":1,"14":1,"15":1,"16":1,"17":0,"18":0,"19":0,"20":0,"21":0,"22":1,"23":1},"f":{"0":1,"1":0,"2":0,"3":0},"b":{}}
,"/home/manu/Documents/Lead Developer Java Angular/projet4/projet4-fullstack/front/src/app/pages/not-found/not-found.component.html": {"path":"/home/manu/Documents/Lead Developer Java Angular/projet4/projet4-fullstack/front/src/app/pages/not-found/not-found.component.html","statementMap":{"0":{"start":{"line":1,"column":0},"end":{"line":1,"column":99}}},"fnMap":{},"branchMap":{},"s":{"0":1},"f":{},"b":{},"_coverageSchema":"1a1c01bbd47fc00a2c39e90264f33305004495a9","hash":"86b94dcaa77531cb8469fd5ee490590bf1ac6a90"}
,"/home/manu/Documents/Lead Developer Java Angular/projet4/projet4-fullstack/front/src/app/pages/not-found/not-found.component.ts": {"path":"/home/manu/Documents/Lead Developer Java Angular/projet4/projet4-fullstack/front/src/app/pages/not-found/not-found.component.ts","statementMap":{"0":{"start":{"line":1,"column":0},"end":{"line":1,"column":42}},"1":{"start":{"line":8,"column":7},"end":{"line":9,"column":null}},"2":{"start":{"line":8,"column":13},"end":{"line":8,"column":30}},"3":{"start":{"line":8,"column":13},"end":{"line":9,"column":null}}},"fnMap":{},"branchMap":{},"s":{"0":1,"1":1,"2":1,"3":1},"f":{},"b":{}}
,"/home/manu/Documents/Lead Developer Java Angular/projet4/projet4-fullstack/front/src/app/pages/register/register.component.html": {"path":"/home/manu/Documents/Lead Developer Java Angular/projet4/projet4-fullstack/front/src/app/pages/register/register.component.html","statementMap":{"0":{"start":{"line":1,"column":0},"end":{"line":1,"column":1353}}},"fnMap":{},"branchMap":{},"s":{"0":1},"f":{},"b":{},"_coverageSchema":"1a1c01bbd47fc00a2c39e90264f33305004495a9","hash":"f2ab75e0bfb4552660d96eef76f8bb91c0174a8b"}
,"/home/manu/Documents/Lead Developer Java Angular/projet4/projet4-fullstack/front/src/app/pages/register/register.component.ts": {"path":"/home/manu/Documents/Lead Developer Java Angular/projet4/projet4-fullstack/front/src/app/pages/register/register.component.ts","statementMap":{"0":{"start":{"line":1,"column":0},"end":{"line":1,"column":62}},"1":{"start":{"line":2,"column":0},"end":{"line":2,"column":57}},"2":{"start":{"line":3,"column":0},"end":{"line":3,"column":41}},"3":{"start":{"line":4,"column":0},"end":{"line":4,"column":62}},"4":{"start":{"line":6,"column":0},"end":{"line":6,"column":62}},"5":{"start":{"line":7,"column":0},"end":{"line":7,"column":47}},"6":{"start":{"line":8,"column":0},"end":{"line":8,"column":64}},"7":{"start":{"line":16,"column":7},"end":{"line":71,"column":null}},"8":{"start":{"line":17,"column":10},"end":{"line":17,"column":44}},"9":{"start":{"line":18,"column":10},"end":{"line":18,"column":35}},"10":{"start":{"line":19,"column":10},"end":{"line":19,"column":34}},"11":{"start":{"line":20,"column":19},"end":{"line":20,"column":51}},"12":{"start":{"line":21,"column":9},"end":{"line":21,"column":25}},"13":{"start":{"line":23,"column":9},"end":{"line":55,"column":5}},"14":{"start":{"line":59,"column":28},"end":{"line":59,"column":62}},"15":{"start":{"line":60,"column":4},"end":{"line":68,"column":8}},"16":{"start":{"line":65,"column":20},"end":{"line":65,"column":57}},"17":{"start":{"line":66,"column":21},"end":{"line":66,"column":40}},"18":{"start":{"line":16,"column":13},"end":{"line":16,"column":30}},"19":{"start":{"line":16,"column":13},"end":{"line":71,"column":null}}},"fnMap":{"0":{"name":"(anonymous_0)","decl":{"start":{"line":16,"column":7},"end":{"line":16,"column":13}},"loc":{"start":{"line":16,"column":7},"end":{"line":71,"column":1}}},"1":{"name":"(anonymous_1)","decl":{"start":{"line":58,"column":9},"end":{"line":58,"column":15}},"loc":{"start":{"line":58,"column":15},"end":{"line":69,"column":3}}},"2":{"name":"(anonymous_2)","decl":{"start":{"line":65,"column":14},"end":{"line":65,"column":17}},"loc":{"start":{"line":65,"column":20},"end":{"line":65,"column":57}}},"3":{"name":"(anonymous_3)","decl":{"start":{"line":66,"column":15},"end":{"line":66,"column":18}},"loc":{"start":{"line":66,"column":21},"end":{"line":66,"column":40}}}},"branchMap":{},"s":{"0":1,"1":1,"2":1,"3":1,"4":1,"5":1,"6":1,"7":1,"8":1,"9":1,"10":1,"11":1,"12":1,"13":1,"14":0,"15":0,"16":0,"17":0,"18":1,"19":1},"f":{"0":1,"1":0,"2":0,"3":0},"b":{}}
,"/home/manu/Documents/Lead Developer Java Angular/projet4/projet4-fullstack/front/src/app/pages/sessions/components/detail/detail.component.html": {"path":"/home/manu/Documents/Lead Developer Java Angular/projet4/projet4-fullstack/front/src/app/pages/sessions/components/detail/detail.component.html","statementMap":{"0":{"start":{"line":1,"column":0},"end":{"line":1,"column":2770}}},"fnMap":{},"branchMap":{},"s":{"0":1},"f":{},"b":{},"_coverageSchema":"1a1c01bbd47fc00a2c39e90264f33305004495a9","hash":"e5ca9b8fe86ec0dae525c91b450e11811a971c1f"}
,"/home/manu/Documents/Lead Developer Java Angular/projet4/projet4-fullstack/front/src/app/pages/sessions/components/detail/detail.component.ts": {"path":"/home/manu/Documents/Lead Developer Java Angular/projet4/projet4-fullstack/front/src/app/pages/sessions/components/detail/detail.component.ts","statementMap":{"0":{"start":{"line":1,"column":0},"end":{"line":1,"column":70}},"1":{"start":{"line":2,"column":0},"end":{"line":2,"column":58}},"2":{"start":{"line":3,"column":0},"end":{"line":3,"column":57}},"3":{"start":{"line":5,"column":0},"end":{"line":5,"column":74}},"4":{"start":{"line":6,"column":0},"end":{"line":6,"column":74}},"5":{"start":{"line":8,"column":0},"end":{"line":8,"column":81}},"6":{"start":{"line":9,"column":0},"end":{"line":9,"column":68}},"7":{"start":{"line":10,"column":0},"end":{"line":10,"column":47}},"8":{"start":{"line":11,"column":0},"end":{"line":11,"column":64}},"9":{"start":{"line":22,"column":9},"end":{"line":22,"column":31}},"10":{"start":{"line":23,"column":9},"end":{"line":23,"column":25}},"11":{"start":{"line":27,"column":10},"end":{"line":27,"column":41}},"12":{"start":{"line":28,"column":10},"end":{"line":28,"column":50}},"13":{"start":{"line":29,"column":10},"end":{"line":29,"column":56}},"14":{"start":{"line":30,"column":10},"end":{"line":30,"column":50}},"15":{"start":{"line":31,"column":10},"end":{"line":31,"column":44}},"16":{"start":{"line":32,"column":10},"end":{"line":32,"column":34}},"17":{"start":{"line":33,"column":19},"end":{"line":33,"column":51}},"18":{"start":{"line":36,"column":4},"end":{"line":36,"column":61}},"19":{"start":{"line":37,"column":4},"end":{"line":37,"column":65}},"20":{"start":{"line":38,"column":4},"end":{"line":38,"column":72}},"21":{"start":{"line":42,"column":4},"end":{"line":42,"column":24}},"22":{"start":{"line":46,"column":4},"end":{"line":46,"column":26}},"23":{"start":{"line":50,"column":4},"end":{"line":59,"column":8}},"24":{"start":{"line":56,"column":10},"end":{"line":56,"column":82}},"25":{"start":{"line":57,"column":10},"end":{"line":57,"column":50}},"26":{"start":{"line":63,"column":4},"end":{"line":67,"column":44}},"27":{"start":{"line":67,"column":23},"end":{"line":67,"column":42}},"28":{"start":{"line":71,"column":4},"end":{"line":75,"column":44}},"29":{"start":{"line":75,"column":23},"end":{"line":75,"column":42}},"30":{"start":{"line":79,"column":4},"end":{"line":93,"column":9}},"31":{"start":{"line":85,"column":8},"end":{"line":85,"column":31}},"32":{"start":{"line":86,"column":8},"end":{"line":86,"column":103}},"33":{"start":{"line":86,"column":53},"end":{"line":86,"column":101}},"34":{"start":{"line":87,"column":8},"end":{"line":92,"column":67}},"35":{"start":{"line":92,"column":43},"end":{"line":92,"column":65}},"36":{"start":{"line":19,"column":13},"end":{"line":19,"column":28}},"37":{"start":{"line":19,"column":13},"end":{"line":96,"column":null}}},"fnMap":{"0":{"name":"(anonymous_0)","decl":{"start":{"line":35,"column":2},"end":{"line":35,"column":null}},"loc":{"start":{"line":35,"column":2},"end":{"line":39,"column":3}}},"1":{"name":"(anonymous_1)","decl":{"start":{"line":41,"column":2},"end":{"line":41,"column":10}},"loc":{"start":{"line":41,"column":10},"end":{"line":43,"column":3}}},"2":{"name":"(anonymous_2)","decl":{"start":{"line":45,"column":9},"end":{"line":45,"column":13}},"loc":{"start":{"line":45,"column":13},"end":{"line":47,"column":3}}},"3":{"name":"(anonymous_3)","decl":{"start":{"line":49,"column":9},"end":{"line":49,"column":15}},"loc":{"start":{"line":49,"column":15},"end":{"line":60,"column":3}}},"4":{"name":"(anonymous_4)","decl":{"start":{"line":55,"column":17},"end":{"line":55,"column":20}},"loc":{"start":{"line":55,"column":22},"end":{"line":58,"column":9}}},"5":{"name":"(anonymous_5)","decl":{"start":{"line":62,"column":9},"end":{"line":62,"column":20}},"loc":{"start":{"line":62,"column":20},"end":{"line":68,"column":3}}},"6":{"name":"(anonymous_6)","decl":{"start":{"line":67,"column":17},"end":{"line":67,"column":20}},"loc":{"start":{"line":67,"column":23},"end":{"line":67,"column":42}}},"7":{"name":"(anonymous_7)","decl":{"start":{"line":70,"column":9},"end":{"line":70,"column":22}},"loc":{"start":{"line":70,"column":22},"end":{"line":76,"column":3}}},"8":{"name":"(anonymous_8)","decl":{"start":{"line":75,"column":17},"end":{"line":75,"column":20}},"loc":{"start":{"line":75,"column":23},"end":{"line":75,"column":42}}},"9":{"name":"(anonymous_9)","decl":{"start":{"line":78,"column":10},"end":{"line":78,"column":22}},"loc":{"start":{"line":78,"column":22},"end":{"line":94,"column":3}}},"10":{"name":"(anonymous_10)","decl":{"start":{"line":84,"column":17},"end":{"line":84,"column":18}},"loc":{"start":{"line":84,"column":38},"end":{"line":93,"column":7}}},"11":{"name":"(anonymous_11)","decl":{"start":{"line":86,"column":48},"end":{"line":86,"column":49}},"loc":{"start":{"line":86,"column":53},"end":{"line":86,"column":101}}},"12":{"name":"(anonymous_12)","decl":{"start":{"line":92,"column":21},"end":{"line":92,"column":22}},"loc":{"start":{"line":92,"column":43},"end":{"line":92,"column":65}}}},"branchMap":{},"s":{"0":1,"1":1,"2":1,"3":1,"4":1,"5":1,"6":1,"7":1,"8":1,"9":1,"10":1,"11":1,"12":1,"13":1,"14":1,"15":1,"16":1,"17":1,"18":1,"19":1,"20":1,"21":1,"22":0,"23":0,"24":0,"25":0,"26":0,"27":0,"28":0,"29":0,"30":1,"31":0,"32":0,"33":0,"34":0,"35":0,"36":1,"37":1},"f":{"0":1,"1":1,"2":0,"3":0,"4":0,"5":0,"6":0,"7":0,"8":0,"9":1,"10":0,"11":0,"12":0},"b":{}}
,"/home/manu/Documents/Lead Developer Java Angular/projet4/projet4-fullstack/front/src/app/pages/sessions/components/form/form.component.html": {"path":"/home/manu/Documents/Lead Developer Java Angular/projet4/projet4-fullstack/front/src/app/pages/sessions/components/form/form.component.html","statementMap":{"0":{"start":{"line":1,"column":0},"end":{"line":1,"column":1891}}},"fnMap":{},"branchMap":{},"s":{"0":1},"f":{},"b":{},"_coverageSchema":"1a1c01bbd47fc00a2c39e90264f33305004495a9","hash":"6410ffc292d0bf9edef11b3903c306b9416ab439"}
,"/home/manu/Documents/Lead Developer Java Angular/projet4/projet4-fullstack/front/src/app/pages/sessions/components/form/form.component.ts": {"path":"/home/manu/Documents/Lead Developer Java Angular/projet4/projet4-fullstack/front/src/app/pages/sessions/components/form/form.component.ts","statementMap":{"0":{"start":{"line":1,"column":0},"end":{"line":1,"column":70}},"1":{"start":{"line":2,"column":0},"end":{"line":2,"column":68}},"2":{"start":{"line":3,"column":0},"end":{"line":3,"column":58}},"3":{"start":{"line":4,"column":0},"end":{"line":4,"column":57}},"4":{"start":{"line":5,"column":0},"end":{"line":5,"column":74}},"5":{"start":{"line":6,"column":0},"end":{"line":6,"column":74}},"6":{"start":{"line":8,"column":0},"end":{"line":8,"column":81}},"7":{"start":{"line":9,"column":0},"end":{"line":9,"column":68}},"8":{"start":{"line":10,"column":0},"end":{"line":10,"column":47}},"9":{"start":{"line":11,"column":0},"end":{"line":11,"column":64}},"10":{"start":{"line":19,"column":7},"end":{"line":102,"column":null}},"11":{"start":{"line":20,"column":10},"end":{"line":20,"column":41}},"12":{"start":{"line":21,"column":10},"end":{"line":21,"column":35}},"13":{"start":{"line":22,"column":10},"end":{"line":22,"column":44}},"14":{"start":{"line":23,"column":10},"end":{"line":23,"column":56}},"15":{"start":{"line":24,"column":10},"end":{"line":24,"column":50}},"16":{"start":{"line":25,"column":10},"end":{"line":25,"column":50}},"17":{"start":{"line":26,"column":10},"end":{"line":26,"column":34}},"18":{"start":{"line":27,"column":19},"end":{"line":27,"column":51}},"19":{"start":{"line":30,"column":9},"end":{"line":30,"column":35}},"20":{"start":{"line":32,"column":9},"end":{"line":32,"column":47}},"21":{"start":{"line":36,"column":4},"end":{"line":38,"column":5}},"22":{"start":{"line":37,"column":6},"end":{"line":37,"column":47}},"23":{"start":{"line":39,"column":16},"end":{"line":39,"column":31}},"24":{"start":{"line":40,"column":4},"end":{"line":51,"column":5}},"25":{"start":{"line":41,"column":6},"end":{"line":41,"column":27}},"26":{"start":{"line":42,"column":6},"end":{"line":42,"column":56}},"27":{"start":{"line":43,"column":6},"end":{"line":48,"column":65}},"28":{"start":{"line":48,"column":41},"end":{"line":48,"column":63}},"29":{"start":{"line":50,"column":6},"end":{"line":50,"column":22}},"30":{"start":{"line":55,"column":20},"end":{"line":55,"column":54}},"31":{"start":{"line":57,"column":4},"end":{"line":71,"column":5}},"32":{"start":{"line":58,"column":6},"end":{"line":63,"column":61}},"33":{"start":{"line":63,"column":25},"end":{"line":63,"column":59}},"34":{"start":{"line":65,"column":6},"end":{"line":70,"column":61}},"35":{"start":{"line":70,"column":25},"end":{"line":70,"column":59}},"36":{"start":{"line":75,"column":4},"end":{"line":95,"column":7}},"37":{"start":{"line":99,"column":4},"end":{"line":99,"column":64}},"38":{"start":{"line":100,"column":4},"end":{"line":100,"column":44}},"39":{"start":{"line":19,"column":13},"end":{"line":19,"column":26}},"40":{"start":{"line":19,"column":13},"end":{"line":102,"column":null}}},"fnMap":{"0":{"name":"(anonymous_0)","decl":{"start":{"line":19,"column":7},"end":{"line":19,"column":13}},"loc":{"start":{"line":19,"column":7},"end":{"line":102,"column":1}}},"1":{"name":"(anonymous_1)","decl":{"start":{"line":35,"column":2},"end":{"line":35,"column":10}},"loc":{"start":{"line":35,"column":10},"end":{"line":52,"column":3}}},"2":{"name":"(anonymous_2)","decl":{"start":{"line":48,"column":19},"end":{"line":48,"column":20}},"loc":{"start":{"line":48,"column":41},"end":{"line":48,"column":63}}},"3":{"name":"(anonymous_3)","decl":{"start":{"line":54,"column":9},"end":{"line":54,"column":15}},"loc":{"start":{"line":54,"column":15},"end":{"line":72,"column":3}}},"4":{"name":"(anonymous_4)","decl":{"start":{"line":63,"column":19},"end":{"line":63,"column":22}},"loc":{"start":{"line":63,"column":25},"end":{"line":63,"column":59}}},"5":{"name":"(anonymous_5)","decl":{"start":{"line":70,"column":19},"end":{"line":70,"column":22}},"loc":{"start":{"line":70,"column":25},"end":{"line":70,"column":59}}},"6":{"name":"(anonymous_6)","decl":{"start":{"line":74,"column":10},"end":{"line":74,"column":18}},"loc":{"start":{"line":74,"column":36},"end":{"line":96,"column":3}}},"7":{"name":"(anonymous_7)","decl":{"start":{"line":98,"column":10},"end":{"line":98,"column":18}},"loc":{"start":{"line":98,"column":34},"end":{"line":101,"column":3}}}},"branchMap":{"0":{"loc":{"start":{"line":36,"column":4},"end":{"line":38,"column":5}},"type":"if","locations":[{"start":{"line":36,"column":4},"end":{"line":38,"column":5}}]},"1":{"loc":{"start":{"line":40,"column":4},"end":{"line":51,"column":5}},"type":"if","locations":[{"start":{"line":40,"column":4},"end":{"line":51,"column":5}},{"start":{"line":49,"column":11},"end":{"line":51,"column":5}}]},"2":{"loc":{"start":{"line":57,"column":4},"end":{"line":71,"column":5}},"type":"if","locations":[{"start":{"line":57,"column":4},"end":{"line":71,"column":5}},{"start":{"line":64,"column":11},"end":{"line":71,"column":5}}]},"3":{"loc":{"start":{"line":77,"column":8},"end":{"line":77,"column":35}},"type":"cond-expr","locations":[{"start":{"line":77,"column":18},"end":{"line":77,"column":30}},{"start":{"line":77,"column":33},"end":{"line":77,"column":35}}]},"4":{"loc":{"start":{"line":81,"column":8},"end":{"line":81,"column":73}},"type":"cond-expr","locations":[{"start":{"line":81,"column":18},"end":{"line":81,"column":68}},{"start":{"line":81,"column":71},"end":{"line":81,"column":73}}]},"5":{"loc":{"start":{"line":85,"column":8},"end":{"line":85,"column":41}},"type":"cond-expr","locations":[{"start":{"line":85,"column":18},"end":{"line":85,"column":36}},{"start":{"line":85,"column":39},"end":{"line":85,"column":41}}]},"6":{"loc":{"start":{"line":89,"column":8},"end":{"line":89,"column":42}},"type":"cond-expr","locations":[{"start":{"line":89,"column":18},"end":{"line":89,"column":37}},{"start":{"line":89,"column":40},"end":{"line":89,"column":42}}]}},"s":{"0":1,"1":1,"2":1,"3":1,"4":1,"5":1,"6":1,"7":1,"8":1,"9":1,"10":1,"11":1,"12":1,"13":1,"14":1,"15":1,"16":1,"17":1,"18":1,"19":1,"20":1,"21":1,"22":0,"23":1,"24":1,"25":0,"26":0,"27":0,"28":0,"29":1,"30":0,"31":0,"32":0,"33":0,"34":0,"35":0,"36":1,"37":0,"38":0,"39":1,"40":1},"f":{"0":1,"1":1,"2":0,"3":0,"4":0,"5":0,"6":1,"7":0},"b":{"0":[0],"1":[0,1],"2":[0,0],"3":[0,1],"4":[0,1],"5":[0,1],"6":[0,1]}}
,"/home/manu/Documents/Lead Developer Java Angular/projet4/projet4-fullstack/front/src/app/pages/sessions/components/list/list.component.html": {"path":"/home/manu/Documents/Lead Developer Java Angular/projet4/projet4-fullstack/front/src/app/pages/sessions/components/list/list.component.html","statementMap":{"0":{"start":{"line":1,"column":0},"end":{"line":1,"column":1760}}},"fnMap":{},"branchMap":{},"s":{"0":1},"f":{},"b":{},"_coverageSchema":"1a1c01bbd47fc00a2c39e90264f33305004495a9","hash":"9d195082902761d8d347fc0f8a9bb5636464af98"}
,"/home/manu/Documents/Lead Developer Java Angular/projet4/projet4-fullstack/front/src/app/pages/sessions/components/list/list.component.ts": {"path":"/home/manu/Documents/Lead Developer Java Angular/projet4/projet4-fullstack/front/src/app/pages/sessions/components/list/list.component.ts","statementMap":{"0":{"start":{"line":1,"column":0},"end":{"line":1,"column":50}},"1":{"start":{"line":4,"column":0},"end":{"line":4,"column":74}},"2":{"start":{"line":6,"column":0},"end":{"line":6,"column":81}},"3":{"start":{"line":7,"column":0},"end":{"line":7,"column":68}},"4":{"start":{"line":8,"column":0},"end":{"line":8,"column":47}},"5":{"start":{"line":9,"column":0},"end":{"line":9,"column":47}},"6":{"start":{"line":17,"column":7},"end":{"line":26,"column":null}},"7":{"start":{"line":18,"column":10},"end":{"line":18,"column":56}},"8":{"start":{"line":19,"column":10},"end":{"line":19,"column":50}},"9":{"start":{"line":21,"column":9},"end":{"line":21,"column":73}},"10":{"start":{"line":24,"column":4},"end":{"line":24,"column":50}},"11":{"start":{"line":17,"column":13},"end":{"line":17,"column":26}},"12":{"start":{"line":17,"column":13},"end":{"line":26,"column":null}}},"fnMap":{"0":{"name":"(anonymous_0)","decl":{"start":{"line":17,"column":7},"end":{"line":17,"column":13}},"loc":{"start":{"line":17,"column":7},"end":{"line":26,"column":1}}},"1":{"name":"(anonymous_1)","decl":{"start":{"line":23,"column":2},"end":{"line":23,"column":6}},"loc":{"start":{"line":23,"column":10},"end":{"line":25,"column":3}}}},"branchMap":{},"s":{"0":1,"1":1,"2":1,"3":1,"4":1,"5":1,"6":1,"7":1,"8":1,"9":1,"10":2,"11":1,"12":1},"f":{"0":1,"1":2},"b":{}}
,"/home/manu/Documents/Lead Developer Java Angular/projet4/projet4-fullstack/front/src/app/shared/material.module.ts": {"path":"/home/manu/Documents/Lead Developer Java Angular/projet4/projet4-fullstack/front/src/app/shared/material.module.ts","statementMap":{"0":{"start":{"line":1,"column":0},"end":{"line":1,"column":41}},"1":{"start":{"line":2,"column":0},"end":{"line":2,"column":53}},"2":{"start":{"line":3,"column":0},"end":{"line":3,"column":50}},"3":{"start":{"line":4,"column":0},"end":{"line":4,"column":51}},"4":{"start":{"line":5,"column":0},"end":{"line":5,"column":71}},"5":{"start":{"line":6,"column":0},"end":{"line":6,"column":59}},"6":{"start":{"line":7,"column":0},"end":{"line":7,"column":72}},"7":{"start":{"line":8,"column":0},"end":{"line":8,"column":55}},"8":{"start":{"line":9,"column":0},"end":{"line":9,"column":63}},"9":{"start":{"line":10,"column":0},"end":{"line":10,"column":57}},"10":{"start":{"line":11,"column":0},"end":{"line":11,"column":57}},"11":{"start":{"line":12,"column":0},"end":{"line":12,"column":61}},"12":{"start":{"line":13,"column":0},"end":{"line":13,"column":65}},"13":{"start":{"line":14,"column":0},"end":{"line":14,"column":66}},"14":{"start":{"line":15,"column":0},"end":{"line":15,"column":55}},"15":{"start":{"line":16,"column":0},"end":{"line":16,"column":57}},"16":{"start":{"line":17,"column":0},"end":{"line":17,"column":55}},"17":{"start":{"line":18,"column":0},"end":{"line":18,"column":55}},"18":{"start":{"line":19,"column":0},"end":{"line":19,"column":65}},"19":{"start":{"line":20,"column":0},"end":{"line":20,"column":78}},"20":{"start":{"line":21,"column":0},"end":{"line":21,"column":59}},"21":{"start":{"line":22,"column":0},"end":{"line":22,"column":61}},"22":{"start":{"line":23,"column":0},"end":{"line":23,"column":64}},"23":{"start":{"line":24,"column":0},"end":{"line":24,"column":55}},"24":{"start":{"line":25,"column":0},"end":{"line":25,"column":57}},"25":{"start":{"line":26,"column":0},"end":{"line":26,"column":55}},"26":{"start":{"line":27,"column":0},"end":{"line":27,"column":61}},"27":{"start":{"line":28,"column":0},"end":{"line":28,"column":55}},"28":{"start":{"line":29,"column":0},"end":{"line":29,"column":53}},"29":{"start":{"line":32,"column":24},"end":{"line":61,"column":2}},"30":{"start":{"line":71,"column":7},"end":{"line":71,"column":null}},"31":{"start":{"line":71,"column":13},"end":{"line":71,"column":27}},"32":{"start":{"line":71,"column":13},"end":{"line":71,"column":null}}},"fnMap":{},"branchMap":{},"s":{"0":7,"1":7,"2":7,"3":7,"4":7,"5":7,"6":7,"7":7,"8":7,"9":7,"10":7,"11":7,"12":7,"13":7,"14":7,"15":7,"16":7,"17":7,"18":7,"19":7,"20":7,"21":7,"22":7,"23":7,"24":7,"25":7,"26":7,"27":7,"28":7,"29":7,"30":7,"31":7,"32":7},"f":{},"b":{}}
}
