{"total": {"lines":{"total":348,"covered":105,"skipped":0,"pct":30.17},"statements":{"total":505,"covered":156,"skipped":0,"pct":30.89},"functions":{"total":88,"covered":37,"skipped":0,"pct":42.04},"branches":{"total":82,"covered":30,"skipped":0,"pct":36.58},"branchesTrue":{"total":0,"covered":0,"skipped":0,"pct":100}}
,"C:\\Users\\ehersy\\Documents\\projets\\OC\\projet4\\projet4-fullstack\\front\\src\\main.ts": {"lines":{"total":2,"covered":1,"skipped":0,"pct":50},"functions":{"total":1,"covered":0,"skipped":0,"pct":0},"statements":{"total":2,"covered":1,"skipped":0,"pct":50},"branches":{"total":0,"covered":0,"skipped":0,"pct":100}}
,"C:\\Users\\ehersy\\Documents\\projets\\OC\\projet4\\projet4-fullstack\\front\\src\\app\\app.component.html": {"lines":{"total":13,"covered":13,"skipped":0,"pct":100},"functions":{"total":1,"covered":1,"skipped":0,"pct":100},"statements":{"total":29,"covered":29,"skipped":0,"pct":100},"branches":{"total":2,"covered":2,"skipped":0,"pct":100}}
,"C:\\Users\\ehersy\\Documents\\projets\\OC\\projet4\\projet4-fullstack\\front\\src\\app\\app.component.ts": {"lines":{"total":6,"covered":6,"skipped":0,"pct":100},"functions":{"total":3,"covered":3,"skipped":0,"pct":100},"statements":{"total":7,"covered":7,"skipped":0,"pct":100},"branches":{"total":2,"covered":2,"skipped":0,"pct":100}}
,"C:\\Users\\ehersy\\Documents\\projets\\OC\\projet4\\projet4-fullstack\\front\\src\\app\\app.config.ts": {"lines":{"total":1,"covered":1,"skipped":0,"pct":100},"functions":{"total":0,"covered":0,"skipped":0,"pct":100},"statements":{"total":1,"covered":1,"skipped":0,"pct":100},"branches":{"total":0,"covered":0,"skipped":0,"pct":100}}
,"C:\\Users\\ehersy\\Documents\\projets\\OC\\projet4\\projet4-fullstack\\front\\src\\app\\app.routes.ts": {"lines":{"total":1,"covered":1,"skipped":0,"pct":100},"functions":{"total":0,"covered":0,"skipped":0,"pct":100},"statements":{"total":1,"covered":1,"skipped":0,"pct":100},"branches":{"total":0,"covered":0,"skipped":0,"pct":100}}
,"C:\\Users\\ehersy\\Documents\\projets\\OC\\projet4\\projet4-fullstack\\front\\src\\app\\components\\me\\me.component.html": {"lines":{"total":21,"covered":0,"skipped":0,"pct":0},"functions":{"total":2,"covered":0,"skipped":0,"pct":0},"statements":{"total":47,"covered":0,"skipped":0,"pct":0},"branches":{"total":4,"covered":0,"skipped":0,"pct":0}}
,"C:\\Users\\ehersy\\Documents\\projets\\OC\\projet4\\projet4-fullstack\\front\\src\\app\\components\\me\\me.component.ts": {"lines":{"total":13,"covered":1,"skipped":0,"pct":7.69},"functions":{"total":6,"covered":1,"skipped":0,"pct":16.66},"statements":{"total":14,"covered":2,"skipped":0,"pct":14.28},"branches":{"total":2,"covered":0,"skipped":0,"pct":0}}
,"C:\\Users\\ehersy\\Documents\\projets\\OC\\projet4\\projet4-fullstack\\front\\src\\app\\core\\service\\auth.service.ts": {"lines":{"total":5,"covered":4,"skipped":0,"pct":80},"functions":{"total":4,"covered":3,"skipped":0,"pct":75},"statements":{"total":6,"covered":5,"skipped":0,"pct":83.33},"branches":{"total":2,"covered":2,"skipped":0,"pct":100}}
,"C:\\Users\\ehersy\\Documents\\projets\\OC\\projet4\\projet4-fullstack\\front\\src\\app\\core\\service\\session-api.service.ts": {"lines":{"total":10,"covered":4,"skipped":0,"pct":40},"functions":{"total":9,"covered":3,"skipped":0,"pct":33.33},"statements":{"total":11,"covered":5,"skipped":0,"pct":45.45},"branches":{"total":2,"covered":2,"skipped":0,"pct":100}}
,"C:\\Users\\ehersy\\Documents\\projets\\OC\\projet4\\projet4-fullstack\\front\\src\\app\\core\\service\\session.service.ts": {"lines":{"total":11,"covered":11,"skipped":0,"pct":100},"functions":{"total":5,"covered":5,"skipped":0,"pct":100},"statements":{"total":12,"covered":12,"skipped":0,"pct":100},"branches":{"total":2,"covered":2,"skipped":0,"pct":100}}
,"C:\\Users\\ehersy\\Documents\\projets\\OC\\projet4\\projet4-fullstack\\front\\src\\app\\core\\service\\teacher.service.ts": {"lines":{"total":5,"covered":1,"skipped":0,"pct":20},"functions":{"total":4,"covered":1,"skipped":0,"pct":25},"statements":{"total":6,"covered":2,"skipped":0,"pct":33.33},"branches":{"total":2,"covered":0,"skipped":0,"pct":0}}
,"C:\\Users\\ehersy\\Documents\\projets\\OC\\projet4\\projet4-fullstack\\front\\src\\app\\core\\service\\user.service.ts": {"lines":{"total":5,"covered":1,"skipped":0,"pct":20},"functions":{"total":4,"covered":1,"skipped":0,"pct":25},"statements":{"total":6,"covered":2,"skipped":0,"pct":33.33},"branches":{"total":2,"covered":0,"skipped":0,"pct":0}}
,"C:\\Users\\ehersy\\Documents\\projets\\OC\\projet4\\projet4-fullstack\\front\\src\\app\\guards\\auth.guard.ts": {"lines":{"total":7,"covered":5,"skipped":0,"pct":71.42},"functions":{"total":3,"covered":3,"skipped":0,"pct":100},"statements":{"total":8,"covered":6,"skipped":0,"pct":75},"branches":{"total":4,"covered":3,"skipped":0,"pct":75}}
,"C:\\Users\\ehersy\\Documents\\projets\\OC\\projet4\\projet4-fullstack\\front\\src\\app\\guards\\unauth.guard.ts": {"lines":{"total":7,"covered":5,"skipped":0,"pct":71.42},"functions":{"total":3,"covered":3,"skipped":0,"pct":100},"statements":{"total":8,"covered":6,"skipped":0,"pct":75},"branches":{"total":4,"covered":3,"skipped":0,"pct":75}}
,"C:\\Users\\ehersy\\Documents\\projets\\OC\\projet4\\projet4-fullstack\\front\\src\\app\\interceptors\\customJwtInterceptorFn.ts": {"lines":{"total":4,"covered":4,"skipped":0,"pct":100},"functions":{"total":1,"covered":1,"skipped":0,"pct":100},"statements":{"total":4,"covered":4,"skipped":0,"pct":100},"branches":{"total":2,"covered":2,"skipped":0,"pct":100}}
,"C:\\Users\\ehersy\\Documents\\projets\\OC\\projet4\\projet4-fullstack\\front\\src\\app\\pages\\login\\login.component.html": {"lines":{"total":15,"covered":14,"skipped":0,"pct":93.33},"functions":{"total":2,"covered":2,"skipped":0,"pct":100},"statements":{"total":30,"covered":27,"skipped":0,"pct":90},"branches":{"total":6,"covered":5,"skipped":0,"pct":83.33}}
,"C:\\Users\\ehersy\\Documents\\projets\\OC\\projet4\\projet4-fullstack\\front\\src\\app\\pages\\login\\login.component.ts": {"lines":{"total":14,"covered":13,"skipped":0,"pct":92.85},"functions":{"total":4,"covered":3,"skipped":0,"pct":75},"statements":{"total":15,"covered":14,"skipped":0,"pct":93.33},"branches":{"total":2,"covered":2,"skipped":0,"pct":100}}
,"C:\\Users\\ehersy\\Documents\\projets\\OC\\projet4\\projet4-fullstack\\front\\src\\app\\pages\\not-found\\not-found.component.html": {"lines":{"total":2,"covered":0,"skipped":0,"pct":0},"functions":{"total":0,"covered":0,"skipped":0,"pct":100},"statements":{"total":3,"covered":0,"skipped":0,"pct":0},"branches":{"total":0,"covered":0,"skipped":0,"pct":100}}
,"C:\\Users\\ehersy\\Documents\\projets\\OC\\projet4\\projet4-fullstack\\front\\src\\app\\pages\\not-found\\not-found.component.ts": {"lines":{"total":1,"covered":1,"skipped":0,"pct":100},"functions":{"total":1,"covered":1,"skipped":0,"pct":100},"statements":{"total":2,"covered":2,"skipped":0,"pct":100},"branches":{"total":2,"covered":0,"skipped":0,"pct":0}}
,"C:\\Users\\ehersy\\Documents\\projets\\OC\\projet4\\projet4-fullstack\\front\\src\\app\\pages\\register\\register.component.html": {"lines":{"total":19,"covered":0,"skipped":0,"pct":0},"functions":{"total":1,"covered":0,"skipped":0,"pct":0},"statements":{"total":29,"covered":0,"skipped":0,"pct":0},"branches":{"total":2,"covered":0,"skipped":0,"pct":0}}
,"C:\\Users\\ehersy\\Documents\\projets\\OC\\projet4\\projet4-fullstack\\front\\src\\app\\pages\\register\\register.component.ts": {"lines":{"total":11,"covered":1,"skipped":0,"pct":9.09},"functions":{"total":4,"covered":1,"skipped":0,"pct":25},"statements":{"total":12,"covered":2,"skipped":0,"pct":16.66},"branches":{"total":2,"covered":0,"skipped":0,"pct":0}}
,"C:\\Users\\ehersy\\Documents\\projets\\OC\\projet4\\projet4-fullstack\\front\\src\\app\\pages\\sessions\\components\\detail\\detail.component.html": {"lines":{"total":54,"covered":0,"skipped":0,"pct":0},"functions":{"total":4,"covered":0,"skipped":0,"pct":0},"statements":{"total":91,"covered":0,"skipped":0,"pct":0},"branches":{"total":8,"covered":0,"skipped":0,"pct":0}}
,"C:\\Users\\ehersy\\Documents\\projets\\OC\\projet4\\projet4-fullstack\\front\\src\\app\\pages\\sessions\\components\\detail\\detail.component.ts": {"lines":{"total":27,"covered":1,"skipped":0,"pct":3.7},"functions":{"total":14,"covered":1,"skipped":0,"pct":7.14},"statements":{"total":29,"covered":2,"skipped":0,"pct":6.89},"branches":{"total":2,"covered":0,"skipped":0,"pct":0}}
,"C:\\Users\\ehersy\\Documents\\projets\\OC\\projet4\\projet4-fullstack\\front\\src\\app\\pages\\sessions\\components\\form\\form.component.html": {"lines":{"total":29,"covered":0,"skipped":0,"pct":0},"functions":{"total":1,"covered":0,"skipped":0,"pct":0},"statements":{"total":49,"covered":0,"skipped":0,"pct":0},"branches":{"total":4,"covered":0,"skipped":0,"pct":0}}
,"C:\\Users\\ehersy\\Documents\\projets\\OC\\projet4\\projet4-fullstack\\front\\src\\app\\pages\\sessions\\components\\form\\form.component.ts": {"lines":{"total":29,"covered":1,"skipped":0,"pct":3.44},"functions":{"total":8,"covered":1,"skipped":0,"pct":12.5},"statements":{"total":30,"covered":2,"skipped":0,"pct":6.66},"branches":{"total":16,"covered":0,"skipped":0,"pct":0}}
,"C:\\Users\\ehersy\\Documents\\projets\\OC\\projet4\\projet4-fullstack\\front\\src\\app\\pages\\sessions\\components\\list\\list.component.html": {"lines":{"total":29,"covered":9,"skipped":0,"pct":31.03},"functions":{"total":0,"covered":0,"skipped":0,"pct":100},"statements":{"total":44,"covered":15,"skipped":0,"pct":34.09},"branches":{"total":4,"covered":1,"skipped":0,"pct":25}}
,"C:\\Users\\ehersy\\Documents\\projets\\OC\\projet4\\projet4-fullstack\\front\\src\\app\\pages\\sessions\\components\\list\\list.component.ts": {"lines":{"total":5,"covered":5,"skipped":0,"pct":100},"functions":{"total":2,"covered":2,"skipped":0,"pct":100},"statements":{"total":6,"covered":6,"skipped":0,"pct":100},"branches":{"total":2,"covered":2,"skipped":0,"pct":100}}
,"C:\\Users\\ehersy\\Documents\\projets\\OC\\projet4\\projet4-fullstack\\front\\src\\app\\shared\\material.module.ts": {"lines":{"total":2,"covered":2,"skipped":0,"pct":100},"functions":{"total":1,"covered":1,"skipped":0,"pct":100},"statements":{"total":3,"covered":3,"skipped":0,"pct":100},"branches":{"total":2,"covered":2,"skipped":0,"pct":100}}
}
