{"C:\\Users\\ehersy\\Documents\\projets\\OC\\projet4\\projet4-fullstack\\front\\src\\app\\app.component.ts": {"path":"C:\\Users\\ehersy\\Documents\\projets\\OC\\projet4\\projet4-fullstack\\front\\src\\app\\app.component.ts","statementMap":{"0":{"start":{"line":14,"column":25},"end":{"line":14,"column":null}},"1":{"start":{"line":15,"column":10},"end":{"line":15,"column":null}},"2":{"start":{"line":16,"column":10},"end":{"line":16,"column":null}},"3":{"start":{"line":19,"column":4},"end":{"line":19,"column":null}},"4":{"start":{"line":23,"column":4},"end":{"line":23,"column":null}},"5":{"start":{"line":24,"column":4},"end":{"line":24,"column":null}},"6":{"start":{"line":14,"column":13},"end":{"line":14,"column":null}}},"fnMap":{"0":{"name":"(anonymous_3)","decl":{"start":{"line":14,"column":25},"end":{"line":14,"column":null}},"loc":{"start":{"line":14,"column":25},"end":{"line":14,"column":null}}},"1":{"name":"(anonymous_5)","decl":{"start":{"line":18,"column":9},"end":{"line":18,"column":18}},"loc":{"start":{"line":18,"column":18},"end":{"line":20,"column":null}}},"2":{"name":"(anonymous_6)","decl":{"start":{"line":22,"column":9},"end":{"line":22,"column":15}},"loc":{"start":{"line":22,"column":15},"end":{"line":25,"column":null}}}},"branchMap":{"0":{"loc":{"start":{"line":14,"column":13},"end":{"line":14,"column":25}},"type":"binary-expr","locations":[{"start":{"line":14,"column":13},"end":{"line":14,"column":25}},{"start":{"line":14,"column":13},"end":{"line":14,"column":25}}]}},"s":{"0":18,"1":18,"2":18,"3":400,"4":2,"5":2,"6":36},"f":{"0":18,"1":400,"2":2},"b":{"0":[18,18]}}
,"C:\\Users\\ehersy\\Documents\\projets\\OC\\projet4\\projet4-fullstack\\front\\src\\app\\app.config.ts": {"path":"C:\\Users\\ehersy\\Documents\\projets\\OC\\projet4\\projet4-fullstack\\front\\src\\app\\app.config.ts","statementMap":{"0":{"start":{"line":7,"column":44},"end":{"line":14,"column":null}}},"fnMap":{},"branchMap":{},"s":{"0":18},"f":{},"b":{}}
,"C:\\Users\\ehersy\\Documents\\projets\\OC\\projet4\\projet4-fullstack\\front\\src\\app\\app.routes.ts": {"path":"C:\\Users\\ehersy\\Documents\\projets\\OC\\projet4\\projet4-fullstack\\front\\src\\app\\app.routes.ts","statementMap":{"0":{"start":{"line":12,"column":30},"end":{"line":61,"column":null}}},"fnMap":{},"branchMap":{},"s":{"0":18},"f":{},"b":{}}
,"C:\\Users\\ehersy\\Documents\\projets\\OC\\projet4\\projet4-fullstack\\front\\src\\app\\components\\me\\me.component.ts": {"path":"C:\\Users\\ehersy\\Documents\\projets\\OC\\projet4\\projet4-fullstack\\front\\src\\app\\components\\me\\me.component.ts","statementMap":{"0":{"start":{"line":17,"column":24},"end":{"line":17,"column":null}},"1":{"start":{"line":18,"column":10},"end":{"line":18,"column":null}},"2":{"start":{"line":19,"column":10},"end":{"line":19,"column":null}},"3":{"start":{"line":20,"column":10},"end":{"line":20,"column":null}},"4":{"start":{"line":21,"column":10},"end":{"line":21,"column":null}},"5":{"start":{"line":22,"column":19},"end":{"line":22,"column":null}},"6":{"start":{"line":26,"column":4},"end":{"line":31,"column":null}},"7":{"start":{"line":31,"column":33},"end":{"line":31,"column":49}},"8":{"start":{"line":35,"column":4},"end":{"line":35,"column":null}},"9":{"start":{"line":39,"column":4},"end":{"line":48,"column":null}},"10":{"start":{"line":45,"column":8},"end":{"line":45,"column":null}},"11":{"start":{"line":46,"column":8},"end":{"line":46,"column":null}},"12":{"start":{"line":47,"column":8},"end":{"line":47,"column":null}},"13":{"start":{"line":17,"column":13},"end":{"line":17,"column":null}}},"fnMap":{"0":{"name":"(anonymous_4)","decl":{"start":{"line":17,"column":24},"end":{"line":17,"column":null}},"loc":{"start":{"line":17,"column":24},"end":{"line":17,"column":null}}},"1":{"name":"(anonymous_6)","decl":{"start":{"line":25,"column":2},"end":{"line":25,"column":10}},"loc":{"start":{"line":25,"column":10},"end":{"line":32,"column":null}}},"2":{"name":"(anonymous_7)","decl":{"start":{"line":31,"column":18},"end":{"line":31,"column":28}},"loc":{"start":{"line":31,"column":33},"end":{"line":31,"column":49}}},"3":{"name":"(anonymous_8)","decl":{"start":{"line":34,"column":9},"end":{"line":34,"column":13}},"loc":{"start":{"line":34,"column":13},"end":{"line":36,"column":null}}},"4":{"name":"(anonymous_9)","decl":{"start":{"line":38,"column":9},"end":{"line":38,"column":15}},"loc":{"start":{"line":38,"column":15},"end":{"line":49,"column":null}}},"5":{"name":"(anonymous_10)","decl":{"start":{"line":44,"column":17},"end":{"line":44,"column":22}},"loc":{"start":{"line":44,"column":22},"end":{"line":48,"column":7}}}},"branchMap":{"0":{"loc":{"start":{"line":17,"column":13},"end":{"line":17,"column":24}},"type":"binary-expr","locations":[{"start":{"line":17,"column":13},"end":{"line":17,"column":24}},{"start":{"line":17,"column":13},"end":{"line":17,"column":24}}]}},"s":{"0":18,"1":2,"2":2,"3":2,"4":2,"5":2,"6":2,"7":2,"8":0,"9":0,"10":0,"11":0,"12":0,"13":20},"f":{"0":18,"1":2,"2":2,"3":0,"4":0,"5":0},"b":{"0":[2,2]}}
,"C:\\Users\\ehersy\\Documents\\projets\\OC\\projet4\\projet4-fullstack\\front\\src\\app\\core\\service\\auth.service.ts": {"path":"C:\\Users\\ehersy\\Documents\\projets\\OC\\projet4\\projet4-fullstack\\front\\src\\app\\core\\service\\auth.service.ts","statementMap":{"0":{"start":{"line":11,"column":24},"end":{"line":11,"column":null}},"1":{"start":{"line":15,"column":22},"end":{"line":15,"column":44}},"2":{"start":{"line":13,"column":10},"end":{"line":13,"column":null}},"3":{"start":{"line":18,"column":4},"end":{"line":18,"column":null}},"4":{"start":{"line":22,"column":4},"end":{"line":22,"column":null}},"5":{"start":{"line":11,"column":13},"end":{"line":11,"column":null}}},"fnMap":{"0":{"name":"(anonymous_0)","decl":{"start":{"line":11,"column":24},"end":{"line":11,"column":null}},"loc":{"start":{"line":11,"column":24},"end":{"line":11,"column":null}}},"1":{"name":"(anonymous_1)","decl":{"start":{"line":15,"column":2},"end":{"line":15,"column":22}},"loc":{"start":{"line":15,"column":44},"end":{"line":15,"column":null}}},"2":{"name":"(anonymous_2)","decl":{"start":{"line":17,"column":9},"end":{"line":17,"column":17}},"loc":{"start":{"line":17,"column":50},"end":{"line":19,"column":null}}},"3":{"name":"(anonymous_3)","decl":{"start":{"line":21,"column":9},"end":{"line":21,"column":14}},"loc":{"start":{"line":21,"column":41},"end":{"line":23,"column":null}}}},"branchMap":{"0":{"loc":{"start":{"line":11,"column":13},"end":{"line":11,"column":24}},"type":"binary-expr","locations":[{"start":{"line":11,"column":13},"end":{"line":11,"column":24}},{"start":{"line":11,"column":13},"end":{"line":11,"column":24}}]}},"s":{"0":18,"1":16,"2":16,"3":2,"4":8,"5":34},"f":{"0":18,"1":16,"2":2,"3":8},"b":{"0":[16,16]}}
,"C:\\Users\\ehersy\\Documents\\projets\\OC\\projet4\\projet4-fullstack\\front\\src\\app\\core\\service\\session-api.service.ts": {"path":"C:\\Users\\ehersy\\Documents\\projets\\OC\\projet4\\projet4-fullstack\\front\\src\\app\\core\\service\\session-api.service.ts","statementMap":{"0":{"start":{"line":9,"column":30},"end":{"line":9,"column":null}},"1":{"start":{"line":13,"column":22},"end":{"line":13,"column":44}},"2":{"start":{"line":11,"column":10},"end":{"line":11,"column":null}},"3":{"start":{"line":17,"column":4},"end":{"line":17,"column":null}},"4":{"start":{"line":21,"column":4},"end":{"line":21,"column":null}},"5":{"start":{"line":25,"column":4},"end":{"line":25,"column":null}},"6":{"start":{"line":29,"column":4},"end":{"line":29,"column":null}},"7":{"start":{"line":33,"column":4},"end":{"line":33,"column":null}},"8":{"start":{"line":37,"column":4},"end":{"line":37,"column":null}},"9":{"start":{"line":41,"column":4},"end":{"line":41,"column":null}},"10":{"start":{"line":9,"column":13},"end":{"line":9,"column":null}}},"fnMap":{"0":{"name":"(anonymous_0)","decl":{"start":{"line":9,"column":30},"end":{"line":9,"column":null}},"loc":{"start":{"line":9,"column":30},"end":{"line":9,"column":null}}},"1":{"name":"(anonymous_1)","decl":{"start":{"line":13,"column":2},"end":{"line":13,"column":22}},"loc":{"start":{"line":13,"column":44},"end":{"line":14,"column":null}}},"2":{"name":"(anonymous_2)","decl":{"start":{"line":16,"column":9},"end":{"line":16,"column":12}},"loc":{"start":{"line":16,"column":12},"end":{"line":18,"column":null}}},"3":{"name":"(anonymous_3)","decl":{"start":{"line":20,"column":9},"end":{"line":20,"column":15}},"loc":{"start":{"line":20,"column":26},"end":{"line":22,"column":null}}},"4":{"name":"(anonymous_4)","decl":{"start":{"line":24,"column":9},"end":{"line":24,"column":15}},"loc":{"start":{"line":24,"column":26},"end":{"line":26,"column":null}}},"5":{"name":"(anonymous_5)","decl":{"start":{"line":28,"column":9},"end":{"line":28,"column":15}},"loc":{"start":{"line":28,"column":32},"end":{"line":30,"column":null}}},"6":{"name":"(anonymous_6)","decl":{"start":{"line":32,"column":9},"end":{"line":32,"column":15}},"loc":{"start":{"line":32,"column":44},"end":{"line":34,"column":null}}},"7":{"name":"(anonymous_7)","decl":{"start":{"line":36,"column":9},"end":{"line":36,"column":20}},"loc":{"start":{"line":36,"column":47},"end":{"line":38,"column":null}}},"8":{"name":"(anonymous_8)","decl":{"start":{"line":40,"column":9},"end":{"line":40,"column":22}},"loc":{"start":{"line":40,"column":49},"end":{"line":42,"column":null}}}},"branchMap":{"0":{"loc":{"start":{"line":9,"column":13},"end":{"line":9,"column":30}},"type":"binary-expr","locations":[{"start":{"line":9,"column":13},"end":{"line":9,"column":30}},{"start":{"line":9,"column":13},"end":{"line":9,"column":30}}]}},"s":{"0":18,"1":8,"2":8,"3":8,"4":2,"5":0,"6":0,"7":0,"8":0,"9":0,"10":26},"f":{"0":18,"1":8,"2":8,"3":2,"4":0,"5":0,"6":0,"7":0,"8":0},"b":{"0":[8,8]}}
,"C:\\Users\\ehersy\\Documents\\projets\\OC\\projet4\\projet4-fullstack\\front\\src\\app\\core\\service\\session.service.ts": {"path":"C:\\Users\\ehersy\\Documents\\projets\\OC\\projet4\\projet4-fullstack\\front\\src\\app\\core\\service\\session.service.ts","statementMap":{"0":{"start":{"line":8,"column":27},"end":{"line":8,"column":null}},"1":{"start":{"line":10,"column":9},"end":{"line":10,"column":null}},"2":{"start":{"line":13,"column":10},"end":{"line":13,"column":null}},"3":{"start":{"line":16,"column":4},"end":{"line":16,"column":null}},"4":{"start":{"line":20,"column":4},"end":{"line":20,"column":null}},"5":{"start":{"line":21,"column":4},"end":{"line":21,"column":null}},"6":{"start":{"line":22,"column":4},"end":{"line":22,"column":null}},"7":{"start":{"line":26,"column":4},"end":{"line":26,"column":null}},"8":{"start":{"line":27,"column":4},"end":{"line":27,"column":null}},"9":{"start":{"line":28,"column":4},"end":{"line":28,"column":null}},"10":{"start":{"line":32,"column":4},"end":{"line":32,"column":null}},"11":{"start":{"line":8,"column":13},"end":{"line":8,"column":null}}},"fnMap":{"0":{"name":"(anonymous_0)","decl":{"start":{"line":8,"column":27},"end":{"line":8,"column":null}},"loc":{"start":{"line":8,"column":27},"end":{"line":8,"column":null}}},"1":{"name":"(anonymous_2)","decl":{"start":{"line":15,"column":9},"end":{"line":15,"column":18}},"loc":{"start":{"line":15,"column":18},"end":{"line":17,"column":null}}},"2":{"name":"(anonymous_3)","decl":{"start":{"line":19,"column":9},"end":{"line":19,"column":14}},"loc":{"start":{"line":19,"column":39},"end":{"line":23,"column":null}}},"3":{"name":"(anonymous_4)","decl":{"start":{"line":25,"column":9},"end":{"line":25,"column":15}},"loc":{"start":{"line":25,"column":15},"end":{"line":29,"column":null}}},"4":{"name":"(anonymous_5)","decl":{"start":{"line":31,"column":10},"end":{"line":31,"column":14}},"loc":{"start":{"line":31,"column":14},"end":{"line":33,"column":null}}}},"branchMap":{"0":{"loc":{"start":{"line":8,"column":13},"end":{"line":8,"column":27}},"type":"binary-expr","locations":[{"start":{"line":8,"column":13},"end":{"line":8,"column":27}},{"start":{"line":8,"column":13},"end":{"line":8,"column":27}}]}},"s":{"0":18,"1":18,"2":18,"3":400,"4":8,"5":8,"6":8,"7":2,"8":2,"9":2,"10":10,"11":36},"f":{"0":18,"1":400,"2":8,"3":2,"4":10},"b":{"0":[18,18]}}
,"C:\\Users\\ehersy\\Documents\\projets\\OC\\projet4\\projet4-fullstack\\front\\src\\app\\core\\service\\teacher.service.ts": {"path":"C:\\Users\\ehersy\\Documents\\projets\\OC\\projet4\\projet4-fullstack\\front\\src\\app\\core\\service\\teacher.service.ts","statementMap":{"0":{"start":{"line":9,"column":27},"end":{"line":9,"column":null}},"1":{"start":{"line":13,"column":22},"end":{"line":13,"column":44}},"2":{"start":{"line":11,"column":10},"end":{"line":11,"column":null}},"3":{"start":{"line":16,"column":4},"end":{"line":16,"column":null}},"4":{"start":{"line":20,"column":4},"end":{"line":20,"column":null}},"5":{"start":{"line":9,"column":13},"end":{"line":9,"column":null}}},"fnMap":{"0":{"name":"(anonymous_0)","decl":{"start":{"line":9,"column":27},"end":{"line":9,"column":null}},"loc":{"start":{"line":9,"column":27},"end":{"line":9,"column":null}}},"1":{"name":"(anonymous_1)","decl":{"start":{"line":13,"column":2},"end":{"line":13,"column":22}},"loc":{"start":{"line":13,"column":44},"end":{"line":13,"column":null}}},"2":{"name":"(anonymous_2)","decl":{"start":{"line":15,"column":9},"end":{"line":15,"column":12}},"loc":{"start":{"line":15,"column":12},"end":{"line":17,"column":null}}},"3":{"name":"(anonymous_3)","decl":{"start":{"line":19,"column":9},"end":{"line":19,"column":15}},"loc":{"start":{"line":19,"column":26},"end":{"line":21,"column":null}}}},"branchMap":{"0":{"loc":{"start":{"line":9,"column":13},"end":{"line":9,"column":27}},"type":"binary-expr","locations":[{"start":{"line":9,"column":13},"end":{"line":9,"column":27}},{"start":{"line":9,"column":13},"end":{"line":9,"column":27}}]}},"s":{"0":18,"1":2,"2":2,"3":0,"4":2,"5":20},"f":{"0":18,"1":2,"2":0,"3":2},"b":{"0":[2,2]}}
,"C:\\Users\\ehersy\\Documents\\projets\\OC\\projet4\\projet4-fullstack\\front\\src\\app\\core\\service\\user.service.ts": {"path":"C:\\Users\\ehersy\\Documents\\projets\\OC\\projet4\\projet4-fullstack\\front\\src\\app\\core\\service\\user.service.ts","statementMap":{"0":{"start":{"line":9,"column":24},"end":{"line":9,"column":null}},"1":{"start":{"line":13,"column":22},"end":{"line":13,"column":44}},"2":{"start":{"line":11,"column":10},"end":{"line":11,"column":null}},"3":{"start":{"line":16,"column":4},"end":{"line":16,"column":null}},"4":{"start":{"line":20,"column":4},"end":{"line":20,"column":null}},"5":{"start":{"line":9,"column":13},"end":{"line":9,"column":null}}},"fnMap":{"0":{"name":"(anonymous_0)","decl":{"start":{"line":9,"column":24},"end":{"line":9,"column":null}},"loc":{"start":{"line":9,"column":24},"end":{"line":9,"column":null}}},"1":{"name":"(anonymous_1)","decl":{"start":{"line":13,"column":2},"end":{"line":13,"column":22}},"loc":{"start":{"line":13,"column":44},"end":{"line":13,"column":null}}},"2":{"name":"(anonymous_2)","decl":{"start":{"line":15,"column":9},"end":{"line":15,"column":16}},"loc":{"start":{"line":15,"column":27},"end":{"line":17,"column":null}}},"3":{"name":"(anonymous_3)","decl":{"start":{"line":19,"column":9},"end":{"line":19,"column":15}},"loc":{"start":{"line":19,"column":26},"end":{"line":21,"column":null}}}},"branchMap":{"0":{"loc":{"start":{"line":9,"column":13},"end":{"line":9,"column":24}},"type":"binary-expr","locations":[{"start":{"line":9,"column":13},"end":{"line":9,"column":24}},{"start":{"line":9,"column":13},"end":{"line":9,"column":24}}]}},"s":{"0":18,"1":2,"2":2,"3":2,"4":0,"5":20},"f":{"0":18,"1":2,"2":2,"3":0},"b":{"0":[2,2]}}
,"C:\\Users\\ehersy\\Documents\\projets\\OC\\projet4\\projet4-fullstack\\front\\src\\app\\guards\\auth.guard.ts": {"path":"C:\\Users\\ehersy\\Documents\\projets\\OC\\projet4\\projet4-fullstack\\front\\src\\app\\guards\\auth.guard.ts","statementMap":{"0":{"start":{"line":6,"column":22},"end":{"line":6,"column":null}},"1":{"start":{"line":9,"column":12},"end":{"line":9,"column":26}},"2":{"start":{"line":10,"column":12},"end":{"line":10,"column":42}},"3":{"start":{"line":15,"column":4},"end":{"line":18,"column":null}},"4":{"start":{"line":16,"column":6},"end":{"line":16,"column":null}},"5":{"start":{"line":17,"column":6},"end":{"line":17,"column":null}},"6":{"start":{"line":19,"column":4},"end":{"line":19,"column":null}},"7":{"start":{"line":6,"column":13},"end":{"line":6,"column":null}}},"fnMap":{"0":{"name":"(anonymous_0)","decl":{"start":{"line":6,"column":22},"end":{"line":6,"column":null}},"loc":{"start":{"line":6,"column":22},"end":{"line":6,"column":null}}},"1":{"name":"(anonymous_1)","decl":{"start":{"line":8,"column":2},"end":{"line":8,"column":null}},"loc":{"start":{"line":10,"column":42},"end":{"line":12,"column":null}}},"2":{"name":"(anonymous_2)","decl":{"start":{"line":14,"column":9},"end":{"line":14,"column":20}},"loc":{"start":{"line":14,"column":20},"end":{"line":20,"column":null}}}},"branchMap":{"0":{"loc":{"start":{"line":15,"column":4},"end":{"line":18,"column":null}},"type":"if","locations":[{"start":{"line":15,"column":4},"end":{"line":18,"column":null}},{"start":{"line":15,"column":4},"end":{"line":18,"column":null}}]},"1":{"loc":{"start":{"line":6,"column":13},"end":{"line":6,"column":22}},"type":"binary-expr","locations":[{"start":{"line":6,"column":13},"end":{"line":6,"column":22}},{"start":{"line":6,"column":13},"end":{"line":6,"column":22}}]}},"s":{"0":18,"1":10,"2":10,"3":12,"4":2,"5":2,"6":10,"7":28},"f":{"0":18,"1":10,"2":12},"b":{"0":[2,10],"1":[10,10]}}
,"C:\\Users\\ehersy\\Documents\\projets\\OC\\projet4\\projet4-fullstack\\front\\src\\app\\guards\\unauth.guard.ts": {"path":"C:\\Users\\ehersy\\Documents\\projets\\OC\\projet4\\projet4-fullstack\\front\\src\\app\\guards\\unauth.guard.ts","statementMap":{"0":{"start":{"line":6,"column":24},"end":{"line":6,"column":null}},"1":{"start":{"line":9,"column":12},"end":{"line":9,"column":26}},"2":{"start":{"line":10,"column":12},"end":{"line":10,"column":42}},"3":{"start":{"line":15,"column":4},"end":{"line":18,"column":null}},"4":{"start":{"line":16,"column":6},"end":{"line":16,"column":null}},"5":{"start":{"line":17,"column":6},"end":{"line":17,"column":null}},"6":{"start":{"line":19,"column":4},"end":{"line":19,"column":null}},"7":{"start":{"line":6,"column":13},"end":{"line":6,"column":null}}},"fnMap":{"0":{"name":"(anonymous_0)","decl":{"start":{"line":6,"column":24},"end":{"line":6,"column":null}},"loc":{"start":{"line":6,"column":24},"end":{"line":6,"column":null}}},"1":{"name":"(anonymous_1)","decl":{"start":{"line":8,"column":2},"end":{"line":8,"column":null}},"loc":{"start":{"line":10,"column":42},"end":{"line":12,"column":null}}},"2":{"name":"(anonymous_2)","decl":{"start":{"line":14,"column":9},"end":{"line":14,"column":20}},"loc":{"start":{"line":14,"column":20},"end":{"line":20,"column":null}}}},"branchMap":{"0":{"loc":{"start":{"line":15,"column":4},"end":{"line":18,"column":null}},"type":"if","locations":[{"start":{"line":15,"column":4},"end":{"line":18,"column":null}},{"start":{"line":15,"column":4},"end":{"line":18,"column":null}}]},"1":{"loc":{"start":{"line":6,"column":13},"end":{"line":6,"column":24}},"type":"binary-expr","locations":[{"start":{"line":6,"column":13},"end":{"line":6,"column":24}},{"start":{"line":6,"column":13},"end":{"line":6,"column":24}}]}},"s":{"0":18,"1":16,"2":16,"3":20,"4":0,"5":0,"6":20,"7":34},"f":{"0":18,"1":16,"2":20},"b":{"0":[0,20],"1":[16,16]}}
,"C:\\Users\\ehersy\\Documents\\projets\\OC\\projet4\\projet4-fullstack\\front\\src\\app\\interceptors\\customJwtInterceptorFn.ts": {"path":"C:\\Users\\ehersy\\Documents\\projets\\OC\\projet4\\projet4-fullstack\\front\\src\\app\\interceptors\\customJwtInterceptorFn.ts","statementMap":{"0":{"start":{"line":7,"column":25},"end":{"line":7,"column":47}},"1":{"start":{"line":8,"column":2},"end":{"line":14,"column":null}},"2":{"start":{"line":9,"column":4},"end":{"line":13,"column":null}},"3":{"start":{"line":15,"column":2},"end":{"line":15,"column":null}}},"fnMap":{"0":{"name":"customJwtInterceptorFn","decl":{"start":{"line":6,"column":16},"end":{"line":6,"column":38}},"loc":{"start":{"line":6,"column":89},"end":{"line":16,"column":null}}}},"branchMap":{"0":{"loc":{"start":{"line":8,"column":2},"end":{"line":14,"column":null}},"type":"if","locations":[{"start":{"line":8,"column":2},"end":{"line":14,"column":null}},{"start":{"line":8,"column":2},"end":{"line":14,"column":null}}]}},"s":{"0":24,"1":24,"2":14,"3":24},"f":{"0":24},"b":{"0":[14,10]}}
,"C:\\Users\\ehersy\\Documents\\projets\\OC\\projet4\\projet4-fullstack\\front\\src\\app\\pages\\login\\login.component.ts": {"path":"C:\\Users\\ehersy\\Documents\\projets\\OC\\projet4\\projet4-fullstack\\front\\src\\app\\pages\\login\\login.component.ts","statementMap":{"0":{"start":{"line":18,"column":27},"end":{"line":18,"column":null}},"1":{"start":{"line":19,"column":10},"end":{"line":19,"column":null}},"2":{"start":{"line":20,"column":10},"end":{"line":20,"column":null}},"3":{"start":{"line":21,"column":10},"end":{"line":21,"column":null}},"4":{"start":{"line":22,"column":10},"end":{"line":22,"column":null}},"5":{"start":{"line":23,"column":19},"end":{"line":23,"column":null}},"6":{"start":{"line":25,"column":9},"end":{"line":25,"column":null}},"7":{"start":{"line":26,"column":9},"end":{"line":26,"column":null}},"8":{"start":{"line":28,"column":9},"end":{"line":43,"column":null}},"9":{"start":{"line":46,"column":25},"end":{"line":46,"column":56}},"10":{"start":{"line":47,"column":4},"end":{"line":57,"column":null}},"11":{"start":{"line":53,"column":8},"end":{"line":53,"column":null}},"12":{"start":{"line":54,"column":8},"end":{"line":54,"column":null}},"13":{"start":{"line":56,"column":19},"end":{"line":56,"column":null}},"14":{"start":{"line":18,"column":13},"end":{"line":18,"column":null}}},"fnMap":{"0":{"name":"(anonymous_1)","decl":{"start":{"line":18,"column":27},"end":{"line":18,"column":null}},"loc":{"start":{"line":18,"column":27},"end":{"line":18,"column":null}}},"1":{"name":"(anonymous_3)","decl":{"start":{"line":45,"column":9},"end":{"line":45,"column":15}},"loc":{"start":{"line":45,"column":15},"end":{"line":58,"column":null}}},"2":{"name":"(anonymous_4)","decl":{"start":{"line":52,"column":13},"end":{"line":52,"column":41}},"loc":{"start":{"line":52,"column":45},"end":{"line":55,"column":7}}},"3":{"name":"(anonymous_5)","decl":{"start":{"line":56,"column":13},"end":{"line":56,"column":19}},"loc":{"start":{"line":56,"column":19},"end":{"line":56,"column":null}}}},"branchMap":{"0":{"loc":{"start":{"line":18,"column":13},"end":{"line":18,"column":27}},"type":"binary-expr","locations":[{"start":{"line":18,"column":13},"end":{"line":18,"column":27}},{"start":{"line":18,"column":13},"end":{"line":18,"column":27}}]}},"s":{"0":18,"1":16,"2":16,"3":16,"4":16,"5":16,"6":16,"7":16,"8":16,"9":8,"10":8,"11":8,"12":8,"13":0,"14":34},"f":{"0":18,"1":8,"2":8,"3":0},"b":{"0":[16,16]}}
,"C:\\Users\\ehersy\\Documents\\projets\\OC\\projet4\\projet4-fullstack\\front\\src\\app\\pages\\not-found\\not-found.component.ts": {"path":"C:\\Users\\ehersy\\Documents\\projets\\OC\\projet4\\projet4-fullstack\\front\\src\\app\\pages\\not-found\\not-found.component.ts","statementMap":{"0":{"start":{"line":8,"column":30},"end":{"line":8,"column":null}},"1":{"start":{"line":8,"column":13},"end":{"line":8,"column":null}}},"fnMap":{"0":{"name":"(anonymous_0)","decl":{"start":{"line":8,"column":30},"end":{"line":8,"column":null}},"loc":{"start":{"line":8,"column":30},"end":{"line":8,"column":null}}}},"branchMap":{"0":{"loc":{"start":{"line":8,"column":13},"end":{"line":8,"column":30}},"type":"binary-expr","locations":[{"start":{"line":8,"column":13},"end":{"line":8,"column":30}},{"start":{"line":8,"column":13},"end":{"line":8,"column":30}}]}},"s":{"0":18,"1":20},"f":{"0":18},"b":{"0":[2,2]}}
,"C:\\Users\\ehersy\\Documents\\projets\\OC\\projet4\\projet4-fullstack\\front\\src\\app\\pages\\register\\register.component.ts": {"path":"C:\\Users\\ehersy\\Documents\\projets\\OC\\projet4\\projet4-fullstack\\front\\src\\app\\pages\\register\\register.component.ts","statementMap":{"0":{"start":{"line":16,"column":30},"end":{"line":16,"column":null}},"1":{"start":{"line":17,"column":10},"end":{"line":17,"column":null}},"2":{"start":{"line":18,"column":10},"end":{"line":18,"column":null}},"3":{"start":{"line":19,"column":10},"end":{"line":19,"column":null}},"4":{"start":{"line":20,"column":19},"end":{"line":20,"column":null}},"5":{"start":{"line":21,"column":9},"end":{"line":21,"column":null}},"6":{"start":{"line":23,"column":9},"end":{"line":55,"column":null}},"7":{"start":{"line":59,"column":28},"end":{"line":59,"column":62}},"8":{"start":{"line":60,"column":4},"end":{"line":68,"column":null}},"9":{"start":{"line":65,"column":20},"end":{"line":65,"column":57}},"10":{"start":{"line":66,"column":21},"end":{"line":66,"column":null}},"11":{"start":{"line":16,"column":13},"end":{"line":16,"column":null}}},"fnMap":{"0":{"name":"(anonymous_1)","decl":{"start":{"line":16,"column":30},"end":{"line":16,"column":null}},"loc":{"start":{"line":16,"column":30},"end":{"line":16,"column":null}}},"1":{"name":"(anonymous_3)","decl":{"start":{"line":58,"column":9},"end":{"line":58,"column":15}},"loc":{"start":{"line":58,"column":15},"end":{"line":69,"column":null}}},"2":{"name":"(anonymous_4)","decl":{"start":{"line":65,"column":14},"end":{"line":65,"column":20}},"loc":{"start":{"line":65,"column":20},"end":{"line":65,"column":57}}},"3":{"name":"(anonymous_5)","decl":{"start":{"line":66,"column":15},"end":{"line":66,"column":21}},"loc":{"start":{"line":66,"column":21},"end":{"line":66,"column":null}}}},"branchMap":{"0":{"loc":{"start":{"line":16,"column":13},"end":{"line":16,"column":30}},"type":"binary-expr","locations":[{"start":{"line":16,"column":13},"end":{"line":16,"column":30}},{"start":{"line":16,"column":13},"end":{"line":16,"column":30}}]}},"s":{"0":18,"1":4,"2":4,"3":4,"4":4,"5":4,"6":4,"7":2,"8":2,"9":2,"10":0,"11":22},"f":{"0":18,"1":2,"2":2,"3":0},"b":{"0":[4,4]}}
,"C:\\Users\\ehersy\\Documents\\projets\\OC\\projet4\\projet4-fullstack\\front\\src\\app\\pages\\sessions\\components\\detail\\detail.component.ts": {"path":"C:\\Users\\ehersy\\Documents\\projets\\OC\\projet4\\projet4-fullstack\\front\\src\\app\\pages\\sessions\\components\\detail\\detail.component.ts","statementMap":{"0":{"start":{"line":19,"column":28},"end":{"line":19,"column":null}},"1":{"start":{"line":22,"column":9},"end":{"line":22,"column":null}},"2":{"start":{"line":23,"column":9},"end":{"line":23,"column":null}},"3":{"start":{"line":27,"column":10},"end":{"line":27,"column":null}},"4":{"start":{"line":28,"column":10},"end":{"line":28,"column":null}},"5":{"start":{"line":29,"column":10},"end":{"line":29,"column":null}},"6":{"start":{"line":30,"column":10},"end":{"line":30,"column":null}},"7":{"start":{"line":31,"column":10},"end":{"line":31,"column":null}},"8":{"start":{"line":32,"column":10},"end":{"line":32,"column":null}},"9":{"start":{"line":33,"column":19},"end":{"line":33,"column":null}},"10":{"start":{"line":36,"column":4},"end":{"line":36,"column":null}},"11":{"start":{"line":37,"column":4},"end":{"line":37,"column":null}},"12":{"start":{"line":38,"column":4},"end":{"line":38,"column":null}},"13":{"start":{"line":42,"column":4},"end":{"line":42,"column":null}},"14":{"start":{"line":46,"column":4},"end":{"line":46,"column":null}},"15":{"start":{"line":50,"column":4},"end":{"line":59,"column":null}},"16":{"start":{"line":56,"column":10},"end":{"line":56,"column":null}},"17":{"start":{"line":57,"column":10},"end":{"line":57,"column":null}},"18":{"start":{"line":63,"column":4},"end":{"line":67,"column":null}},"19":{"start":{"line":67,"column":23},"end":{"line":67,"column":42}},"20":{"start":{"line":71,"column":4},"end":{"line":75,"column":null}},"21":{"start":{"line":75,"column":23},"end":{"line":75,"column":42}},"22":{"start":{"line":79,"column":4},"end":{"line":93,"column":null}},"23":{"start":{"line":85,"column":8},"end":{"line":85,"column":null}},"24":{"start":{"line":86,"column":8},"end":{"line":86,"column":null}},"25":{"start":{"line":86,"column":53},"end":{"line":86,"column":101}},"26":{"start":{"line":87,"column":8},"end":{"line":92,"column":null}},"27":{"start":{"line":92,"column":43},"end":{"line":92,"column":65}},"28":{"start":{"line":19,"column":13},"end":{"line":19,"column":null}}},"fnMap":{"0":{"name":"(anonymous_10)","decl":{"start":{"line":19,"column":28},"end":{"line":19,"column":null}},"loc":{"start":{"line":19,"column":28},"end":{"line":19,"column":null}}},"1":{"name":"(anonymous_11)","decl":{"start":{"line":35,"column":2},"end":{"line":35,"column":null}},"loc":{"start":{"line":35,"column":2},"end":{"line":39,"column":null}}},"2":{"name":"(anonymous_12)","decl":{"start":{"line":41,"column":2},"end":{"line":41,"column":10}},"loc":{"start":{"line":41,"column":10},"end":{"line":43,"column":null}}},"3":{"name":"(anonymous_13)","decl":{"start":{"line":45,"column":9},"end":{"line":45,"column":13}},"loc":{"start":{"line":45,"column":13},"end":{"line":47,"column":null}}},"4":{"name":"(anonymous_14)","decl":{"start":{"line":49,"column":9},"end":{"line":49,"column":15}},"loc":{"start":{"line":49,"column":15},"end":{"line":60,"column":null}}},"5":{"name":"(anonymous_15)","decl":{"start":{"line":55,"column":17},"end":{"line":55,"column":22}},"loc":{"start":{"line":55,"column":22},"end":{"line":58,"column":9}}},"6":{"name":"(anonymous_16)","decl":{"start":{"line":62,"column":9},"end":{"line":62,"column":20}},"loc":{"start":{"line":62,"column":20},"end":{"line":68,"column":null}}},"7":{"name":"(anonymous_17)","decl":{"start":{"line":67,"column":17},"end":{"line":67,"column":23}},"loc":{"start":{"line":67,"column":23},"end":{"line":67,"column":42}}},"8":{"name":"(anonymous_18)","decl":{"start":{"line":70,"column":9},"end":{"line":70,"column":22}},"loc":{"start":{"line":70,"column":22},"end":{"line":76,"column":null}}},"9":{"name":"(anonymous_19)","decl":{"start":{"line":75,"column":17},"end":{"line":75,"column":23}},"loc":{"start":{"line":75,"column":23},"end":{"line":75,"column":42}}},"10":{"name":"(anonymous_20)","decl":{"start":{"line":78,"column":10},"end":{"line":78,"column":22}},"loc":{"start":{"line":78,"column":22},"end":{"line":94,"column":null}}},"11":{"name":"(anonymous_21)","decl":{"start":{"line":84,"column":18},"end":{"line":84,"column":34}},"loc":{"start":{"line":84,"column":38},"end":{"line":93,"column":7}}},"12":{"name":"(anonymous_22)","decl":{"start":{"line":86,"column":48},"end":{"line":86,"column":49}},"loc":{"start":{"line":86,"column":53},"end":{"line":86,"column":101}}},"13":{"name":"(anonymous_23)","decl":{"start":{"line":92,"column":22},"end":{"line":92,"column":38}},"loc":{"start":{"line":92,"column":43},"end":{"line":92,"column":65}}}},"branchMap":{"0":{"loc":{"start":{"line":19,"column":13},"end":{"line":19,"column":28}},"type":"binary-expr","locations":[{"start":{"line":19,"column":13},"end":{"line":19,"column":28}},{"start":{"line":19,"column":13},"end":{"line":19,"column":28}}]}},"s":{"0":18,"1":2,"2":2,"3":2,"4":2,"5":2,"6":2,"7":2,"8":2,"9":2,"10":2,"11":2,"12":2,"13":2,"14":0,"15":0,"16":0,"17":0,"18":0,"19":0,"20":0,"21":0,"22":2,"23":2,"24":2,"25":0,"26":2,"27":2,"28":20},"f":{"0":18,"1":2,"2":2,"3":0,"4":0,"5":0,"6":0,"7":0,"8":0,"9":0,"10":2,"11":2,"12":0,"13":2},"b":{"0":[2,2]}}
,"C:\\Users\\ehersy\\Documents\\projets\\OC\\projet4\\projet4-fullstack\\front\\src\\app\\pages\\sessions\\components\\form\\form.component.ts": {"path":"C:\\Users\\ehersy\\Documents\\projets\\OC\\projet4\\projet4-fullstack\\front\\src\\app\\pages\\sessions\\components\\form\\form.component.ts","statementMap":{"0":{"start":{"line":19,"column":26},"end":{"line":19,"column":null}},"1":{"start":{"line":20,"column":10},"end":{"line":20,"column":null}},"2":{"start":{"line":21,"column":10},"end":{"line":21,"column":null}},"3":{"start":{"line":22,"column":10},"end":{"line":22,"column":null}},"4":{"start":{"line":23,"column":10},"end":{"line":23,"column":null}},"5":{"start":{"line":24,"column":10},"end":{"line":24,"column":null}},"6":{"start":{"line":25,"column":10},"end":{"line":25,"column":null}},"7":{"start":{"line":26,"column":10},"end":{"line":26,"column":null}},"8":{"start":{"line":27,"column":19},"end":{"line":27,"column":null}},"9":{"start":{"line":30,"column":9},"end":{"line":30,"column":null}},"10":{"start":{"line":32,"column":9},"end":{"line":32,"column":null}},"11":{"start":{"line":36,"column":4},"end":{"line":38,"column":null}},"12":{"start":{"line":37,"column":6},"end":{"line":37,"column":null}},"13":{"start":{"line":39,"column":16},"end":{"line":39,"column":31}},"14":{"start":{"line":40,"column":4},"end":{"line":51,"column":null}},"15":{"start":{"line":41,"column":6},"end":{"line":41,"column":null}},"16":{"start":{"line":42,"column":6},"end":{"line":42,"column":null}},"17":{"start":{"line":43,"column":6},"end":{"line":48,"column":null}},"18":{"start":{"line":48,"column":41},"end":{"line":48,"column":63}},"19":{"start":{"line":50,"column":6},"end":{"line":50,"column":null}},"20":{"start":{"line":55,"column":20},"end":{"line":55,"column":54}},"21":{"start":{"line":57,"column":4},"end":{"line":71,"column":null}},"22":{"start":{"line":58,"column":6},"end":{"line":63,"column":null}},"23":{"start":{"line":63,"column":25},"end":{"line":63,"column":59}},"24":{"start":{"line":65,"column":6},"end":{"line":70,"column":null}},"25":{"start":{"line":70,"column":25},"end":{"line":70,"column":59}},"26":{"start":{"line":75,"column":4},"end":{"line":95,"column":null}},"27":{"start":{"line":99,"column":4},"end":{"line":99,"column":null}},"28":{"start":{"line":100,"column":4},"end":{"line":100,"column":null}},"29":{"start":{"line":19,"column":13},"end":{"line":19,"column":null}}},"fnMap":{"0":{"name":"(anonymous_6)","decl":{"start":{"line":19,"column":26},"end":{"line":19,"column":null}},"loc":{"start":{"line":19,"column":26},"end":{"line":19,"column":null}}},"1":{"name":"(anonymous_8)","decl":{"start":{"line":35,"column":2},"end":{"line":35,"column":10}},"loc":{"start":{"line":35,"column":10},"end":{"line":52,"column":null}}},"2":{"name":"(anonymous_9)","decl":{"start":{"line":48,"column":20},"end":{"line":48,"column":36}},"loc":{"start":{"line":48,"column":41},"end":{"line":48,"column":63}}},"3":{"name":"(anonymous_10)","decl":{"start":{"line":54,"column":9},"end":{"line":54,"column":15}},"loc":{"start":{"line":54,"column":15},"end":{"line":72,"column":null}}},"4":{"name":"(anonymous_11)","decl":{"start":{"line":63,"column":19},"end":{"line":63,"column":25}},"loc":{"start":{"line":63,"column":25},"end":{"line":63,"column":59}}},"5":{"name":"(anonymous_12)","decl":{"start":{"line":70,"column":19},"end":{"line":70,"column":25}},"loc":{"start":{"line":70,"column":25},"end":{"line":70,"column":59}}},"6":{"name":"(anonymous_13)","decl":{"start":{"line":74,"column":10},"end":{"line":74,"column":18}},"loc":{"start":{"line":74,"column":36},"end":{"line":96,"column":null}}},"7":{"name":"(anonymous_14)","decl":{"start":{"line":98,"column":10},"end":{"line":98,"column":18}},"loc":{"start":{"line":98,"column":34},"end":{"line":101,"column":null}}}},"branchMap":{"0":{"loc":{"start":{"line":36,"column":4},"end":{"line":38,"column":null}},"type":"if","locations":[{"start":{"line":36,"column":4},"end":{"line":38,"column":null}},{"start":{"line":36,"column":4},"end":{"line":38,"column":null}}]},"1":{"loc":{"start":{"line":40,"column":4},"end":{"line":51,"column":null}},"type":"if","locations":[{"start":{"line":40,"column":4},"end":{"line":51,"column":null}},{"start":{"line":40,"column":4},"end":{"line":51,"column":null}}]},"2":{"loc":{"start":{"line":57,"column":4},"end":{"line":71,"column":null}},"type":"if","locations":[{"start":{"line":57,"column":4},"end":{"line":71,"column":null}},{"start":{"line":57,"column":4},"end":{"line":71,"column":null}}]},"3":{"loc":{"start":{"line":77,"column":8},"end":{"line":77,"column":35}},"type":"cond-expr","locations":[{"start":{"line":77,"column":18},"end":{"line":77,"column":30}},{"start":{"line":77,"column":33},"end":{"line":77,"column":35}}]},"4":{"loc":{"start":{"line":81,"column":8},"end":{"line":81,"column":73}},"type":"cond-expr","locations":[{"start":{"line":81,"column":18},"end":{"line":81,"column":68}},{"start":{"line":81,"column":71},"end":{"line":81,"column":73}}]},"5":{"loc":{"start":{"line":85,"column":8},"end":{"line":85,"column":41}},"type":"cond-expr","locations":[{"start":{"line":85,"column":18},"end":{"line":85,"column":36}},{"start":{"line":85,"column":39},"end":{"line":85,"column":41}}]},"6":{"loc":{"start":{"line":89,"column":8},"end":{"line":89,"column":42}},"type":"cond-expr","locations":[{"start":{"line":89,"column":18},"end":{"line":89,"column":37}},{"start":{"line":89,"column":40},"end":{"line":89,"column":42}}]},"7":{"loc":{"start":{"line":19,"column":13},"end":{"line":19,"column":26}},"type":"binary-expr","locations":[{"start":{"line":19,"column":13},"end":{"line":19,"column":26}},{"start":{"line":19,"column":13},"end":{"line":19,"column":26}}]}},"s":{"0":18,"1":0,"2":0,"3":0,"4":0,"5":0,"6":0,"7":0,"8":0,"9":0,"10":0,"11":0,"12":0,"13":0,"14":0,"15":0,"16":0,"17":0,"18":0,"19":0,"20":0,"21":0,"22":0,"23":0,"24":0,"25":0,"26":0,"27":0,"28":0,"29":18},"f":{"0":18,"1":0,"2":0,"3":0,"4":0,"5":0,"6":0,"7":0},"b":{"0":[0,0],"1":[0,0],"2":[0,0],"3":[0,0],"4":[0,0],"5":[0,0],"6":[0,0],"7":[0,0]}}
,"C:\\Users\\ehersy\\Documents\\projets\\OC\\projet4\\projet4-fullstack\\front\\src\\app\\pages\\sessions\\components\\list\\list.component.ts": {"path":"C:\\Users\\ehersy\\Documents\\projets\\OC\\projet4\\projet4-fullstack\\front\\src\\app\\pages\\sessions\\components\\list\\list.component.ts","statementMap":{"0":{"start":{"line":17,"column":26},"end":{"line":17,"column":null}},"1":{"start":{"line":18,"column":10},"end":{"line":18,"column":null}},"2":{"start":{"line":19,"column":10},"end":{"line":19,"column":null}},"3":{"start":{"line":21,"column":9},"end":{"line":21,"column":null}},"4":{"start":{"line":24,"column":4},"end":{"line":24,"column":null}},"5":{"start":{"line":17,"column":13},"end":{"line":17,"column":null}}},"fnMap":{"0":{"name":"(anonymous_6)","decl":{"start":{"line":17,"column":26},"end":{"line":17,"column":null}},"loc":{"start":{"line":17,"column":26},"end":{"line":17,"column":null}}},"1":{"name":"(anonymous_8)","decl":{"start":{"line":23,"column":2},"end":{"line":23,"column":6}},"loc":{"start":{"line":23,"column":10},"end":{"line":25,"column":null}}}},"branchMap":{"0":{"loc":{"start":{"line":17,"column":13},"end":{"line":17,"column":26}},"type":"binary-expr","locations":[{"start":{"line":17,"column":13},"end":{"line":17,"column":26}},{"start":{"line":17,"column":13},"end":{"line":17,"column":26}}]}},"s":{"0":18,"1":8,"2":8,"3":8,"4":18,"5":26},"f":{"0":18,"1":18},"b":{"0":[8,8]}}
,"C:\\Users\\ehersy\\Documents\\projets\\OC\\projet4\\projet4-fullstack\\front\\src\\app\\shared\\material.module.ts": {"path":"C:\\Users\\ehersy\\Documents\\projets\\OC\\projet4\\projet4-fullstack\\front\\src\\app\\shared\\material.module.ts","statementMap":{"0":{"start":{"line":32,"column":24},"end":{"line":60,"column":null}},"1":{"start":{"line":71,"column":27},"end":{"line":71,"column":null}},"2":{"start":{"line":71,"column":13},"end":{"line":71,"column":null}}},"fnMap":{"0":{"name":"(anonymous_0)","decl":{"start":{"line":71,"column":27},"end":{"line":71,"column":null}},"loc":{"start":{"line":71,"column":27},"end":{"line":71,"column":null}}}},"branchMap":{"0":{"loc":{"start":{"line":71,"column":13},"end":{"line":71,"column":27}},"type":"binary-expr","locations":[{"start":{"line":71,"column":13},"end":{"line":71,"column":27}},{"start":{"line":71,"column":13},"end":{"line":71,"column":27}}]}},"s":{"0":18,"1":18,"2":66},"f":{"0":18},"b":{"0":[48,48]}}
}
