{"total": {"lines":{"total":346,"covered":272,"skipped":0,"pct":78.61},"statements":{"total":503,"covered":397,"skipped":0,"pct":78.92},"functions":{"total":87,"covered":65,"skipped":0,"pct":74.71},"branches":{"total":82,"covered":56,"skipped":0,"pct":68.29},"branchesTrue":{"total":0,"covered":0,"skipped":0,"pct":100}}
,"/home/manu/Documents/Lead Developer Java Angular/projet4/projet4-fullstack/front/src/app/app.component.html": {"lines":{"total":13,"covered":13,"skipped":0,"pct":100},"functions":{"total":1,"covered":1,"skipped":0,"pct":100},"statements":{"total":29,"covered":29,"skipped":0,"pct":100},"branches":{"total":2,"covered":2,"skipped":0,"pct":100}}
,"/home/manu/Documents/Lead Developer Java Angular/projet4/projet4-fullstack/front/src/app/app.component.ts": {"lines":{"total":6,"covered":6,"skipped":0,"pct":100},"functions":{"total":3,"covered":3,"skipped":0,"pct":100},"statements":{"total":7,"covered":7,"skipped":0,"pct":100},"branches":{"total":2,"covered":2,"skipped":0,"pct":100}}
,"/home/manu/Documents/Lead Developer Java Angular/projet4/projet4-fullstack/front/src/app/app.config.ts": {"lines":{"total":1,"covered":1,"skipped":0,"pct":100},"functions":{"total":0,"covered":0,"skipped":0,"pct":100},"statements":{"total":1,"covered":1,"skipped":0,"pct":100},"branches":{"total":0,"covered":0,"skipped":0,"pct":100}}
,"/home/manu/Documents/Lead Developer Java Angular/projet4/projet4-fullstack/front/src/app/app.routes.ts": {"lines":{"total":1,"covered":1,"skipped":0,"pct":100},"functions":{"total":0,"covered":0,"skipped":0,"pct":100},"statements":{"total":1,"covered":1,"skipped":0,"pct":100},"branches":{"total":0,"covered":0,"skipped":0,"pct":100}}
,"/home/manu/Documents/Lead Developer Java Angular/projet4/projet4-fullstack/front/src/app/components/me/me.component.html": {"lines":{"total":21,"covered":20,"skipped":0,"pct":95.23},"functions":{"total":2,"covered":0,"skipped":0,"pct":0},"statements":{"total":47,"covered":41,"skipped":0,"pct":87.23},"branches":{"total":4,"covered":3,"skipped":0,"pct":75}}
,"/home/manu/Documents/Lead Developer Java Angular/projet4/projet4-fullstack/front/src/app/components/me/me.component.ts": {"lines":{"total":13,"covered":8,"skipped":0,"pct":61.53},"functions":{"total":6,"covered":3,"skipped":0,"pct":50},"statements":{"total":14,"covered":9,"skipped":0,"pct":64.28},"branches":{"total":2,"covered":2,"skipped":0,"pct":100}}
,"/home/manu/Documents/Lead Developer Java Angular/projet4/projet4-fullstack/front/src/app/core/service/auth.service.ts": {"lines":{"total":5,"covered":5,"skipped":0,"pct":100},"functions":{"total":4,"covered":4,"skipped":0,"pct":100},"statements":{"total":6,"covered":6,"skipped":0,"pct":100},"branches":{"total":2,"covered":2,"skipped":0,"pct":100}}
,"/home/manu/Documents/Lead Developer Java Angular/projet4/projet4-fullstack/front/src/app/core/service/session-api.service.ts": {"lines":{"total":10,"covered":8,"skipped":0,"pct":80},"functions":{"total":9,"covered":7,"skipped":0,"pct":77.77},"statements":{"total":11,"covered":9,"skipped":0,"pct":81.81},"branches":{"total":2,"covered":2,"skipped":0,"pct":100}}
,"/home/manu/Documents/Lead Developer Java Angular/projet4/projet4-fullstack/front/src/app/core/service/session.service.ts": {"lines":{"total":11,"covered":11,"skipped":0,"pct":100},"functions":{"total":5,"covered":5,"skipped":0,"pct":100},"statements":{"total":12,"covered":12,"skipped":0,"pct":100},"branches":{"total":2,"covered":2,"skipped":0,"pct":100}}
,"/home/manu/Documents/Lead Developer Java Angular/projet4/projet4-fullstack/front/src/app/core/service/teacher.service.ts": {"lines":{"total":5,"covered":4,"skipped":0,"pct":80},"functions":{"total":4,"covered":3,"skipped":0,"pct":75},"statements":{"total":6,"covered":5,"skipped":0,"pct":83.33},"branches":{"total":2,"covered":2,"skipped":0,"pct":100}}
,"/home/manu/Documents/Lead Developer Java Angular/projet4/projet4-fullstack/front/src/app/core/service/user.service.ts": {"lines":{"total":5,"covered":4,"skipped":0,"pct":80},"functions":{"total":4,"covered":3,"skipped":0,"pct":75},"statements":{"total":6,"covered":5,"skipped":0,"pct":83.33},"branches":{"total":2,"covered":2,"skipped":0,"pct":100}}
,"/home/manu/Documents/Lead Developer Java Angular/projet4/projet4-fullstack/front/src/app/guards/auth.guard.ts": {"lines":{"total":7,"covered":7,"skipped":0,"pct":100},"functions":{"total":3,"covered":3,"skipped":0,"pct":100},"statements":{"total":8,"covered":8,"skipped":0,"pct":100},"branches":{"total":4,"covered":4,"skipped":0,"pct":100}}
,"/home/manu/Documents/Lead Developer Java Angular/projet4/projet4-fullstack/front/src/app/guards/unauth.guard.ts": {"lines":{"total":7,"covered":5,"skipped":0,"pct":71.42},"functions":{"total":3,"covered":3,"skipped":0,"pct":100},"statements":{"total":8,"covered":6,"skipped":0,"pct":75},"branches":{"total":4,"covered":3,"skipped":0,"pct":75}}
,"/home/manu/Documents/Lead Developer Java Angular/projet4/projet4-fullstack/front/src/app/interceptors/customJwtInterceptorFn.ts": {"lines":{"total":4,"covered":4,"skipped":0,"pct":100},"functions":{"total":1,"covered":1,"skipped":0,"pct":100},"statements":{"total":4,"covered":4,"skipped":0,"pct":100},"branches":{"total":2,"covered":2,"skipped":0,"pct":100}}
,"/home/manu/Documents/Lead Developer Java Angular/projet4/projet4-fullstack/front/src/app/pages/login/login.component.html": {"lines":{"total":15,"covered":14,"skipped":0,"pct":93.33},"functions":{"total":2,"covered":1,"skipped":0,"pct":50},"statements":{"total":30,"covered":26,"skipped":0,"pct":86.66},"branches":{"total":6,"covered":3,"skipped":0,"pct":50}}
,"/home/manu/Documents/Lead Developer Java Angular/projet4/projet4-fullstack/front/src/app/pages/login/login.component.ts": {"lines":{"total":14,"covered":13,"skipped":0,"pct":92.85},"functions":{"total":4,"covered":3,"skipped":0,"pct":75},"statements":{"total":15,"covered":14,"skipped":0,"pct":93.33},"branches":{"total":2,"covered":2,"skipped":0,"pct":100}}
,"/home/manu/Documents/Lead Developer Java Angular/projet4/projet4-fullstack/front/src/app/pages/not-found/not-found.component.html": {"lines":{"total":2,"covered":2,"skipped":0,"pct":100},"functions":{"total":0,"covered":0,"skipped":0,"pct":100},"statements":{"total":3,"covered":3,"skipped":0,"pct":100},"branches":{"total":0,"covered":0,"skipped":0,"pct":100}}
,"/home/manu/Documents/Lead Developer Java Angular/projet4/projet4-fullstack/front/src/app/pages/not-found/not-found.component.ts": {"lines":{"total":1,"covered":1,"skipped":0,"pct":100},"functions":{"total":1,"covered":1,"skipped":0,"pct":100},"statements":{"total":2,"covered":2,"skipped":0,"pct":100},"branches":{"total":2,"covered":2,"skipped":0,"pct":100}}
,"/home/manu/Documents/Lead Developer Java Angular/projet4/projet4-fullstack/front/src/app/pages/register/register.component.html": {"lines":{"total":19,"covered":18,"skipped":0,"pct":94.73},"functions":{"total":1,"covered":1,"skipped":0,"pct":100},"statements":{"total":29,"covered":26,"skipped":0,"pct":89.65},"branches":{"total":2,"covered":1,"skipped":0,"pct":50}}
,"/home/manu/Documents/Lead Developer Java Angular/projet4/projet4-fullstack/front/src/app/pages/register/register.component.ts": {"lines":{"total":11,"covered":10,"skipped":0,"pct":90.9},"functions":{"total":4,"covered":3,"skipped":0,"pct":75},"statements":{"total":12,"covered":11,"skipped":0,"pct":91.66},"branches":{"total":2,"covered":2,"skipped":0,"pct":100}}
,"/home/manu/Documents/Lead Developer Java Angular/projet4/projet4-fullstack/front/src/app/pages/sessions/components/detail/detail.component.html": {"lines":{"total":54,"covered":54,"skipped":0,"pct":100},"functions":{"total":4,"covered":3,"skipped":0,"pct":75},"statements":{"total":91,"covered":89,"skipped":0,"pct":97.8},"branches":{"total":8,"covered":8,"skipped":0,"pct":100}}
,"/home/manu/Documents/Lead Developer Java Angular/projet4/projet4-fullstack/front/src/app/pages/sessions/components/detail/detail.component.ts": {"lines":{"total":27,"covered":26,"skipped":0,"pct":96.29},"functions":{"total":14,"covered":13,"skipped":0,"pct":92.85},"statements":{"total":29,"covered":28,"skipped":0,"pct":96.55},"branches":{"total":2,"covered":2,"skipped":0,"pct":100}}
,"/home/manu/Documents/Lead Developer Java Angular/projet4/projet4-fullstack/front/src/app/pages/sessions/components/form/form.component.html": {"lines":{"total":29,"covered":0,"skipped":0,"pct":0},"functions":{"total":1,"covered":0,"skipped":0,"pct":0},"statements":{"total":49,"covered":0,"skipped":0,"pct":0},"branches":{"total":4,"covered":0,"skipped":0,"pct":0}}
,"/home/manu/Documents/Lead Developer Java Angular/projet4/projet4-fullstack/front/src/app/pages/sessions/components/form/form.component.ts": {"lines":{"total":29,"covered":1,"skipped":0,"pct":3.44},"functions":{"total":8,"covered":1,"skipped":0,"pct":12.5},"statements":{"total":30,"covered":2,"skipped":0,"pct":6.66},"branches":{"total":16,"covered":0,"skipped":0,"pct":0}}
,"/home/manu/Documents/Lead Developer Java Angular/projet4/projet4-fullstack/front/src/app/pages/sessions/components/list/list.component.html": {"lines":{"total":29,"covered":29,"skipped":0,"pct":100},"functions":{"total":0,"covered":0,"skipped":0,"pct":100},"statements":{"total":44,"covered":44,"skipped":0,"pct":100},"branches":{"total":4,"covered":4,"skipped":0,"pct":100}}
,"/home/manu/Documents/Lead Developer Java Angular/projet4/projet4-fullstack/front/src/app/pages/sessions/components/list/list.component.ts": {"lines":{"total":5,"covered":5,"skipped":0,"pct":100},"functions":{"total":2,"covered":2,"skipped":0,"pct":100},"statements":{"total":6,"covered":6,"skipped":0,"pct":100},"branches":{"total":2,"covered":2,"skipped":0,"pct":100}}
,"/home/manu/Documents/Lead Developer Java Angular/projet4/projet4-fullstack/front/src/app/shared/material.module.ts": {"lines":{"total":2,"covered":2,"skipped":0,"pct":100},"functions":{"total":1,"covered":1,"skipped":0,"pct":100},"statements":{"total":3,"covered":3,"skipped":0,"pct":100},"branches":{"total":2,"covered":2,"skipped":0,"pct":100}}
}
