{"/home/manu/Documents/Lead Developer Java Angular/projet4/projet4-fullstack/front/src/app/app.component.html": {"path":"/home/manu/Documents/Lead Developer Java Angular/projet4/projet4-fullstack/front/src/app/app.component.html","statementMap":{"0":{"start":{"line":6,"column":8},"end":{"line":6,"column":57}},"1":{"start":{"line":6,"column":49},"end":{"line":6,"column":64}},"2":{"start":{"line":6,"column":57},"end":{"line":6,"column":null}},"3":{"start":{"line":7,"column":8},"end":{"line":7,"column":50}},"4":{"start":{"line":7,"column":43},"end":{"line":7,"column":57}},"5":{"start":{"line":7,"column":50},"end":{"line":7,"column":null}},"6":{"start":{"line":8,"column":8},"end":{"line":8,"column":52}},"7":{"start":{"line":8,"column":14},"end":{"line":8,"column":46}},"8":{"start":{"line":8,"column":14},"end":{"line":8,"column":23}},"9":{"start":{"line":8,"column":14},"end":{"line":8,"column":32}},"10":{"start":{"line":8,"column":46},"end":{"line":8,"column":59}},"11":{"start":{"line":8,"column":52},"end":{"line":8,"column":null}},"12":{"start":{"line":10,"column":8},"end":{"line":10,"column":75}},"13":{"start":{"line":10,"column":70},"end":{"line":10,"column":79}},"14":{"start":{"line":10,"column":75},"end":{"line":10,"column":null}},"15":{"start":{"line":11,"column":8},"end":{"line":11,"column":81}},"16":{"start":{"line":11,"column":73},"end":{"line":11,"column":85}},"17":{"start":{"line":11,"column":81},"end":{"line":11,"column":null}},"18":{"start":{"line":3,"column":4},"end":{"line":3,"column":18}},"19":{"start":{"line":3,"column":10},"end":{"line":3,"column":25}},"20":{"start":{"line":3,"column":18},"end":{"line":3,"column":null}},"21":{"start":{"line":4,"column":4},"end":{"line":4,"column":null}},"22":{"start":{"line":5,"column":6},"end":{"line":5,"column":null}},"23":{"start":{"line":9,"column":8},"end":{"line":9,"column":null}},"24":{"start":{"line":14,"column":2},"end":{"line":14,"column":null}},"25":{"start":{"line":15,"column":2},"end":{"line":15,"column":null}},"26":{"start":{"line":16,"column":4},"end":{"line":16,"column":null}},"27":{"start":{"line":18,"column":0},"end":{"line":18,"column":null}},"28":{"start":{"line":5,"column":6},"end":{"line":12,"column":null}}},"fnMap":{"0":{"name":"AppComponent_Conditional_5_Template_span_click_4_listener","decl":{"start":{"line":8,"column":14},"end":{"line":8,"column":23}},"loc":{"start":{"line":8,"column":14},"end":{"line":8,"column":32}}}},"branchMap":{"0":{"loc":{"start":{"line":5,"column":6},"end":{"line":5,"column":32}},"type":"cond-expr","locations":[{"start":{"line":5,"column":6},"end":{"line":5,"column":32}},{"start":{"line":5,"column":6},"end":{"line":5,"column":32}}]}},"s":{"0":10,"1":10,"2":10,"3":10,"4":10,"5":10,"6":10,"7":10,"8":6,"9":3,"10":10,"11":10,"12":23,"13":23,"14":23,"15":23,"16":23,"17":23,"18":20,"19":20,"20":20,"21":20,"22":20,"23":20,"24":20,"25":20,"26":20,"27":20,"28":932},"f":{"0":3},"b":{"0":[30,436]}}
,"/home/manu/Documents/Lead Developer Java Angular/projet4/projet4-fullstack/front/src/app/app.component.ts": {"path":"/home/manu/Documents/Lead Developer Java Angular/projet4/projet4-fullstack/front/src/app/app.component.ts","statementMap":{"0":{"start":{"line":14,"column":25},"end":{"line":14,"column":null}},"1":{"start":{"line":15,"column":10},"end":{"line":15,"column":null}},"2":{"start":{"line":16,"column":10},"end":{"line":16,"column":null}},"3":{"start":{"line":19,"column":4},"end":{"line":19,"column":null}},"4":{"start":{"line":23,"column":4},"end":{"line":23,"column":null}},"5":{"start":{"line":24,"column":4},"end":{"line":24,"column":null}},"6":{"start":{"line":14,"column":13},"end":{"line":14,"column":null}}},"fnMap":{"0":{"name":"(anonymous_3)","decl":{"start":{"line":14,"column":25},"end":{"line":14,"column":null}},"loc":{"start":{"line":14,"column":25},"end":{"line":14,"column":null}}},"1":{"name":"(anonymous_5)","decl":{"start":{"line":18,"column":9},"end":{"line":18,"column":18}},"loc":{"start":{"line":18,"column":18},"end":{"line":20,"column":null}}},"2":{"name":"(anonymous_6)","decl":{"start":{"line":22,"column":9},"end":{"line":22,"column":15}},"loc":{"start":{"line":22,"column":15},"end":{"line":25,"column":null}}}},"branchMap":{"0":{"loc":{"start":{"line":14,"column":13},"end":{"line":14,"column":25}},"type":"binary-expr","locations":[{"start":{"line":14,"column":13},"end":{"line":14,"column":25}},{"start":{"line":14,"column":13},"end":{"line":14,"column":25}}]}},"s":{"0":20,"1":20,"2":20,"3":466,"4":3,"5":3,"6":40},"f":{"0":20,"1":466,"2":3},"b":{"0":[20,20]}}
,"/home/manu/Documents/Lead Developer Java Angular/projet4/projet4-fullstack/front/src/app/app.config.ts": {"path":"/home/manu/Documents/Lead Developer Java Angular/projet4/projet4-fullstack/front/src/app/app.config.ts","statementMap":{"0":{"start":{"line":7,"column":44},"end":{"line":14,"column":null}}},"fnMap":{},"branchMap":{},"s":{"0":20},"f":{},"b":{}}
,"/home/manu/Documents/Lead Developer Java Angular/projet4/projet4-fullstack/front/src/app/app.routes.ts": {"path":"/home/manu/Documents/Lead Developer Java Angular/projet4/projet4-fullstack/front/src/app/app.routes.ts","statementMap":{"0":{"start":{"line":12,"column":30},"end":{"line":61,"column":null}}},"fnMap":{},"branchMap":{},"s":{"0":20},"f":{},"b":{}}
,"/home/manu/Documents/Lead Developer Java Angular/projet4/projet4-fullstack/front/src/app/components/me/me.component.html": {"path":"/home/manu/Documents/Lead Developer Java Angular/projet4/projet4-fullstack/front/src/app/components/me/me.component.html","statementMap":{"0":{"start":{"line":17,"column":8},"end":{"line":17,"column":36}},"1":{"start":{"line":17,"column":23},"end":{"line":17,"column":40}},"2":{"start":{"line":17,"column":36},"end":{"line":17,"column":null}},"3":{"start":{"line":20,"column":12},"end":{"line":20,"column":33}},"4":{"start":{"line":20,"column":15},"end":{"line":20,"column":37}},"5":{"start":{"line":20,"column":33},"end":{"line":20,"column":null}},"6":{"start":{"line":21,"column":12},"end":{"line":21,"column":null}},"7":{"start":{"line":21,"column":51},"end":{"line":21,"column":70}},"8":{"start":{"line":21,"column":51},"end":{"line":21,"column":60}},"9":{"start":{"line":21,"column":51},"end":{"line":21,"column":69}},"10":{"start":{"line":22,"column":14},"end":{"line":22,"column":30}},"11":{"start":{"line":22,"column":24},"end":{"line":22,"column":41}},"12":{"start":{"line":22,"column":30},"end":{"line":22,"column":null}},"13":{"start":{"line":23,"column":14},"end":{"line":23,"column":38}},"14":{"start":{"line":23,"column":32},"end":{"line":23,"column":45}},"15":{"start":{"line":25,"column":10},"end":{"line":25,"column":null}},"16":{"start":{"line":14,"column":8},"end":{"line":14,"column":69}},"17":{"start":{"line":14,"column":11},"end":{"line":14,"column":73}},"18":{"start":{"line":14,"column":69},"end":{"line":14,"column":null}},"19":{"start":{"line":15,"column":8},"end":{"line":15,"column":34}},"20":{"start":{"line":15,"column":11},"end":{"line":15,"column":38}},"21":{"start":{"line":15,"column":34},"end":{"line":15,"column":null}},"22":{"start":{"line":18,"column":10},"end":{"line":18,"column":null}},"23":{"start":{"line":29,"column":13},"end":{"line":29,"column":27}},"24":{"start":{"line":29,"column":16},"end":{"line":29,"column":31}},"25":{"start":{"line":29,"column":27},"end":{"line":29,"column":32}},"26":{"start":{"line":29,"column":32},"end":{"line":29,"column":74}},"27":{"start":{"line":29,"column":70},"end":{"line":29,"column":null}},"28":{"start":{"line":30,"column":13},"end":{"line":30,"column":29}},"29":{"start":{"line":30,"column":16},"end":{"line":30,"column":33}},"30":{"start":{"line":30,"column":29},"end":{"line":30,"column":34}},"31":{"start":{"line":30,"column":34},"end":{"line":30,"column":75}},"32":{"start":{"line":32,"column":6},"end":{"line":32,"column":null}},"33":{"start":{"line":16,"column":8},"end":{"line":26,"column":null}},"34":{"start":{"line":5,"column":8},"end":{"line":5,"column":null}},"35":{"start":{"line":5,"column":32},"end":{"line":5,"column":49}},"36":{"start":{"line":5,"column":32},"end":{"line":5,"column":48}},"37":{"start":{"line":6,"column":10},"end":{"line":6,"column":30}},"38":{"start":{"line":6,"column":20},"end":{"line":6,"column":41}},"39":{"start":{"line":7,"column":8},"end":{"line":7,"column":null}},"40":{"start":{"line":8,"column":8},"end":{"line":8,"column":28}},"41":{"start":{"line":8,"column":12},"end":{"line":8,"column":33}},"42":{"start":{"line":10,"column":4},"end":{"line":10,"column":null}},"43":{"start":{"line":11,"column":4},"end":{"line":11,"column":null}},"44":{"start":{"line":12,"column":4},"end":{"line":12,"column":null}},"45":{"start":{"line":36,"column":0},"end":{"line":36,"column":null}},"46":{"start":{"line":12,"column":4},"end":{"line":33,"column":null}}},"fnMap":{"0":{"name":"MeComponent_Conditional_10_Conditional_7_Template_button_click_3_listener","decl":{"start":{"line":21,"column":51},"end":{"line":21,"column":60}},"loc":{"start":{"line":21,"column":51},"end":{"line":21,"column":69}}},"1":{"name":"MeComponent_Template_button_click_4_listener","decl":{"start":{"line":5,"column":32},"end":{"line":5,"column":41}},"loc":{"start":{"line":5,"column":32},"end":{"line":5,"column":48}}}},"branchMap":{"0":{"loc":{"start":{"line":16,"column":8},"end":{"line":16,"column":26}},"type":"cond-expr","locations":[{"start":{"line":16,"column":8},"end":{"line":16,"column":26}},{"start":{"line":16,"column":8},"end":{"line":16,"column":26}}]},"1":{"loc":{"start":{"line":12,"column":4},"end":{"line":12,"column":16}},"type":"cond-expr","locations":[{"start":{"line":12,"column":4},"end":{"line":12,"column":16}},{"start":{"line":12,"column":4},"end":{"line":12,"column":16}}]}},"s":{"0":0,"1":0,"2":0,"3":2,"4":2,"5":2,"6":2,"7":2,"8":0,"9":0,"10":2,"11":2,"12":2,"13":2,"14":2,"15":2,"16":2,"17":6,"18":2,"19":2,"20":6,"21":2,"22":2,"23":2,"24":2,"25":2,"26":6,"27":2,"28":2,"29":2,"30":2,"31":6,"32":2,"33":4,"34":2,"35":2,"36":0,"37":2,"38":2,"39":2,"40":2,"41":2,"42":2,"43":2,"44":2,"45":2,"46":8},"f":{"0":0,"1":0},"b":{"0":[0,2],"1":[2,2]}}
,"/home/manu/Documents/Lead Developer Java Angular/projet4/projet4-fullstack/front/src/app/components/me/me.component.ts": {"path":"/home/manu/Documents/Lead Developer Java Angular/projet4/projet4-fullstack/front/src/app/components/me/me.component.ts","statementMap":{"0":{"start":{"line":17,"column":24},"end":{"line":17,"column":null}},"1":{"start":{"line":18,"column":10},"end":{"line":18,"column":null}},"2":{"start":{"line":19,"column":10},"end":{"line":19,"column":null}},"3":{"start":{"line":20,"column":10},"end":{"line":20,"column":null}},"4":{"start":{"line":21,"column":10},"end":{"line":21,"column":null}},"5":{"start":{"line":22,"column":19},"end":{"line":22,"column":null}},"6":{"start":{"line":26,"column":4},"end":{"line":31,"column":null}},"7":{"start":{"line":31,"column":33},"end":{"line":31,"column":49}},"8":{"start":{"line":35,"column":4},"end":{"line":35,"column":null}},"9":{"start":{"line":39,"column":4},"end":{"line":48,"column":null}},"10":{"start":{"line":45,"column":8},"end":{"line":45,"column":null}},"11":{"start":{"line":46,"column":8},"end":{"line":46,"column":null}},"12":{"start":{"line":47,"column":8},"end":{"line":47,"column":null}},"13":{"start":{"line":17,"column":13},"end":{"line":17,"column":null}}},"fnMap":{"0":{"name":"(anonymous_4)","decl":{"start":{"line":17,"column":24},"end":{"line":17,"column":null}},"loc":{"start":{"line":17,"column":24},"end":{"line":17,"column":null}}},"1":{"name":"(anonymous_6)","decl":{"start":{"line":25,"column":2},"end":{"line":25,"column":10}},"loc":{"start":{"line":25,"column":10},"end":{"line":32,"column":null}}},"2":{"name":"(anonymous_7)","decl":{"start":{"line":31,"column":18},"end":{"line":31,"column":28}},"loc":{"start":{"line":31,"column":33},"end":{"line":31,"column":49}}},"3":{"name":"(anonymous_8)","decl":{"start":{"line":34,"column":9},"end":{"line":34,"column":13}},"loc":{"start":{"line":34,"column":13},"end":{"line":36,"column":null}}},"4":{"name":"(anonymous_9)","decl":{"start":{"line":38,"column":9},"end":{"line":38,"column":15}},"loc":{"start":{"line":38,"column":15},"end":{"line":49,"column":null}}},"5":{"name":"(anonymous_10)","decl":{"start":{"line":44,"column":17},"end":{"line":44,"column":22}},"loc":{"start":{"line":44,"column":22},"end":{"line":48,"column":7}}}},"branchMap":{"0":{"loc":{"start":{"line":17,"column":13},"end":{"line":17,"column":24}},"type":"binary-expr","locations":[{"start":{"line":17,"column":13},"end":{"line":17,"column":24}},{"start":{"line":17,"column":13},"end":{"line":17,"column":24}}]}},"s":{"0":20,"1":2,"2":2,"3":2,"4":2,"5":2,"6":2,"7":2,"8":0,"9":0,"10":0,"11":0,"12":0,"13":22},"f":{"0":20,"1":2,"2":2,"3":0,"4":0,"5":0},"b":{"0":[2,2]}}
,"/home/manu/Documents/Lead Developer Java Angular/projet4/projet4-fullstack/front/src/app/core/service/auth.service.ts": {"path":"/home/manu/Documents/Lead Developer Java Angular/projet4/projet4-fullstack/front/src/app/core/service/auth.service.ts","statementMap":{"0":{"start":{"line":11,"column":24},"end":{"line":11,"column":null}},"1":{"start":{"line":15,"column":22},"end":{"line":15,"column":44}},"2":{"start":{"line":13,"column":10},"end":{"line":13,"column":null}},"3":{"start":{"line":18,"column":4},"end":{"line":18,"column":null}},"4":{"start":{"line":22,"column":4},"end":{"line":22,"column":null}},"5":{"start":{"line":11,"column":13},"end":{"line":11,"column":null}}},"fnMap":{"0":{"name":"(anonymous_0)","decl":{"start":{"line":11,"column":24},"end":{"line":11,"column":null}},"loc":{"start":{"line":11,"column":24},"end":{"line":11,"column":null}}},"1":{"name":"(anonymous_1)","decl":{"start":{"line":15,"column":2},"end":{"line":15,"column":22}},"loc":{"start":{"line":15,"column":44},"end":{"line":15,"column":null}}},"2":{"name":"(anonymous_2)","decl":{"start":{"line":17,"column":9},"end":{"line":17,"column":17}},"loc":{"start":{"line":17,"column":50},"end":{"line":19,"column":null}}},"3":{"name":"(anonymous_3)","decl":{"start":{"line":21,"column":9},"end":{"line":21,"column":14}},"loc":{"start":{"line":21,"column":41},"end":{"line":23,"column":null}}}},"branchMap":{"0":{"loc":{"start":{"line":11,"column":13},"end":{"line":11,"column":24}},"type":"binary-expr","locations":[{"start":{"line":11,"column":13},"end":{"line":11,"column":24}},{"start":{"line":11,"column":13},"end":{"line":11,"column":24}}]}},"s":{"0":20,"1":18,"2":18,"3":2,"4":10,"5":38},"f":{"0":20,"1":18,"2":2,"3":10},"b":{"0":[18,18]}}
,"/home/manu/Documents/Lead Developer Java Angular/projet4/projet4-fullstack/front/src/app/core/service/session-api.service.ts": {"path":"/home/manu/Documents/Lead Developer Java Angular/projet4/projet4-fullstack/front/src/app/core/service/session-api.service.ts","statementMap":{"0":{"start":{"line":9,"column":30},"end":{"line":9,"column":null}},"1":{"start":{"line":13,"column":22},"end":{"line":13,"column":44}},"2":{"start":{"line":11,"column":10},"end":{"line":11,"column":null}},"3":{"start":{"line":17,"column":4},"end":{"line":17,"column":null}},"4":{"start":{"line":21,"column":4},"end":{"line":21,"column":null}},"5":{"start":{"line":25,"column":4},"end":{"line":25,"column":null}},"6":{"start":{"line":29,"column":4},"end":{"line":29,"column":null}},"7":{"start":{"line":33,"column":4},"end":{"line":33,"column":null}},"8":{"start":{"line":37,"column":4},"end":{"line":37,"column":null}},"9":{"start":{"line":41,"column":4},"end":{"line":41,"column":null}},"10":{"start":{"line":9,"column":13},"end":{"line":9,"column":null}}},"fnMap":{"0":{"name":"(anonymous_0)","decl":{"start":{"line":9,"column":30},"end":{"line":9,"column":null}},"loc":{"start":{"line":9,"column":30},"end":{"line":9,"column":null}}},"1":{"name":"(anonymous_1)","decl":{"start":{"line":13,"column":2},"end":{"line":13,"column":22}},"loc":{"start":{"line":13,"column":44},"end":{"line":14,"column":null}}},"2":{"name":"(anonymous_2)","decl":{"start":{"line":16,"column":9},"end":{"line":16,"column":12}},"loc":{"start":{"line":16,"column":12},"end":{"line":18,"column":null}}},"3":{"name":"(anonymous_3)","decl":{"start":{"line":20,"column":9},"end":{"line":20,"column":15}},"loc":{"start":{"line":20,"column":26},"end":{"line":22,"column":null}}},"4":{"name":"(anonymous_4)","decl":{"start":{"line":24,"column":9},"end":{"line":24,"column":15}},"loc":{"start":{"line":24,"column":26},"end":{"line":26,"column":null}}},"5":{"name":"(anonymous_5)","decl":{"start":{"line":28,"column":9},"end":{"line":28,"column":15}},"loc":{"start":{"line":28,"column":32},"end":{"line":30,"column":null}}},"6":{"name":"(anonymous_6)","decl":{"start":{"line":32,"column":9},"end":{"line":32,"column":15}},"loc":{"start":{"line":32,"column":44},"end":{"line":34,"column":null}}},"7":{"name":"(anonymous_7)","decl":{"start":{"line":36,"column":9},"end":{"line":36,"column":20}},"loc":{"start":{"line":36,"column":47},"end":{"line":38,"column":null}}},"8":{"name":"(anonymous_8)","decl":{"start":{"line":40,"column":9},"end":{"line":40,"column":22}},"loc":{"start":{"line":40,"column":49},"end":{"line":42,"column":null}}}},"branchMap":{"0":{"loc":{"start":{"line":9,"column":13},"end":{"line":9,"column":30}},"type":"binary-expr","locations":[{"start":{"line":9,"column":13},"end":{"line":9,"column":30}},{"start":{"line":9,"column":13},"end":{"line":9,"column":30}}]}},"s":{"0":20,"1":10,"2":10,"3":10,"4":2,"5":0,"6":0,"7":0,"8":0,"9":0,"10":30},"f":{"0":20,"1":10,"2":10,"3":2,"4":0,"5":0,"6":0,"7":0,"8":0},"b":{"0":[10,10]}}
,"/home/manu/Documents/Lead Developer Java Angular/projet4/projet4-fullstack/front/src/app/core/service/session.service.ts": {"path":"/home/manu/Documents/Lead Developer Java Angular/projet4/projet4-fullstack/front/src/app/core/service/session.service.ts","statementMap":{"0":{"start":{"line":8,"column":27},"end":{"line":8,"column":null}},"1":{"start":{"line":10,"column":9},"end":{"line":10,"column":null}},"2":{"start":{"line":13,"column":10},"end":{"line":13,"column":null}},"3":{"start":{"line":16,"column":4},"end":{"line":16,"column":null}},"4":{"start":{"line":20,"column":4},"end":{"line":20,"column":null}},"5":{"start":{"line":21,"column":4},"end":{"line":21,"column":null}},"6":{"start":{"line":22,"column":4},"end":{"line":22,"column":null}},"7":{"start":{"line":26,"column":4},"end":{"line":26,"column":null}},"8":{"start":{"line":27,"column":4},"end":{"line":27,"column":null}},"9":{"start":{"line":28,"column":4},"end":{"line":28,"column":null}},"10":{"start":{"line":32,"column":4},"end":{"line":32,"column":null}},"11":{"start":{"line":8,"column":13},"end":{"line":8,"column":null}}},"fnMap":{"0":{"name":"(anonymous_0)","decl":{"start":{"line":8,"column":27},"end":{"line":8,"column":null}},"loc":{"start":{"line":8,"column":27},"end":{"line":8,"column":null}}},"1":{"name":"(anonymous_2)","decl":{"start":{"line":15,"column":9},"end":{"line":15,"column":18}},"loc":{"start":{"line":15,"column":18},"end":{"line":17,"column":null}}},"2":{"name":"(anonymous_3)","decl":{"start":{"line":19,"column":9},"end":{"line":19,"column":14}},"loc":{"start":{"line":19,"column":39},"end":{"line":23,"column":null}}},"3":{"name":"(anonymous_4)","decl":{"start":{"line":25,"column":9},"end":{"line":25,"column":15}},"loc":{"start":{"line":25,"column":15},"end":{"line":29,"column":null}}},"4":{"name":"(anonymous_5)","decl":{"start":{"line":31,"column":10},"end":{"line":31,"column":14}},"loc":{"start":{"line":31,"column":14},"end":{"line":33,"column":null}}}},"branchMap":{"0":{"loc":{"start":{"line":8,"column":13},"end":{"line":8,"column":27}},"type":"binary-expr","locations":[{"start":{"line":8,"column":13},"end":{"line":8,"column":27}},{"start":{"line":8,"column":13},"end":{"line":8,"column":27}}]}},"s":{"0":20,"1":20,"2":20,"3":466,"4":10,"5":10,"6":10,"7":3,"8":3,"9":3,"10":13,"11":40},"f":{"0":20,"1":466,"2":10,"3":3,"4":13},"b":{"0":[20,20]}}
,"/home/manu/Documents/Lead Developer Java Angular/projet4/projet4-fullstack/front/src/app/core/service/teacher.service.ts": {"path":"/home/manu/Documents/Lead Developer Java Angular/projet4/projet4-fullstack/front/src/app/core/service/teacher.service.ts","statementMap":{"0":{"start":{"line":9,"column":27},"end":{"line":9,"column":null}},"1":{"start":{"line":13,"column":22},"end":{"line":13,"column":44}},"2":{"start":{"line":11,"column":10},"end":{"line":11,"column":null}},"3":{"start":{"line":16,"column":4},"end":{"line":16,"column":null}},"4":{"start":{"line":20,"column":4},"end":{"line":20,"column":null}},"5":{"start":{"line":9,"column":13},"end":{"line":9,"column":null}}},"fnMap":{"0":{"name":"(anonymous_0)","decl":{"start":{"line":9,"column":27},"end":{"line":9,"column":null}},"loc":{"start":{"line":9,"column":27},"end":{"line":9,"column":null}}},"1":{"name":"(anonymous_1)","decl":{"start":{"line":13,"column":2},"end":{"line":13,"column":22}},"loc":{"start":{"line":13,"column":44},"end":{"line":13,"column":null}}},"2":{"name":"(anonymous_2)","decl":{"start":{"line":15,"column":9},"end":{"line":15,"column":12}},"loc":{"start":{"line":15,"column":12},"end":{"line":17,"column":null}}},"3":{"name":"(anonymous_3)","decl":{"start":{"line":19,"column":9},"end":{"line":19,"column":15}},"loc":{"start":{"line":19,"column":26},"end":{"line":21,"column":null}}}},"branchMap":{"0":{"loc":{"start":{"line":9,"column":13},"end":{"line":9,"column":27}},"type":"binary-expr","locations":[{"start":{"line":9,"column":13},"end":{"line":9,"column":27}},{"start":{"line":9,"column":13},"end":{"line":9,"column":27}}]}},"s":{"0":20,"1":2,"2":2,"3":0,"4":2,"5":22},"f":{"0":20,"1":2,"2":0,"3":2},"b":{"0":[2,2]}}
,"/home/manu/Documents/Lead Developer Java Angular/projet4/projet4-fullstack/front/src/app/core/service/user.service.ts": {"path":"/home/manu/Documents/Lead Developer Java Angular/projet4/projet4-fullstack/front/src/app/core/service/user.service.ts","statementMap":{"0":{"start":{"line":9,"column":24},"end":{"line":9,"column":null}},"1":{"start":{"line":13,"column":22},"end":{"line":13,"column":44}},"2":{"start":{"line":11,"column":10},"end":{"line":11,"column":null}},"3":{"start":{"line":16,"column":4},"end":{"line":16,"column":null}},"4":{"start":{"line":20,"column":4},"end":{"line":20,"column":null}},"5":{"start":{"line":9,"column":13},"end":{"line":9,"column":null}}},"fnMap":{"0":{"name":"(anonymous_0)","decl":{"start":{"line":9,"column":24},"end":{"line":9,"column":null}},"loc":{"start":{"line":9,"column":24},"end":{"line":9,"column":null}}},"1":{"name":"(anonymous_1)","decl":{"start":{"line":13,"column":2},"end":{"line":13,"column":22}},"loc":{"start":{"line":13,"column":44},"end":{"line":13,"column":null}}},"2":{"name":"(anonymous_2)","decl":{"start":{"line":15,"column":9},"end":{"line":15,"column":16}},"loc":{"start":{"line":15,"column":27},"end":{"line":17,"column":null}}},"3":{"name":"(anonymous_3)","decl":{"start":{"line":19,"column":9},"end":{"line":19,"column":15}},"loc":{"start":{"line":19,"column":26},"end":{"line":21,"column":null}}}},"branchMap":{"0":{"loc":{"start":{"line":9,"column":13},"end":{"line":9,"column":24}},"type":"binary-expr","locations":[{"start":{"line":9,"column":13},"end":{"line":9,"column":24}},{"start":{"line":9,"column":13},"end":{"line":9,"column":24}}]}},"s":{"0":20,"1":2,"2":2,"3":2,"4":0,"5":22},"f":{"0":20,"1":2,"2":2,"3":0},"b":{"0":[2,2]}}
,"/home/manu/Documents/Lead Developer Java Angular/projet4/projet4-fullstack/front/src/app/guards/auth.guard.ts": {"path":"/home/manu/Documents/Lead Developer Java Angular/projet4/projet4-fullstack/front/src/app/guards/auth.guard.ts","statementMap":{"0":{"start":{"line":6,"column":22},"end":{"line":6,"column":null}},"1":{"start":{"line":9,"column":12},"end":{"line":9,"column":26}},"2":{"start":{"line":10,"column":12},"end":{"line":10,"column":42}},"3":{"start":{"line":15,"column":4},"end":{"line":18,"column":null}},"4":{"start":{"line":16,"column":6},"end":{"line":16,"column":null}},"5":{"start":{"line":17,"column":6},"end":{"line":17,"column":null}},"6":{"start":{"line":19,"column":4},"end":{"line":19,"column":null}},"7":{"start":{"line":6,"column":13},"end":{"line":6,"column":null}}},"fnMap":{"0":{"name":"(anonymous_0)","decl":{"start":{"line":6,"column":22},"end":{"line":6,"column":null}},"loc":{"start":{"line":6,"column":22},"end":{"line":6,"column":null}}},"1":{"name":"(anonymous_1)","decl":{"start":{"line":8,"column":2},"end":{"line":8,"column":null}},"loc":{"start":{"line":10,"column":42},"end":{"line":12,"column":null}}},"2":{"name":"(anonymous_2)","decl":{"start":{"line":14,"column":9},"end":{"line":14,"column":20}},"loc":{"start":{"line":14,"column":20},"end":{"line":20,"column":null}}}},"branchMap":{"0":{"loc":{"start":{"line":15,"column":4},"end":{"line":18,"column":null}},"type":"if","locations":[{"start":{"line":15,"column":4},"end":{"line":18,"column":null}},{"start":{"line":15,"column":4},"end":{"line":18,"column":null}}]},"1":{"loc":{"start":{"line":6,"column":13},"end":{"line":6,"column":22}},"type":"binary-expr","locations":[{"start":{"line":6,"column":13},"end":{"line":6,"column":22}},{"start":{"line":6,"column":13},"end":{"line":6,"column":22}}]}},"s":{"0":20,"1":12,"2":12,"3":14,"4":2,"5":2,"6":12,"7":32},"f":{"0":20,"1":12,"2":14},"b":{"0":[2,12],"1":[12,12]}}
,"/home/manu/Documents/Lead Developer Java Angular/projet4/projet4-fullstack/front/src/app/guards/unauth.guard.ts": {"path":"/home/manu/Documents/Lead Developer Java Angular/projet4/projet4-fullstack/front/src/app/guards/unauth.guard.ts","statementMap":{"0":{"start":{"line":6,"column":24},"end":{"line":6,"column":null}},"1":{"start":{"line":9,"column":12},"end":{"line":9,"column":26}},"2":{"start":{"line":10,"column":12},"end":{"line":10,"column":42}},"3":{"start":{"line":15,"column":4},"end":{"line":18,"column":null}},"4":{"start":{"line":16,"column":6},"end":{"line":16,"column":null}},"5":{"start":{"line":17,"column":6},"end":{"line":17,"column":null}},"6":{"start":{"line":19,"column":4},"end":{"line":19,"column":null}},"7":{"start":{"line":6,"column":13},"end":{"line":6,"column":null}}},"fnMap":{"0":{"name":"(anonymous_0)","decl":{"start":{"line":6,"column":24},"end":{"line":6,"column":null}},"loc":{"start":{"line":6,"column":24},"end":{"line":6,"column":null}}},"1":{"name":"(anonymous_1)","decl":{"start":{"line":8,"column":2},"end":{"line":8,"column":null}},"loc":{"start":{"line":10,"column":42},"end":{"line":12,"column":null}}},"2":{"name":"(anonymous_2)","decl":{"start":{"line":14,"column":9},"end":{"line":14,"column":20}},"loc":{"start":{"line":14,"column":20},"end":{"line":20,"column":null}}}},"branchMap":{"0":{"loc":{"start":{"line":15,"column":4},"end":{"line":18,"column":null}},"type":"if","locations":[{"start":{"line":15,"column":4},"end":{"line":18,"column":null}},{"start":{"line":15,"column":4},"end":{"line":18,"column":null}}]},"1":{"loc":{"start":{"line":6,"column":13},"end":{"line":6,"column":24}},"type":"binary-expr","locations":[{"start":{"line":6,"column":13},"end":{"line":6,"column":24}},{"start":{"line":6,"column":13},"end":{"line":6,"column":24}}]}},"s":{"0":20,"1":18,"2":18,"3":23,"4":0,"5":0,"6":23,"7":38},"f":{"0":20,"1":18,"2":23},"b":{"0":[0,23],"1":[18,18]}}
,"/home/manu/Documents/Lead Developer Java Angular/projet4/projet4-fullstack/front/src/app/interceptors/customJwtInterceptorFn.ts": {"path":"/home/manu/Documents/Lead Developer Java Angular/projet4/projet4-fullstack/front/src/app/interceptors/customJwtInterceptorFn.ts","statementMap":{"0":{"start":{"line":7,"column":25},"end":{"line":7,"column":47}},"1":{"start":{"line":8,"column":2},"end":{"line":14,"column":null}},"2":{"start":{"line":9,"column":4},"end":{"line":13,"column":null}},"3":{"start":{"line":15,"column":2},"end":{"line":15,"column":null}}},"fnMap":{"0":{"name":"customJwtInterceptorFn","decl":{"start":{"line":6,"column":16},"end":{"line":6,"column":38}},"loc":{"start":{"line":6,"column":89},"end":{"line":16,"column":null}}}},"branchMap":{"0":{"loc":{"start":{"line":8,"column":2},"end":{"line":14,"column":null}},"type":"if","locations":[{"start":{"line":8,"column":2},"end":{"line":14,"column":null}},{"start":{"line":8,"column":2},"end":{"line":14,"column":null}}]}},"s":{"0":28,"1":28,"2":16,"3":28},"f":{"0":28},"b":{"0":[16,12]}}
,"/home/manu/Documents/Lead Developer Java Angular/projet4/projet4-fullstack/front/src/app/pages/login/login.component.html": {"path":"/home/manu/Documents/Lead Developer Java Angular/projet4/projet4-fullstack/front/src/app/pages/login/login.component.html","statementMap":{"0":{"start":{"line":22,"column":16},"end":{"line":22,"column":54}},"1":{"start":{"line":22,"column":37},"end":{"line":22,"column":58}},"2":{"start":{"line":22,"column":54},"end":{"line":22,"column":null}},"3":{"start":{"line":4,"column":12},"end":{"line":4,"column":33}},"4":{"start":{"line":4,"column":28},"end":{"line":4,"column":50}},"5":{"start":{"line":5,"column":8},"end":{"line":5,"column":null}},"6":{"start":{"line":6,"column":8},"end":{"line":6,"column":null}},"7":{"start":{"line":6,"column":52},"end":{"line":6,"column":74}},"8":{"start":{"line":6,"column":52},"end":{"line":6,"column":73}},"9":{"start":{"line":8,"column":16},"end":{"line":8,"column":null}},"10":{"start":{"line":9,"column":20},"end":{"line":9,"column":null}},"11":{"start":{"line":10,"column":16},"end":{"line":10,"column":null}},"12":{"start":{"line":11,"column":16},"end":{"line":11,"column":null}},"13":{"start":{"line":12,"column":20},"end":{"line":13,"column":null}},"14":{"start":{"line":14,"column":20},"end":{"line":15,"column":null}},"15":{"start":{"line":14,"column":54},"end":{"line":14,"column":77}},"16":{"start":{"line":14,"column":54},"end":{"line":14,"column":76}},"17":{"start":{"line":16,"column":24},"end":{"line":16,"column":76}},"18":{"start":{"line":16,"column":34},"end":{"line":16,"column":87}},"19":{"start":{"line":19,"column":12},"end":{"line":19,"column":null}},"20":{"start":{"line":20,"column":12},"end":{"line":20,"column":100}},"21":{"start":{"line":20,"column":94},"end":{"line":20,"column":109}},"22":{"start":{"line":20,"column":100},"end":{"line":20,"column":null}},"23":{"start":{"line":21,"column":12},"end":{"line":21,"column":null}},"24":{"start":{"line":26,"column":0},"end":{"line":26,"column":null}},"25":{"start":{"line":6,"column":33},"end":{"line":6,"column":52}},"26":{"start":{"line":12,"column":36},"end":{"line":12,"column":null}},"27":{"start":{"line":14,"column":77},"end":{"line":14,"column":null}},"28":{"start":{"line":20,"column":68},"end":{"line":20,"column":94}},"29":{"start":{"line":21,"column":12},"end":{"line":23,"column":null}}},"fnMap":{"0":{"name":"LoginComponent_Template_form_ngSubmit_5_listener","decl":{"start":{"line":6,"column":52},"end":{"line":6,"column":64}},"loc":{"start":{"line":6,"column":52},"end":{"line":6,"column":73}}},"1":{"name":"LoginComponent_Template_button_click_11_listener","decl":{"start":{"line":14,"column":54},"end":{"line":14,"column":76}},"loc":{"start":{"line":14,"column":54},"end":{"line":14,"column":76}}}},"branchMap":{"0":{"loc":{"start":{"line":12,"column":36},"end":{"line":12,"column":71}},"type":"cond-expr","locations":[{"start":{"line":12,"column":36},"end":{"line":12,"column":71}},{"start":{"line":12,"column":36},"end":{"line":12,"column":71}}]},"1":{"loc":{"start":{"line":16,"column":34},"end":{"line":16,"column":76}},"type":"cond-expr","locations":[{"start":{"line":16,"column":34},"end":{"line":16,"column":76}},{"start":{"line":16,"column":34},"end":{"line":16,"column":76}}]},"2":{"loc":{"start":{"line":21,"column":12},"end":{"line":21,"column":25}},"type":"cond-expr","locations":[{"start":{"line":21,"column":12},"end":{"line":21,"column":25}},{"start":{"line":21,"column":12},"end":{"line":21,"column":25}}]}},"s":{"0":0,"1":0,"2":0,"3":19,"4":19,"5":19,"6":19,"7":19,"8":10,"9":19,"10":19,"11":19,"12":19,"13":19,"14":19,"15":19,"16":4,"17":19,"18":655,"19":19,"20":19,"21":19,"22":19,"23":19,"24":19,"25":636,"26":636,"27":318,"28":636,"29":636},"f":{"0":10,"1":4},"b":{"0":[316,2],"1":[316,2],"2":[0,318]}}
,"/home/manu/Documents/Lead Developer Java Angular/projet4/projet4-fullstack/front/src/app/pages/login/login.component.ts": {"path":"/home/manu/Documents/Lead Developer Java Angular/projet4/projet4-fullstack/front/src/app/pages/login/login.component.ts","statementMap":{"0":{"start":{"line":18,"column":27},"end":{"line":18,"column":null}},"1":{"start":{"line":19,"column":10},"end":{"line":19,"column":null}},"2":{"start":{"line":20,"column":10},"end":{"line":20,"column":null}},"3":{"start":{"line":21,"column":10},"end":{"line":21,"column":null}},"4":{"start":{"line":22,"column":10},"end":{"line":22,"column":null}},"5":{"start":{"line":23,"column":19},"end":{"line":23,"column":null}},"6":{"start":{"line":25,"column":9},"end":{"line":25,"column":null}},"7":{"start":{"line":26,"column":9},"end":{"line":26,"column":null}},"8":{"start":{"line":28,"column":9},"end":{"line":43,"column":null}},"9":{"start":{"line":46,"column":25},"end":{"line":46,"column":56}},"10":{"start":{"line":47,"column":4},"end":{"line":57,"column":null}},"11":{"start":{"line":53,"column":8},"end":{"line":53,"column":null}},"12":{"start":{"line":54,"column":8},"end":{"line":54,"column":null}},"13":{"start":{"line":56,"column":19},"end":{"line":56,"column":null}},"14":{"start":{"line":18,"column":13},"end":{"line":18,"column":null}}},"fnMap":{"0":{"name":"(anonymous_1)","decl":{"start":{"line":18,"column":27},"end":{"line":18,"column":null}},"loc":{"start":{"line":18,"column":27},"end":{"line":18,"column":null}}},"1":{"name":"(anonymous_3)","decl":{"start":{"line":45,"column":9},"end":{"line":45,"column":15}},"loc":{"start":{"line":45,"column":15},"end":{"line":58,"column":null}}},"2":{"name":"(anonymous_4)","decl":{"start":{"line":52,"column":13},"end":{"line":52,"column":41}},"loc":{"start":{"line":52,"column":45},"end":{"line":55,"column":7}}},"3":{"name":"(anonymous_5)","decl":{"start":{"line":56,"column":13},"end":{"line":56,"column":19}},"loc":{"start":{"line":56,"column":19},"end":{"line":56,"column":null}}}},"branchMap":{"0":{"loc":{"start":{"line":18,"column":13},"end":{"line":18,"column":27}},"type":"binary-expr","locations":[{"start":{"line":18,"column":13},"end":{"line":18,"column":27}},{"start":{"line":18,"column":13},"end":{"line":18,"column":27}}]}},"s":{"0":20,"1":19,"2":19,"3":19,"4":19,"5":19,"6":19,"7":19,"8":19,"9":10,"10":10,"11":10,"12":10,"13":0,"14":39},"f":{"0":20,"1":10,"2":10,"3":0},"b":{"0":[19,19]}}
,"/home/manu/Documents/Lead Developer Java Angular/projet4/projet4-fullstack/front/src/app/pages/not-found/not-found.component.html": {"path":"/home/manu/Documents/Lead Developer Java Angular/projet4/projet4-fullstack/front/src/app/pages/not-found/not-found.component.html","statementMap":{"0":{"start":{"line":2,"column":8},"end":{"line":2,"column":28}},"1":{"start":{"line":2,"column":12},"end":{"line":2,"column":33}},"2":{"start":{"line":3,"column":0},"end":{"line":3,"column":null}}},"fnMap":{},"branchMap":{},"s":{"0":2,"1":2,"2":2},"f":{},"b":{}}
,"/home/manu/Documents/Lead Developer Java Angular/projet4/projet4-fullstack/front/src/app/pages/not-found/not-found.component.ts": {"path":"/home/manu/Documents/Lead Developer Java Angular/projet4/projet4-fullstack/front/src/app/pages/not-found/not-found.component.ts","statementMap":{"0":{"start":{"line":8,"column":30},"end":{"line":8,"column":null}},"1":{"start":{"line":8,"column":13},"end":{"line":8,"column":null}}},"fnMap":{"0":{"name":"(anonymous_0)","decl":{"start":{"line":8,"column":30},"end":{"line":8,"column":null}},"loc":{"start":{"line":8,"column":30},"end":{"line":8,"column":null}}}},"branchMap":{"0":{"loc":{"start":{"line":8,"column":13},"end":{"line":8,"column":30}},"type":"binary-expr","locations":[{"start":{"line":8,"column":13},"end":{"line":8,"column":30}},{"start":{"line":8,"column":13},"end":{"line":8,"column":30}}]}},"s":{"0":20,"1":22},"f":{"0":20},"b":{"0":[2,2]}}
,"/home/manu/Documents/Lead Developer Java Angular/projet4/projet4-fullstack/front/src/app/pages/register/register.component.html": {"path":"/home/manu/Documents/Lead Developer Java Angular/projet4/projet4-fullstack/front/src/app/pages/register/register.component.html","statementMap":{"0":{"start":{"line":23,"column":16},"end":{"line":23,"column":54}},"1":{"start":{"line":23,"column":37},"end":{"line":23,"column":58}},"2":{"start":{"line":23,"column":54},"end":{"line":23,"column":null}},"3":{"start":{"line":4,"column":12},"end":{"line":4,"column":36}},"4":{"start":{"line":4,"column":28},"end":{"line":4,"column":53}},"5":{"start":{"line":5,"column":8},"end":{"line":5,"column":null}},"6":{"start":{"line":6,"column":8},"end":{"line":6,"column":null}},"7":{"start":{"line":6,"column":55},"end":{"line":6,"column":77}},"8":{"start":{"line":6,"column":55},"end":{"line":6,"column":76}},"9":{"start":{"line":8,"column":16},"end":{"line":8,"column":null}},"10":{"start":{"line":9,"column":20},"end":{"line":9,"column":null}},"11":{"start":{"line":10,"column":16},"end":{"line":10,"column":null}},"12":{"start":{"line":11,"column":16},"end":{"line":11,"column":null}},"13":{"start":{"line":12,"column":20},"end":{"line":12,"column":null}},"14":{"start":{"line":13,"column":16},"end":{"line":13,"column":null}},"15":{"start":{"line":14,"column":16},"end":{"line":14,"column":null}},"16":{"start":{"line":15,"column":20},"end":{"line":15,"column":null}},"17":{"start":{"line":16,"column":16},"end":{"line":16,"column":null}},"18":{"start":{"line":17,"column":16},"end":{"line":17,"column":null}},"19":{"start":{"line":18,"column":20},"end":{"line":18,"column":null}},"20":{"start":{"line":20,"column":12},"end":{"line":20,"column":null}},"21":{"start":{"line":21,"column":12},"end":{"line":21,"column":100}},"22":{"start":{"line":21,"column":94},"end":{"line":21,"column":109}},"23":{"start":{"line":21,"column":100},"end":{"line":21,"column":null}},"24":{"start":{"line":22,"column":12},"end":{"line":22,"column":null}},"25":{"start":{"line":27,"column":0},"end":{"line":27,"column":null}},"26":{"start":{"line":6,"column":36},"end":{"line":6,"column":55}},"27":{"start":{"line":21,"column":68},"end":{"line":21,"column":94}},"28":{"start":{"line":22,"column":12},"end":{"line":24,"column":null}}},"fnMap":{"0":{"name":"RegisterComponent_Template_form_ngSubmit_5_listener","decl":{"start":{"line":6,"column":55},"end":{"line":6,"column":67}},"loc":{"start":{"line":6,"column":55},"end":{"line":6,"column":76}}}},"branchMap":{"0":{"loc":{"start":{"line":22,"column":12},"end":{"line":22,"column":25}},"type":"cond-expr","locations":[{"start":{"line":22,"column":12},"end":{"line":22,"column":25}},{"start":{"line":22,"column":12},"end":{"line":22,"column":25}}]}},"s":{"0":0,"1":0,"2":0,"3":4,"4":4,"5":4,"6":4,"7":4,"8":2,"9":4,"10":4,"11":4,"12":4,"13":4,"14":4,"15":4,"16":4,"17":4,"18":4,"19":4,"20":4,"21":4,"22":4,"23":4,"24":4,"25":4,"26":192,"27":192,"28":192},"f":{"0":2},"b":{"0":[0,96]}}
,"/home/manu/Documents/Lead Developer Java Angular/projet4/projet4-fullstack/front/src/app/pages/register/register.component.ts": {"path":"/home/manu/Documents/Lead Developer Java Angular/projet4/projet4-fullstack/front/src/app/pages/register/register.component.ts","statementMap":{"0":{"start":{"line":16,"column":30},"end":{"line":16,"column":null}},"1":{"start":{"line":17,"column":10},"end":{"line":17,"column":null}},"2":{"start":{"line":18,"column":10},"end":{"line":18,"column":null}},"3":{"start":{"line":19,"column":10},"end":{"line":19,"column":null}},"4":{"start":{"line":20,"column":19},"end":{"line":20,"column":null}},"5":{"start":{"line":21,"column":9},"end":{"line":21,"column":null}},"6":{"start":{"line":23,"column":9},"end":{"line":55,"column":null}},"7":{"start":{"line":59,"column":28},"end":{"line":59,"column":62}},"8":{"start":{"line":60,"column":4},"end":{"line":68,"column":null}},"9":{"start":{"line":65,"column":20},"end":{"line":65,"column":57}},"10":{"start":{"line":66,"column":21},"end":{"line":66,"column":null}},"11":{"start":{"line":16,"column":13},"end":{"line":16,"column":null}}},"fnMap":{"0":{"name":"(anonymous_1)","decl":{"start":{"line":16,"column":30},"end":{"line":16,"column":null}},"loc":{"start":{"line":16,"column":30},"end":{"line":16,"column":null}}},"1":{"name":"(anonymous_3)","decl":{"start":{"line":58,"column":9},"end":{"line":58,"column":15}},"loc":{"start":{"line":58,"column":15},"end":{"line":69,"column":null}}},"2":{"name":"(anonymous_4)","decl":{"start":{"line":65,"column":14},"end":{"line":65,"column":20}},"loc":{"start":{"line":65,"column":20},"end":{"line":65,"column":57}}},"3":{"name":"(anonymous_5)","decl":{"start":{"line":66,"column":15},"end":{"line":66,"column":21}},"loc":{"start":{"line":66,"column":21},"end":{"line":66,"column":null}}}},"branchMap":{"0":{"loc":{"start":{"line":16,"column":13},"end":{"line":16,"column":30}},"type":"binary-expr","locations":[{"start":{"line":16,"column":13},"end":{"line":16,"column":30}},{"start":{"line":16,"column":13},"end":{"line":16,"column":30}}]}},"s":{"0":20,"1":4,"2":4,"3":4,"4":4,"5":4,"6":4,"7":2,"8":2,"9":2,"10":0,"11":24},"f":{"0":20,"1":2,"2":2,"3":0},"b":{"0":[4,4]}}
,"/home/manu/Documents/Lead Developer Java Angular/projet4/projet4-fullstack/front/src/app/pages/sessions/components/detail/detail.component.html": {"path":"/home/manu/Documents/Lead Developer Java Angular/projet4/projet4-fullstack/front/src/app/pages/sessions/components/detail/detail.component.html","statementMap":{"0":{"start":{"line":16,"column":12},"end":{"line":16,"column":null}},"1":{"start":{"line":16,"column":51},"end":{"line":16,"column":70}},"2":{"start":{"line":16,"column":51},"end":{"line":16,"column":60}},"3":{"start":{"line":16,"column":51},"end":{"line":16,"column":69}},"4":{"start":{"line":17,"column":14},"end":{"line":17,"column":30}},"5":{"start":{"line":17,"column":24},"end":{"line":17,"column":41}},"6":{"start":{"line":17,"column":30},"end":{"line":17,"column":null}},"7":{"start":{"line":18,"column":14},"end":{"line":18,"column":38}},"8":{"start":{"line":18,"column":32},"end":{"line":18,"column":45}},"9":{"start":{"line":19,"column":12},"end":{"line":19,"column":null}},"10":{"start":{"line":23,"column":14},"end":{"line":23,"column":null}},"11":{"start":{"line":23,"column":53},"end":{"line":23,"column":79}},"12":{"start":{"line":23,"column":53},"end":{"line":23,"column":62}},"13":{"start":{"line":23,"column":53},"end":{"line":23,"column":78}},"14":{"start":{"line":24,"column":16},"end":{"line":24,"column":39}},"15":{"start":{"line":24,"column":26},"end":{"line":24,"column":50}},"16":{"start":{"line":24,"column":39},"end":{"line":24,"column":null}},"17":{"start":{"line":25,"column":16},"end":{"line":25,"column":52}},"18":{"start":{"line":25,"column":34},"end":{"line":25,"column":59}},"19":{"start":{"line":26,"column":14},"end":{"line":26,"column":null}},"20":{"start":{"line":28,"column":14},"end":{"line":28,"column":null}},"21":{"start":{"line":28,"column":56},"end":{"line":28,"column":80}},"22":{"start":{"line":28,"column":56},"end":{"line":28,"column":65}},"23":{"start":{"line":28,"column":56},"end":{"line":28,"column":79}},"24":{"start":{"line":29,"column":16},"end":{"line":29,"column":36}},"25":{"start":{"line":29,"column":26},"end":{"line":29,"column":47}},"26":{"start":{"line":29,"column":36},"end":{"line":29,"column":null}},"27":{"start":{"line":30,"column":16},"end":{"line":30,"column":45}},"28":{"start":{"line":30,"column":34},"end":{"line":30,"column":52}},"29":{"start":{"line":31,"column":14},"end":{"line":31,"column":null}},"30":{"start":{"line":21,"column":10},"end":{"line":21,"column":null}},"31":{"start":{"line":27,"column":14},"end":{"line":27,"column":null}},"32":{"start":{"line":33,"column":10},"end":{"line":33,"column":null}},"33":{"start":{"line":22,"column":12},"end":{"line":32,"column":null}},"34":{"start":{"line":42,"column":8},"end":{"line":42,"column":null}},"35":{"start":{"line":43,"column":10},"end":{"line":44,"column":19}},"36":{"start":{"line":44,"column":8},"end":{"line":44,"column":null}},"37":{"start":{"line":45,"column":8},"end":{"line":45,"column":84}},"38":{"start":{"line":45,"column":26},"end":{"line":45,"column":91}},"39":{"start":{"line":47,"column":4},"end":{"line":47,"column":null}},"40":{"start":{"line":8,"column":10},"end":{"line":8,"column":null}},"41":{"start":{"line":8,"column":34},"end":{"line":8,"column":51}},"42":{"start":{"line":8,"column":34},"end":{"line":8,"column":43}},"43":{"start":{"line":8,"column":34},"end":{"line":8,"column":50}},"44":{"start":{"line":9,"column":12},"end":{"line":9,"column":32}},"45":{"start":{"line":9,"column":22},"end":{"line":9,"column":43}},"46":{"start":{"line":10,"column":10},"end":{"line":10,"column":null}},"47":{"start":{"line":11,"column":10},"end":{"line":11,"column":42}},"48":{"start":{"line":11,"column":14},"end":{"line":11,"column":47}},"49":{"start":{"line":12,"column":8},"end":{"line":12,"column":null}},"50":{"start":{"line":14,"column":8},"end":{"line":14,"column":null}},"51":{"start":{"line":20,"column":12},"end":{"line":20,"column":null}},"52":{"start":{"line":38,"column":4},"end":{"line":38,"column":null}},"53":{"start":{"line":39,"column":4},"end":{"line":39,"column":null}},"54":{"start":{"line":49,"column":4},"end":{"line":49,"column":null}},"55":{"start":{"line":50,"column":6},"end":{"line":50,"column":null}},"56":{"start":{"line":51,"column":4},"end":{"line":51,"column":null}},"57":{"start":{"line":55,"column":10},"end":{"line":55,"column":null}},"58":{"start":{"line":56,"column":12},"end":{"line":57,"column":21}},"59":{"start":{"line":57,"column":10},"end":{"line":57,"column":null}},"60":{"start":{"line":58,"column":10},"end":{"line":58,"column":64}},"61":{"start":{"line":58,"column":28},"end":{"line":58,"column":71}},"62":{"start":{"line":59,"column":8},"end":{"line":59,"column":null}},"63":{"start":{"line":61,"column":10},"end":{"line":61,"column":null}},"64":{"start":{"line":62,"column":12},"end":{"line":63,"column":21}},"65":{"start":{"line":63,"column":10},"end":{"line":63,"column":null}},"66":{"start":{"line":64,"column":10},"end":{"line":64,"column":64}},"67":{"start":{"line":64,"column":28},"end":{"line":64,"column":71}},"68":{"start":{"line":66,"column":6},"end":{"line":66,"column":null}},"69":{"start":{"line":68,"column":8},"end":{"line":68,"column":23}},"70":{"start":{"line":68,"column":11},"end":{"line":68,"column":27}},"71":{"start":{"line":68,"column":23},"end":{"line":68,"column":null}},"72":{"start":{"line":69,"column":8},"end":{"line":70,"column":12}},"73":{"start":{"line":70,"column":8},"end":{"line":70,"column":null}},"74":{"start":{"line":71,"column":6},"end":{"line":71,"column":null}},"75":{"start":{"line":73,"column":29},"end":{"line":73,"column":43}},"76":{"start":{"line":73,"column":32},"end":{"line":73,"column":47}},"77":{"start":{"line":73,"column":43},"end":{"line":73,"column":48}},"78":{"start":{"line":73,"column":48},"end":{"line":73,"column":94}},"79":{"start":{"line":73,"column":88},"end":{"line":73,"column":null}},"80":{"start":{"line":74,"column":29},"end":{"line":74,"column":45}},"81":{"start":{"line":74,"column":32},"end":{"line":74,"column":49}},"82":{"start":{"line":74,"column":45},"end":{"line":74,"column":50}},"83":{"start":{"line":74,"column":50},"end":{"line":74,"column":96}},"84":{"start":{"line":77,"column":2},"end":{"line":77,"column":null}},"85":{"start":{"line":15,"column":10},"end":{"line":34,"column":null}},"86":{"start":{"line":39,"column":4},"end":{"line":48,"column":null}},"87":{"start":{"line":1,"column":0},"end":{"line":1,"column":null}},"88":{"start":{"line":2,"column":2},"end":{"line":2,"column":null}},"89":{"start":{"line":79,"column":0},"end":{"line":79,"column":null}},"90":{"start":{"line":2,"column":2},"end":{"line":78,"column":null}}},"fnMap":{"0":{"name":"DetailComponent_Conditional_1_Conditional_11_Template_button_click_0_listener","decl":{"start":{"line":16,"column":51},"end":{"line":16,"column":60}},"loc":{"start":{"line":16,"column":51},"end":{"line":16,"column":69}}},"1":{"name":"DetailComponent_Conditional_1_Conditional_12_Conditional_1_Template_button_click_0_listener","decl":{"start":{"line":23,"column":53},"end":{"line":23,"column":62}},"loc":{"start":{"line":23,"column":53},"end":{"line":23,"column":78}}},"2":{"name":"DetailComponent_Conditional_1_Conditional_12_Conditional_2_Template_button_click_0_listener","decl":{"start":{"line":28,"column":56},"end":{"line":28,"column":65}},"loc":{"start":{"line":28,"column":56},"end":{"line":28,"column":79}}},"3":{"name":"DetailComponent_Conditional_1_Template_button_click_4_listener","decl":{"start":{"line":8,"column":34},"end":{"line":8,"column":43}},"loc":{"start":{"line":8,"column":34},"end":{"line":8,"column":50}}}},"branchMap":{"0":{"loc":{"start":{"line":22,"column":12},"end":{"line":22,"column":31}},"type":"cond-expr","locations":[{"start":{"line":22,"column":12},"end":{"line":22,"column":31}},{"start":{"line":22,"column":12},"end":{"line":22,"column":31}}]},"1":{"loc":{"start":{"line":15,"column":10},"end":{"line":15,"column":23}},"type":"cond-expr","locations":[{"start":{"line":15,"column":10},"end":{"line":15,"column":23}},{"start":{"line":15,"column":10},"end":{"line":15,"column":23}}]},"2":{"loc":{"start":{"line":39,"column":4},"end":{"line":39,"column":18}},"type":"cond-expr","locations":[{"start":{"line":39,"column":4},"end":{"line":39,"column":18}},{"start":{"line":39,"column":4},"end":{"line":39,"column":18}}]},"3":{"loc":{"start":{"line":2,"column":2},"end":{"line":2,"column":15}},"type":"cond-expr","locations":[{"start":{"line":2,"column":2},"end":{"line":2,"column":15}},{"start":{"line":2,"column":2},"end":{"line":2,"column":15}}]}},"s":{"0":0,"1":0,"2":0,"3":0,"4":0,"5":0,"6":0,"7":0,"8":0,"9":0,"10":0,"11":0,"12":0,"13":0,"14":0,"15":0,"16":0,"17":0,"18":0,"19":0,"20":2,"21":2,"22":0,"23":0,"24":2,"25":2,"26":2,"27":2,"28":2,"29":2,"30":2,"31":2,"32":2,"33":8,"34":2,"35":2,"36":2,"37":2,"38":6,"39":2,"40":2,"41":2,"42":0,"43":0,"44":2,"45":2,"46":2,"47":2,"48":10,"49":2,"50":2,"51":2,"52":2,"53":2,"54":2,"55":2,"56":2,"57":2,"58":2,"59":2,"60":2,"61":10,"62":2,"63":2,"64":2,"65":2,"66":2,"67":10,"68":2,"69":2,"70":2,"71":2,"72":10,"73":2,"74":2,"75":2,"76":2,"77":2,"78":10,"79":2,"80":2,"81":2,"82":2,"83":10,"84":2,"85":8,"86":8,"87":2,"88":2,"89":2,"90":12},"f":{"0":0,"1":0,"2":0,"3":0},"b":{"0":[0,4],"1":[0,4],"2":[2,2],"3":[4,2]}}
,"/home/manu/Documents/Lead Developer Java Angular/projet4/projet4-fullstack/front/src/app/pages/sessions/components/detail/detail.component.ts": {"path":"/home/manu/Documents/Lead Developer Java Angular/projet4/projet4-fullstack/front/src/app/pages/sessions/components/detail/detail.component.ts","statementMap":{"0":{"start":{"line":19,"column":28},"end":{"line":19,"column":null}},"1":{"start":{"line":22,"column":9},"end":{"line":22,"column":null}},"2":{"start":{"line":23,"column":9},"end":{"line":23,"column":null}},"3":{"start":{"line":27,"column":10},"end":{"line":27,"column":null}},"4":{"start":{"line":28,"column":10},"end":{"line":28,"column":null}},"5":{"start":{"line":29,"column":10},"end":{"line":29,"column":null}},"6":{"start":{"line":30,"column":10},"end":{"line":30,"column":null}},"7":{"start":{"line":31,"column":10},"end":{"line":31,"column":null}},"8":{"start":{"line":32,"column":10},"end":{"line":32,"column":null}},"9":{"start":{"line":33,"column":19},"end":{"line":33,"column":null}},"10":{"start":{"line":36,"column":4},"end":{"line":36,"column":null}},"11":{"start":{"line":37,"column":4},"end":{"line":37,"column":null}},"12":{"start":{"line":38,"column":4},"end":{"line":38,"column":null}},"13":{"start":{"line":42,"column":4},"end":{"line":42,"column":null}},"14":{"start":{"line":46,"column":4},"end":{"line":46,"column":null}},"15":{"start":{"line":50,"column":4},"end":{"line":59,"column":null}},"16":{"start":{"line":56,"column":10},"end":{"line":56,"column":null}},"17":{"start":{"line":57,"column":10},"end":{"line":57,"column":null}},"18":{"start":{"line":63,"column":4},"end":{"line":67,"column":null}},"19":{"start":{"line":67,"column":23},"end":{"line":67,"column":42}},"20":{"start":{"line":71,"column":4},"end":{"line":75,"column":null}},"21":{"start":{"line":75,"column":23},"end":{"line":75,"column":42}},"22":{"start":{"line":79,"column":4},"end":{"line":93,"column":null}},"23":{"start":{"line":85,"column":8},"end":{"line":85,"column":null}},"24":{"start":{"line":86,"column":8},"end":{"line":86,"column":null}},"25":{"start":{"line":86,"column":53},"end":{"line":86,"column":101}},"26":{"start":{"line":87,"column":8},"end":{"line":92,"column":null}},"27":{"start":{"line":92,"column":43},"end":{"line":92,"column":65}},"28":{"start":{"line":19,"column":13},"end":{"line":19,"column":null}}},"fnMap":{"0":{"name":"(anonymous_10)","decl":{"start":{"line":19,"column":28},"end":{"line":19,"column":null}},"loc":{"start":{"line":19,"column":28},"end":{"line":19,"column":null}}},"1":{"name":"(anonymous_11)","decl":{"start":{"line":35,"column":2},"end":{"line":35,"column":null}},"loc":{"start":{"line":35,"column":2},"end":{"line":39,"column":null}}},"2":{"name":"(anonymous_12)","decl":{"start":{"line":41,"column":2},"end":{"line":41,"column":10}},"loc":{"start":{"line":41,"column":10},"end":{"line":43,"column":null}}},"3":{"name":"(anonymous_13)","decl":{"start":{"line":45,"column":9},"end":{"line":45,"column":13}},"loc":{"start":{"line":45,"column":13},"end":{"line":47,"column":null}}},"4":{"name":"(anonymous_14)","decl":{"start":{"line":49,"column":9},"end":{"line":49,"column":15}},"loc":{"start":{"line":49,"column":15},"end":{"line":60,"column":null}}},"5":{"name":"(anonymous_15)","decl":{"start":{"line":55,"column":17},"end":{"line":55,"column":22}},"loc":{"start":{"line":55,"column":22},"end":{"line":58,"column":9}}},"6":{"name":"(anonymous_16)","decl":{"start":{"line":62,"column":9},"end":{"line":62,"column":20}},"loc":{"start":{"line":62,"column":20},"end":{"line":68,"column":null}}},"7":{"name":"(anonymous_17)","decl":{"start":{"line":67,"column":17},"end":{"line":67,"column":23}},"loc":{"start":{"line":67,"column":23},"end":{"line":67,"column":42}}},"8":{"name":"(anonymous_18)","decl":{"start":{"line":70,"column":9},"end":{"line":70,"column":22}},"loc":{"start":{"line":70,"column":22},"end":{"line":76,"column":null}}},"9":{"name":"(anonymous_19)","decl":{"start":{"line":75,"column":17},"end":{"line":75,"column":23}},"loc":{"start":{"line":75,"column":23},"end":{"line":75,"column":42}}},"10":{"name":"(anonymous_20)","decl":{"start":{"line":78,"column":10},"end":{"line":78,"column":22}},"loc":{"start":{"line":78,"column":22},"end":{"line":94,"column":null}}},"11":{"name":"(anonymous_21)","decl":{"start":{"line":84,"column":18},"end":{"line":84,"column":34}},"loc":{"start":{"line":84,"column":38},"end":{"line":93,"column":7}}},"12":{"name":"(anonymous_22)","decl":{"start":{"line":86,"column":48},"end":{"line":86,"column":49}},"loc":{"start":{"line":86,"column":53},"end":{"line":86,"column":101}}},"13":{"name":"(anonymous_23)","decl":{"start":{"line":92,"column":22},"end":{"line":92,"column":38}},"loc":{"start":{"line":92,"column":43},"end":{"line":92,"column":65}}}},"branchMap":{"0":{"loc":{"start":{"line":19,"column":13},"end":{"line":19,"column":28}},"type":"binary-expr","locations":[{"start":{"line":19,"column":13},"end":{"line":19,"column":28}},{"start":{"line":19,"column":13},"end":{"line":19,"column":28}}]}},"s":{"0":20,"1":2,"2":2,"3":2,"4":2,"5":2,"6":2,"7":2,"8":2,"9":2,"10":2,"11":2,"12":2,"13":2,"14":0,"15":0,"16":0,"17":0,"18":0,"19":0,"20":0,"21":0,"22":2,"23":2,"24":2,"25":0,"26":2,"27":2,"28":22},"f":{"0":20,"1":2,"2":2,"3":0,"4":0,"5":0,"6":0,"7":0,"8":0,"9":0,"10":2,"11":2,"12":0,"13":2},"b":{"0":[2,2]}}
,"/home/manu/Documents/Lead Developer Java Angular/projet4/projet4-fullstack/front/src/app/pages/sessions/components/form/form.component.html": {"path":"/home/manu/Documents/Lead Developer Java Angular/projet4/projet4-fullstack/front/src/app/pages/sessions/components/form/form.component.html","statementMap":{"0":{"start":{"line":9,"column":10},"end":{"line":9,"column":28}},"1":{"start":{"line":9,"column":14},"end":{"line":9,"column":33}},"2":{"start":{"line":9,"column":28},"end":{"line":9,"column":null}},"3":{"start":{"line":11,"column":10},"end":{"line":11,"column":28}},"4":{"start":{"line":11,"column":14},"end":{"line":11,"column":33}},"5":{"start":{"line":11,"column":28},"end":{"line":11,"column":null}},"6":{"start":{"line":30,"column":14},"end":{"line":30,"column":null}},"7":{"start":{"line":31,"column":16},"end":{"line":32,"column":27}},"8":{"start":{"line":32,"column":14},"end":{"line":32,"column":null}},"9":{"start":{"line":30,"column":26},"end":{"line":30,"column":47}},"10":{"start":{"line":17,"column":6},"end":{"line":17,"column":null}},"11":{"start":{"line":17,"column":68},"end":{"line":17,"column":90}},"12":{"start":{"line":17,"column":68},"end":{"line":17,"column":80}},"13":{"start":{"line":17,"column":68},"end":{"line":17,"column":89}},"14":{"start":{"line":19,"column":10},"end":{"line":19,"column":25}},"15":{"start":{"line":19,"column":21},"end":{"line":19,"column":37}},"16":{"start":{"line":19,"column":25},"end":{"line":19,"column":null}},"17":{"start":{"line":20,"column":10},"end":{"line":20,"column":null}},"18":{"start":{"line":21,"column":8},"end":{"line":21,"column":null}},"19":{"start":{"line":23,"column":10},"end":{"line":23,"column":25}},"20":{"start":{"line":23,"column":21},"end":{"line":23,"column":37}},"21":{"start":{"line":23,"column":25},"end":{"line":23,"column":null}},"22":{"start":{"line":24,"column":10},"end":{"line":24,"column":null}},"23":{"start":{"line":25,"column":8},"end":{"line":25,"column":null}},"24":{"start":{"line":27,"column":10},"end":{"line":27,"column":28}},"25":{"start":{"line":27,"column":21},"end":{"line":27,"column":40}},"26":{"start":{"line":27,"column":28},"end":{"line":27,"column":null}},"27":{"start":{"line":28,"column":10},"end":{"line":28,"column":null}},"28":{"start":{"line":29,"column":12},"end":{"line":33,"column":null}},"29":{"start":{"line":35,"column":8},"end":{"line":35,"column":null}},"30":{"start":{"line":37,"column":10},"end":{"line":37,"column":32}},"31":{"start":{"line":37,"column":21},"end":{"line":37,"column":44}},"32":{"start":{"line":37,"column":32},"end":{"line":37,"column":null}},"33":{"start":{"line":38,"column":10},"end":{"line":38,"column":null}},"34":{"start":{"line":39,"column":8},"end":{"line":39,"column":null}},"35":{"start":{"line":41,"column":10},"end":{"line":41,"column":null}},"36":{"start":{"line":42,"column":12},"end":{"line":43,"column":19}},"37":{"start":{"line":46,"column":4},"end":{"line":46,"column":null}},"38":{"start":{"line":17,"column":42},"end":{"line":17,"column":68}},"39":{"start":{"line":41,"column":66},"end":{"line":41,"column":99}},"40":{"start":{"line":6,"column":10},"end":{"line":6,"column":30}},"41":{"start":{"line":6,"column":20},"end":{"line":6,"column":41}},"42":{"start":{"line":7,"column":8},"end":{"line":7,"column":null}},"43":{"start":{"line":10,"column":9},"end":{"line":10,"column":null}},"44":{"start":{"line":14,"column":4},"end":{"line":14,"column":null}},"45":{"start":{"line":15,"column":4},"end":{"line":15,"column":null}},"46":{"start":{"line":49,"column":0},"end":{"line":49,"column":null}},"47":{"start":{"line":8,"column":8},"end":{"line":12,"column":null}},"48":{"start":{"line":15,"column":4},"end":{"line":47,"column":null}}},"fnMap":{"0":{"name":"FormComponent_Conditional_9_Template_form_ngSubmit_1_listener","decl":{"start":{"line":17,"column":68},"end":{"line":17,"column":80}},"loc":{"start":{"line":17,"column":68},"end":{"line":17,"column":89}}}},"branchMap":{"0":{"loc":{"start":{"line":8,"column":8},"end":{"line":8,"column":22}},"type":"cond-expr","locations":[{"start":{"line":8,"column":8},"end":{"line":8,"column":22}},{"start":{"line":8,"column":8},"end":{"line":8,"column":22}}]},"1":{"loc":{"start":{"line":15,"column":4},"end":{"line":15,"column":22}},"type":"cond-expr","locations":[{"start":{"line":15,"column":4},"end":{"line":15,"column":22}},{"start":{"line":15,"column":4},"end":{"line":15,"column":22}}]}},"s":{"0":0,"1":0,"2":0,"3":0,"4":0,"5":0,"6":0,"7":0,"8":0,"9":0,"10":0,"11":0,"12":0,"13":0,"14":0,"15":0,"16":0,"17":0,"18":0,"19":0,"20":0,"21":0,"22":0,"23":0,"24":0,"25":0,"26":0,"27":0,"28":0,"29":0,"30":0,"31":0,"32":0,"33":0,"34":0,"35":0,"36":0,"37":0,"38":0,"39":0,"40":0,"41":0,"42":0,"43":0,"44":0,"45":0,"46":0,"47":0,"48":0},"f":{"0":0},"b":{"0":[0,0],"1":[0,0]}}
,"/home/manu/Documents/Lead Developer Java Angular/projet4/projet4-fullstack/front/src/app/pages/sessions/components/form/form.component.ts": {"path":"/home/manu/Documents/Lead Developer Java Angular/projet4/projet4-fullstack/front/src/app/pages/sessions/components/form/form.component.ts","statementMap":{"0":{"start":{"line":19,"column":26},"end":{"line":19,"column":null}},"1":{"start":{"line":20,"column":10},"end":{"line":20,"column":null}},"2":{"start":{"line":21,"column":10},"end":{"line":21,"column":null}},"3":{"start":{"line":22,"column":10},"end":{"line":22,"column":null}},"4":{"start":{"line":23,"column":10},"end":{"line":23,"column":null}},"5":{"start":{"line":24,"column":10},"end":{"line":24,"column":null}},"6":{"start":{"line":25,"column":10},"end":{"line":25,"column":null}},"7":{"start":{"line":26,"column":10},"end":{"line":26,"column":null}},"8":{"start":{"line":27,"column":19},"end":{"line":27,"column":null}},"9":{"start":{"line":30,"column":9},"end":{"line":30,"column":null}},"10":{"start":{"line":32,"column":9},"end":{"line":32,"column":null}},"11":{"start":{"line":36,"column":4},"end":{"line":38,"column":null}},"12":{"start":{"line":37,"column":6},"end":{"line":37,"column":null}},"13":{"start":{"line":39,"column":16},"end":{"line":39,"column":31}},"14":{"start":{"line":40,"column":4},"end":{"line":51,"column":null}},"15":{"start":{"line":41,"column":6},"end":{"line":41,"column":null}},"16":{"start":{"line":42,"column":6},"end":{"line":42,"column":null}},"17":{"start":{"line":43,"column":6},"end":{"line":48,"column":null}},"18":{"start":{"line":48,"column":41},"end":{"line":48,"column":63}},"19":{"start":{"line":50,"column":6},"end":{"line":50,"column":null}},"20":{"start":{"line":55,"column":20},"end":{"line":55,"column":54}},"21":{"start":{"line":57,"column":4},"end":{"line":71,"column":null}},"22":{"start":{"line":58,"column":6},"end":{"line":63,"column":null}},"23":{"start":{"line":63,"column":25},"end":{"line":63,"column":59}},"24":{"start":{"line":65,"column":6},"end":{"line":70,"column":null}},"25":{"start":{"line":70,"column":25},"end":{"line":70,"column":59}},"26":{"start":{"line":75,"column":4},"end":{"line":95,"column":null}},"27":{"start":{"line":99,"column":4},"end":{"line":99,"column":null}},"28":{"start":{"line":100,"column":4},"end":{"line":100,"column":null}},"29":{"start":{"line":19,"column":13},"end":{"line":19,"column":null}}},"fnMap":{"0":{"name":"(anonymous_6)","decl":{"start":{"line":19,"column":26},"end":{"line":19,"column":null}},"loc":{"start":{"line":19,"column":26},"end":{"line":19,"column":null}}},"1":{"name":"(anonymous_8)","decl":{"start":{"line":35,"column":2},"end":{"line":35,"column":10}},"loc":{"start":{"line":35,"column":10},"end":{"line":52,"column":null}}},"2":{"name":"(anonymous_9)","decl":{"start":{"line":48,"column":20},"end":{"line":48,"column":36}},"loc":{"start":{"line":48,"column":41},"end":{"line":48,"column":63}}},"3":{"name":"(anonymous_10)","decl":{"start":{"line":54,"column":9},"end":{"line":54,"column":15}},"loc":{"start":{"line":54,"column":15},"end":{"line":72,"column":null}}},"4":{"name":"(anonymous_11)","decl":{"start":{"line":63,"column":19},"end":{"line":63,"column":25}},"loc":{"start":{"line":63,"column":25},"end":{"line":63,"column":59}}},"5":{"name":"(anonymous_12)","decl":{"start":{"line":70,"column":19},"end":{"line":70,"column":25}},"loc":{"start":{"line":70,"column":25},"end":{"line":70,"column":59}}},"6":{"name":"(anonymous_13)","decl":{"start":{"line":74,"column":10},"end":{"line":74,"column":18}},"loc":{"start":{"line":74,"column":36},"end":{"line":96,"column":null}}},"7":{"name":"(anonymous_14)","decl":{"start":{"line":98,"column":10},"end":{"line":98,"column":18}},"loc":{"start":{"line":98,"column":34},"end":{"line":101,"column":null}}}},"branchMap":{"0":{"loc":{"start":{"line":36,"column":4},"end":{"line":38,"column":null}},"type":"if","locations":[{"start":{"line":36,"column":4},"end":{"line":38,"column":null}},{"start":{"line":36,"column":4},"end":{"line":38,"column":null}}]},"1":{"loc":{"start":{"line":40,"column":4},"end":{"line":51,"column":null}},"type":"if","locations":[{"start":{"line":40,"column":4},"end":{"line":51,"column":null}},{"start":{"line":40,"column":4},"end":{"line":51,"column":null}}]},"2":{"loc":{"start":{"line":57,"column":4},"end":{"line":71,"column":null}},"type":"if","locations":[{"start":{"line":57,"column":4},"end":{"line":71,"column":null}},{"start":{"line":57,"column":4},"end":{"line":71,"column":null}}]},"3":{"loc":{"start":{"line":77,"column":8},"end":{"line":77,"column":35}},"type":"cond-expr","locations":[{"start":{"line":77,"column":18},"end":{"line":77,"column":30}},{"start":{"line":77,"column":33},"end":{"line":77,"column":35}}]},"4":{"loc":{"start":{"line":81,"column":8},"end":{"line":81,"column":73}},"type":"cond-expr","locations":[{"start":{"line":81,"column":18},"end":{"line":81,"column":68}},{"start":{"line":81,"column":71},"end":{"line":81,"column":73}}]},"5":{"loc":{"start":{"line":85,"column":8},"end":{"line":85,"column":41}},"type":"cond-expr","locations":[{"start":{"line":85,"column":18},"end":{"line":85,"column":36}},{"start":{"line":85,"column":39},"end":{"line":85,"column":41}}]},"6":{"loc":{"start":{"line":89,"column":8},"end":{"line":89,"column":42}},"type":"cond-expr","locations":[{"start":{"line":89,"column":18},"end":{"line":89,"column":37}},{"start":{"line":89,"column":40},"end":{"line":89,"column":42}}]},"7":{"loc":{"start":{"line":19,"column":13},"end":{"line":19,"column":26}},"type":"binary-expr","locations":[{"start":{"line":19,"column":13},"end":{"line":19,"column":26}},{"start":{"line":19,"column":13},"end":{"line":19,"column":26}}]}},"s":{"0":20,"1":0,"2":0,"3":0,"4":0,"5":0,"6":0,"7":0,"8":0,"9":0,"10":0,"11":0,"12":0,"13":0,"14":0,"15":0,"16":0,"17":0,"18":0,"19":0,"20":0,"21":0,"22":0,"23":0,"24":0,"25":0,"26":0,"27":0,"28":0,"29":20},"f":{"0":20,"1":0,"2":0,"3":0,"4":0,"5":0,"6":0,"7":0},"b":{"0":[0,0],"1":[0,0],"2":[0,0],"3":[0,0],"4":[0,0],"5":[0,0],"6":[0,0],"7":[0,0]}}
,"/home/manu/Documents/Lead Developer Java Angular/projet4/projet4-fullstack/front/src/app/pages/sessions/components/list/list.component.html": {"path":"/home/manu/Documents/Lead Developer Java Angular/projet4/projet4-fullstack/front/src/app/pages/sessions/components/list/list.component.html","statementMap":{"0":{"start":{"line":7,"column":10},"end":{"line":7,"column":23}},"1":{"start":{"line":7,"column":20},"end":{"line":7,"column":34}},"2":{"start":{"line":7,"column":23},"end":{"line":7,"column":null}},"3":{"start":{"line":8,"column":10},"end":{"line":8,"column":34}},"4":{"start":{"line":8,"column":28},"end":{"line":8,"column":41}},"5":{"start":{"line":9,"column":8},"end":{"line":9,"column":null}},"6":{"start":{"line":37,"column":14},"end":{"line":37,"column":28}},"7":{"start":{"line":37,"column":24},"end":{"line":37,"column":39}},"8":{"start":{"line":37,"column":28},"end":{"line":37,"column":null}},"9":{"start":{"line":38,"column":14},"end":{"line":38,"column":36}},"10":{"start":{"line":38,"column":32},"end":{"line":38,"column":43}},"11":{"start":{"line":39,"column":12},"end":{"line":39,"column":null}},"12":{"start":{"line":36,"column":20},"end":{"line":36,"column":57}},"13":{"start":{"line":16,"column":10},"end":{"line":16,"column":44}},"14":{"start":{"line":16,"column":26},"end":{"line":16,"column":61}},"15":{"start":{"line":16,"column":44},"end":{"line":16,"column":null}},"16":{"start":{"line":17,"column":10},"end":{"line":17,"column":null}},"17":{"start":{"line":18,"column":12},"end":{"line":19,"column":30}},"18":{"start":{"line":20,"column":8},"end":{"line":20,"column":null}},"19":{"start":{"line":21,"column":8},"end":{"line":21,"column":null}},"20":{"start":{"line":22,"column":10},"end":{"line":22,"column":null}},"21":{"start":{"line":23,"column":8},"end":{"line":23,"column":null}},"22":{"start":{"line":25,"column":10},"end":{"line":25,"column":null}},"23":{"start":{"line":26,"column":12},"end":{"line":27,"column":14}},"24":{"start":{"line":28,"column":8},"end":{"line":28,"column":null}},"25":{"start":{"line":31,"column":12},"end":{"line":31,"column":28}},"26":{"start":{"line":31,"column":22},"end":{"line":31,"column":39}},"27":{"start":{"line":31,"column":28},"end":{"line":31,"column":null}},"28":{"start":{"line":32,"column":12},"end":{"line":32,"column":36}},"29":{"start":{"line":32,"column":30},"end":{"line":32,"column":43}},"30":{"start":{"line":33,"column":10},"end":{"line":33,"column":null}},"31":{"start":{"line":34,"column":10},"end":{"line":34,"column":null}},"32":{"start":{"line":42,"column":6},"end":{"line":42,"column":null}},"33":{"start":{"line":30,"column":52},"end":{"line":30,"column":89}},"34":{"start":{"line":34,"column":10},"end":{"line":40,"column":null}},"35":{"start":{"line":4,"column":6},"end":{"line":4,"column":51}},"36":{"start":{"line":4,"column":33},"end":{"line":4,"column":68}},"37":{"start":{"line":4,"column":51},"end":{"line":4,"column":null}},"38":{"start":{"line":5,"column":6},"end":{"line":5,"column":null}},"39":{"start":{"line":11,"column":4},"end":{"line":11,"column":null}},"40":{"start":{"line":12,"column":4},"end":{"line":12,"column":null}},"41":{"start":{"line":13,"column":6},"end":{"line":43,"column":null}},"42":{"start":{"line":46,"column":0},"end":{"line":46,"column":null}},"43":{"start":{"line":5,"column":6},"end":{"line":10,"column":null}}},"fnMap":{},"branchMap":{"0":{"loc":{"start":{"line":34,"column":10},"end":{"line":34,"column":27}},"type":"cond-expr","locations":[{"start":{"line":34,"column":10},"end":{"line":34,"column":27}},{"start":{"line":34,"column":10},"end":{"line":34,"column":27}}]},"1":{"loc":{"start":{"line":5,"column":6},"end":{"line":5,"column":23}},"type":"cond-expr","locations":[{"start":{"line":5,"column":6},"end":{"line":5,"column":23}},{"start":{"line":5,"column":6},"end":{"line":5,"column":23}}]}},"s":{"0":6,"1":6,"2":6,"3":6,"4":6,"5":6,"6":0,"7":0,"8":0,"9":0,"10":0,"11":0,"12":0,"13":2,"14":6,"15":2,"16":2,"17":6,"18":2,"19":2,"20":2,"21":2,"22":2,"23":6,"24":2,"25":2,"26":2,"27":2,"28":2,"29":2,"30":2,"31":2,"32":2,"33":4,"34":4,"35":10,"36":10,"37":10,"38":10,"39":10,"40":10,"41":50,"42":10,"43":40},"f":{},"b":{"0":[0,2],"1":[12,8]}}
,"/home/manu/Documents/Lead Developer Java Angular/projet4/projet4-fullstack/front/src/app/pages/sessions/components/list/list.component.ts": {"path":"/home/manu/Documents/Lead Developer Java Angular/projet4/projet4-fullstack/front/src/app/pages/sessions/components/list/list.component.ts","statementMap":{"0":{"start":{"line":17,"column":26},"end":{"line":17,"column":null}},"1":{"start":{"line":18,"column":10},"end":{"line":18,"column":null}},"2":{"start":{"line":19,"column":10},"end":{"line":19,"column":null}},"3":{"start":{"line":21,"column":9},"end":{"line":21,"column":null}},"4":{"start":{"line":24,"column":4},"end":{"line":24,"column":null}},"5":{"start":{"line":17,"column":13},"end":{"line":17,"column":null}}},"fnMap":{"0":{"name":"(anonymous_6)","decl":{"start":{"line":17,"column":26},"end":{"line":17,"column":null}},"loc":{"start":{"line":17,"column":26},"end":{"line":17,"column":null}}},"1":{"name":"(anonymous_8)","decl":{"start":{"line":23,"column":2},"end":{"line":23,"column":6}},"loc":{"start":{"line":23,"column":10},"end":{"line":25,"column":null}}}},"branchMap":{"0":{"loc":{"start":{"line":17,"column":13},"end":{"line":17,"column":26}},"type":"binary-expr","locations":[{"start":{"line":17,"column":13},"end":{"line":17,"column":26}},{"start":{"line":17,"column":13},"end":{"line":17,"column":26}}]}},"s":{"0":20,"1":10,"2":10,"3":10,"4":22,"5":30},"f":{"0":20,"1":22},"b":{"0":[10,10]}}
,"/home/manu/Documents/Lead Developer Java Angular/projet4/projet4-fullstack/front/src/app/shared/material.module.ts": {"path":"/home/manu/Documents/Lead Developer Java Angular/projet4/projet4-fullstack/front/src/app/shared/material.module.ts","statementMap":{"0":{"start":{"line":32,"column":24},"end":{"line":60,"column":null}},"1":{"start":{"line":71,"column":27},"end":{"line":71,"column":null}},"2":{"start":{"line":71,"column":13},"end":{"line":71,"column":null}}},"fnMap":{"0":{"name":"(anonymous_0)","decl":{"start":{"line":71,"column":27},"end":{"line":71,"column":null}},"loc":{"start":{"line":71,"column":27},"end":{"line":71,"column":null}}}},"branchMap":{"0":{"loc":{"start":{"line":71,"column":13},"end":{"line":71,"column":27}},"type":"binary-expr","locations":[{"start":{"line":71,"column":13},"end":{"line":71,"column":27}},{"start":{"line":71,"column":13},"end":{"line":71,"column":27}}]}},"s":{"0":20,"1":20,"2":74},"f":{"0":20},"b":{"0":[54,54]}}
}
