TN:
SF:src\app\app.component.ts
FN:14,(anonymous_3)
FN:18,(anonymous_5)
FN:22,(anonymous_6)
FNF:3
FNH:3
FNDA:18,(anonymous_3)
FNDA:400,(anonymous_5)
FNDA:2,(anonymous_6)
DA:14,36
DA:15,18
DA:16,18
DA:19,400
DA:23,2
DA:24,2
LF:6
LH:6
BRDA:14,0,0,18
BRDA:14,0,1,18
BRF:2
BRH:2
end_of_record
TN:
SF:src\app\app.config.ts
FNF:0
FNH:0
DA:7,18
LF:1
LH:1
BRF:0
BRH:0
end_of_record
TN:
SF:src\app\app.routes.ts
FNF:0
FNH:0
DA:12,18
LF:1
LH:1
BRF:0
BRH:0
end_of_record
TN:
SF:src\app\components\me\me.component.ts
FN:17,(anonymous_4)
FN:25,(anonymous_6)
FN:31,(anonymous_7)
FN:34,(anonymous_8)
FN:38,(anonymous_9)
FN:44,(anonymous_10)
FNF:6
FNH:3
FNDA:18,(anonymous_4)
FNDA:2,(anonymous_6)
FNDA:2,(anonymous_7)
FNDA:0,(anonymous_8)
FNDA:0,(anonymous_9)
FNDA:0,(anonymous_10)
DA:17,20
DA:18,2
DA:19,2
DA:20,2
DA:21,2
DA:22,2
DA:26,2
DA:31,2
DA:35,0
DA:39,0
DA:45,0
DA:46,0
DA:47,0
LF:13
LH:8
BRDA:17,0,0,2
BRDA:17,0,1,2
BRF:2
BRH:2
end_of_record
TN:
SF:src\app\core\service\auth.service.ts
FN:11,(anonymous_0)
FN:15,(anonymous_1)
FN:17,(anonymous_2)
FN:21,(anonymous_3)
FNF:4
FNH:4
FNDA:18,(anonymous_0)
FNDA:16,(anonymous_1)
FNDA:2,(anonymous_2)
FNDA:8,(anonymous_3)
DA:11,34
DA:13,16
DA:15,16
DA:18,2
DA:22,8
LF:5
LH:5
BRDA:11,0,0,16
BRDA:11,0,1,16
BRF:2
BRH:2
end_of_record
TN:
SF:src\app\core\service\session-api.service.ts
FN:9,(anonymous_0)
FN:13,(anonymous_1)
FN:16,(anonymous_2)
FN:20,(anonymous_3)
FN:24,(anonymous_4)
FN:28,(anonymous_5)
FN:32,(anonymous_6)
FN:36,(anonymous_7)
FN:40,(anonymous_8)
FNF:9
FNH:4
FNDA:18,(anonymous_0)
FNDA:8,(anonymous_1)
FNDA:8,(anonymous_2)
FNDA:2,(anonymous_3)
FNDA:0,(anonymous_4)
FNDA:0,(anonymous_5)
FNDA:0,(anonymous_6)
FNDA:0,(anonymous_7)
FNDA:0,(anonymous_8)
DA:9,26
DA:11,8
DA:13,8
DA:17,8
DA:21,2
DA:25,0
DA:29,0
DA:33,0
DA:37,0
DA:41,0
LF:10
LH:5
BRDA:9,0,0,8
BRDA:9,0,1,8
BRF:2
BRH:2
end_of_record
TN:
SF:src\app\core\service\session.service.ts
FN:8,(anonymous_0)
FN:15,(anonymous_2)
FN:19,(anonymous_3)
FN:25,(anonymous_4)
FN:31,(anonymous_5)
FNF:5
FNH:5
FNDA:18,(anonymous_0)
FNDA:400,(anonymous_2)
FNDA:8,(anonymous_3)
FNDA:2,(anonymous_4)
FNDA:10,(anonymous_5)
DA:8,36
DA:10,18
DA:13,18
DA:16,400
DA:20,8
DA:21,8
DA:22,8
DA:26,2
DA:27,2
DA:28,2
DA:32,10
LF:11
LH:11
BRDA:8,0,0,18
BRDA:8,0,1,18
BRF:2
BRH:2
end_of_record
TN:
SF:src\app\core\service\teacher.service.ts
FN:9,(anonymous_0)
FN:13,(anonymous_1)
FN:15,(anonymous_2)
FN:19,(anonymous_3)
FNF:4
FNH:3
FNDA:18,(anonymous_0)
FNDA:2,(anonymous_1)
FNDA:0,(anonymous_2)
FNDA:2,(anonymous_3)
DA:9,20
DA:11,2
DA:13,2
DA:16,0
DA:20,2
LF:5
LH:4
BRDA:9,0,0,2
BRDA:9,0,1,2
BRF:2
BRH:2
end_of_record
TN:
SF:src\app\core\service\user.service.ts
FN:9,(anonymous_0)
FN:13,(anonymous_1)
FN:15,(anonymous_2)
FN:19,(anonymous_3)
FNF:4
FNH:3
FNDA:18,(anonymous_0)
FNDA:2,(anonymous_1)
FNDA:2,(anonymous_2)
FNDA:0,(anonymous_3)
DA:9,20
DA:11,2
DA:13,2
DA:16,2
DA:20,0
LF:5
LH:4
BRDA:9,0,0,2
BRDA:9,0,1,2
BRF:2
BRH:2
end_of_record
TN:
SF:src\app\guards\auth.guard.ts
FN:6,(anonymous_0)
FN:8,(anonymous_1)
FN:14,(anonymous_2)
FNF:3
FNH:3
FNDA:18,(anonymous_0)
FNDA:10,(anonymous_1)
FNDA:12,(anonymous_2)
DA:6,28
DA:9,10
DA:10,10
DA:15,12
DA:16,2
DA:17,2
DA:19,10
LF:7
LH:7
BRDA:15,0,0,2
BRDA:15,0,1,10
BRDA:6,1,0,10
BRDA:6,1,1,10
BRF:4
BRH:4
end_of_record
TN:
SF:src\app\guards\unauth.guard.ts
FN:6,(anonymous_0)
FN:8,(anonymous_1)
FN:14,(anonymous_2)
FNF:3
FNH:3
FNDA:18,(anonymous_0)
FNDA:16,(anonymous_1)
FNDA:20,(anonymous_2)
DA:6,34
DA:9,16
DA:10,16
DA:15,20
DA:16,0
DA:17,0
DA:19,20
LF:7
LH:5
BRDA:15,0,0,0
BRDA:15,0,1,20
BRDA:6,1,0,16
BRDA:6,1,1,16
BRF:4
BRH:3
end_of_record
TN:
SF:src\app\interceptors\customJwtInterceptorFn.ts
FN:6,customJwtInterceptorFn
FNF:1
FNH:1
FNDA:24,customJwtInterceptorFn
DA:7,24
DA:8,24
DA:9,14
DA:15,24
LF:4
LH:4
BRDA:8,0,0,14
BRDA:8,0,1,10
BRF:2
BRH:2
end_of_record
TN:
SF:src\app\pages\login\login.component.ts
FN:18,(anonymous_1)
FN:45,(anonymous_3)
FN:52,(anonymous_4)
FN:56,(anonymous_5)
FNF:4
FNH:3
FNDA:18,(anonymous_1)
FNDA:8,(anonymous_3)
FNDA:8,(anonymous_4)
FNDA:0,(anonymous_5)
DA:18,34
DA:19,16
DA:20,16
DA:21,16
DA:22,16
DA:23,16
DA:25,16
DA:26,16
DA:28,16
DA:46,8
DA:47,8
DA:53,8
DA:54,8
DA:56,0
LF:14
LH:13
BRDA:18,0,0,16
BRDA:18,0,1,16
BRF:2
BRH:2
end_of_record
TN:
SF:src\app\pages\not-found\not-found.component.ts
FN:8,(anonymous_0)
FNF:1
FNH:1
FNDA:18,(anonymous_0)
DA:8,20
LF:1
LH:1
BRDA:8,0,0,2
BRDA:8,0,1,2
BRF:2
BRH:2
end_of_record
TN:
SF:src\app\pages\register\register.component.ts
FN:16,(anonymous_1)
FN:58,(anonymous_3)
FN:65,(anonymous_4)
FN:66,(anonymous_5)
FNF:4
FNH:3
FNDA:18,(anonymous_1)
FNDA:2,(anonymous_3)
FNDA:2,(anonymous_4)
FNDA:0,(anonymous_5)
DA:16,22
DA:17,4
DA:18,4
DA:19,4
DA:20,4
DA:21,4
DA:23,4
DA:59,2
DA:60,2
DA:65,2
DA:66,0
LF:11
LH:10
BRDA:16,0,0,4
BRDA:16,0,1,4
BRF:2
BRH:2
end_of_record
TN:
SF:src\app\pages\sessions\components\detail\detail.component.ts
FN:19,(anonymous_10)
FN:35,(anonymous_11)
FN:41,(anonymous_12)
FN:45,(anonymous_13)
FN:49,(anonymous_14)
FN:55,(anonymous_15)
FN:62,(anonymous_16)
FN:67,(anonymous_17)
FN:70,(anonymous_18)
FN:75,(anonymous_19)
FN:78,(anonymous_20)
FN:84,(anonymous_21)
FN:86,(anonymous_22)
FN:92,(anonymous_23)
FNF:14
FNH:6
FNDA:18,(anonymous_10)
FNDA:2,(anonymous_11)
FNDA:2,(anonymous_12)
FNDA:0,(anonymous_13)
FNDA:0,(anonymous_14)
FNDA:0,(anonymous_15)
FNDA:0,(anonymous_16)
FNDA:0,(anonymous_17)
FNDA:0,(anonymous_18)
FNDA:0,(anonymous_19)
FNDA:2,(anonymous_20)
FNDA:2,(anonymous_21)
FNDA:0,(anonymous_22)
FNDA:2,(anonymous_23)
DA:19,20
DA:22,2
DA:23,2
DA:27,2
DA:28,2
DA:29,2
DA:30,2
DA:31,2
DA:32,2
DA:33,2
DA:36,2
DA:37,2
DA:38,2
DA:42,2
DA:46,0
DA:50,0
DA:56,0
DA:57,0
DA:63,0
DA:67,0
DA:71,0
DA:75,0
DA:79,2
DA:85,2
DA:86,2
DA:87,2
DA:92,2
LF:27
LH:19
BRDA:19,0,0,2
BRDA:19,0,1,2
BRF:2
BRH:2
end_of_record
TN:
SF:src\app\pages\sessions\components\form\form.component.ts
FN:19,(anonymous_6)
FN:35,(anonymous_8)
FN:48,(anonymous_9)
FN:54,(anonymous_10)
FN:63,(anonymous_11)
FN:70,(anonymous_12)
FN:74,(anonymous_13)
FN:98,(anonymous_14)
FNF:8
FNH:1
FNDA:18,(anonymous_6)
FNDA:0,(anonymous_8)
FNDA:0,(anonymous_9)
FNDA:0,(anonymous_10)
FNDA:0,(anonymous_11)
FNDA:0,(anonymous_12)
FNDA:0,(anonymous_13)
FNDA:0,(anonymous_14)
DA:19,18
DA:20,0
DA:21,0
DA:22,0
DA:23,0
DA:24,0
DA:25,0
DA:26,0
DA:27,0
DA:30,0
DA:32,0
DA:36,0
DA:37,0
DA:39,0
DA:40,0
DA:41,0
DA:42,0
DA:43,0
DA:48,0
DA:50,0
DA:55,0
DA:57,0
DA:58,0
DA:63,0
DA:65,0
DA:70,0
DA:75,0
DA:99,0
DA:100,0
LF:29
LH:1
BRDA:36,0,0,0
BRDA:36,0,1,0
BRDA:40,1,0,0
BRDA:40,1,1,0
BRDA:57,2,0,0
BRDA:57,2,1,0
BRDA:77,3,0,0
BRDA:77,3,1,0
BRDA:81,4,0,0
BRDA:81,4,1,0
BRDA:85,5,0,0
BRDA:85,5,1,0
BRDA:89,6,0,0
BRDA:89,6,1,0
BRDA:19,7,0,0
BRDA:19,7,1,0
BRF:16
BRH:0
end_of_record
TN:
SF:src\app\pages\sessions\components\list\list.component.ts
FN:17,(anonymous_6)
FN:23,(anonymous_8)
FNF:2
FNH:2
FNDA:18,(anonymous_6)
FNDA:18,(anonymous_8)
DA:17,26
DA:18,8
DA:19,8
DA:21,8
DA:24,18
LF:5
LH:5
BRDA:17,0,0,8
BRDA:17,0,1,8
BRF:2
BRH:2
end_of_record
TN:
SF:src\app\shared\material.module.ts
FN:71,(anonymous_0)
FNF:1
FNH:1
FNDA:18,(anonymous_0)
DA:32,18
DA:71,66
LF:2
LH:2
BRDA:71,0,0,48
BRDA:71,0,1,48
BRF:2
BRH:2
end_of_record
