TN:
SF:src/app/app.component.html
FN:8,AppComponent_Conditional_5_Template_span_click_4_listener
FNF:1
FNH:1
FNDA:1,AppComponent_Conditional_5_Template_span_click_4_listener
DA:3,23
DA:4,23
DA:5,1484
DA:6,15
DA:7,15
DA:8,15
DA:9,23
DA:10,25
DA:11,25
DA:14,23
DA:15,23
DA:16,23
DA:18,23
LF:13
LH:13
BRDA:5,0,0,88
BRDA:5,0,1,654
BRF:2
BRH:2
end_of_record
TN:
SF:src/app/app.component.ts
FN:14,(anonymous_3)
FN:18,(anonymous_5)
FN:22,(anonymous_6)
FNF:3
FNH:3
FNDA:23,(anonymous_3)
FNDA:742,(anonymous_5)
FNDA:1,(anonymous_6)
DA:14,46
DA:15,23
DA:16,23
DA:19,742
DA:23,1
DA:24,1
LF:6
LH:6
BRDA:14,0,0,23
BRDA:14,0,1,23
BRF:2
BRH:2
end_of_record
TN:
SF:src/app/app.config.ts
FNF:0
FNH:0
DA:7,23
LF:1
LH:1
BRF:0
BRH:0
end_of_record
TN:
SF:src/app/app.routes.ts
FNF:0
FNH:0
DA:12,23
LF:1
LH:1
BRF:0
BRH:0
end_of_record
TN:
SF:src/app/components/me/me.component.html
FN:21,MeComponent_Conditional_10_Conditional_7_Template_button_click_3_listener
FN:5,MeComponent_Template_button_click_4_listener
FNF:2
FNH:2
FNDA:1,MeComponent_Conditional_10_Conditional_7_Template_button_click_3_listener
FNDA:1,MeComponent_Template_button_click_4_listener
DA:5,5
DA:6,5
DA:7,5
DA:8,5
DA:10,5
DA:11,5
DA:12,24
DA:14,19
DA:15,19
DA:16,14
DA:17,2
DA:18,5
DA:20,3
DA:21,3
DA:22,3
DA:23,3
DA:25,3
DA:29,19
DA:30,19
DA:32,5
DA:36,5
LF:21
LH:21
BRDA:16,0,0,2
BRDA:16,0,1,5
BRDA:12,1,0,7
BRDA:12,1,1,5
BRF:4
BRH:4
end_of_record
TN:
SF:src/app/components/me/me.component.ts
FN:17,(anonymous_4)
FN:25,(anonymous_6)
FN:31,(anonymous_7)
FN:34,(anonymous_8)
FN:38,(anonymous_9)
FN:44,(anonymous_10)
FNF:6
FNH:6
FNDA:23,(anonymous_4)
FNDA:5,(anonymous_6)
FNDA:5,(anonymous_7)
FNDA:1,(anonymous_8)
FNDA:1,(anonymous_9)
FNDA:1,(anonymous_10)
DA:17,28
DA:18,5
DA:19,5
DA:20,5
DA:21,5
DA:22,5
DA:26,5
DA:31,5
DA:35,1
DA:39,1
DA:45,1
DA:46,1
DA:47,1
LF:13
LH:13
BRDA:17,0,0,5
BRDA:17,0,1,5
BRF:2
BRH:2
end_of_record
TN:
SF:src/app/core/service/auth.service.ts
FN:11,(anonymous_0)
FN:15,(anonymous_1)
FN:17,(anonymous_2)
FN:21,(anonymous_3)
FNF:4
FNH:4
FNDA:23,(anonymous_0)
FNDA:22,(anonymous_1)
FNDA:2,(anonymous_2)
FNDA:16,(anonymous_3)
DA:11,45
DA:13,22
DA:15,22
DA:18,2
DA:22,16
LF:5
LH:5
BRDA:11,0,0,22
BRDA:11,0,1,22
BRF:2
BRH:2
end_of_record
TN:
SF:src/app/core/service/session-api.service.ts
FN:9,(anonymous_0)
FN:13,(anonymous_1)
FN:16,(anonymous_2)
FN:20,(anonymous_3)
FN:24,(anonymous_4)
FN:28,(anonymous_5)
FN:32,(anonymous_6)
FN:36,(anonymous_7)
FN:40,(anonymous_8)
FNF:9
FNH:8
FNDA:23,(anonymous_0)
FNDA:15,(anonymous_1)
FNDA:18,(anonymous_2)
FNDA:9,(anonymous_3)
FNDA:1,(anonymous_4)
FNDA:0,(anonymous_5)
FNDA:1,(anonymous_6)
FNDA:1,(anonymous_7)
FNDA:1,(anonymous_8)
DA:9,38
DA:11,15
DA:13,15
DA:17,18
DA:21,9
DA:25,1
DA:29,0
DA:33,1
DA:37,1
DA:41,1
LF:10
LH:9
BRDA:9,0,0,15
BRDA:9,0,1,15
BRF:2
BRH:2
end_of_record
TN:
SF:src/app/core/service/session.service.ts
FN:8,(anonymous_0)
FN:15,(anonymous_2)
FN:19,(anonymous_3)
FN:25,(anonymous_4)
FN:31,(anonymous_5)
FNF:5
FNH:5
FNDA:23,(anonymous_0)
FNDA:742,(anonymous_2)
FNDA:15,(anonymous_3)
FNDA:2,(anonymous_4)
FNDA:17,(anonymous_5)
DA:8,46
DA:10,23
DA:13,23
DA:16,742
DA:20,15
DA:21,15
DA:22,15
DA:26,2
DA:27,2
DA:28,2
DA:32,17
LF:11
LH:11
BRDA:8,0,0,23
BRDA:8,0,1,23
BRF:2
BRH:2
end_of_record
TN:
SF:src/app/core/service/teacher.service.ts
FN:9,(anonymous_0)
FN:13,(anonymous_1)
FN:15,(anonymous_2)
FN:19,(anonymous_3)
FNF:4
FNH:4
FNDA:23,(anonymous_0)
FNDA:8,(anonymous_1)
FNDA:2,(anonymous_2)
FNDA:8,(anonymous_3)
DA:9,31
DA:11,8
DA:13,8
DA:16,2
DA:20,8
LF:5
LH:5
BRDA:9,0,0,8
BRDA:9,0,1,8
BRF:2
BRH:2
end_of_record
TN:
SF:src/app/core/service/user.service.ts
FN:9,(anonymous_0)
FN:13,(anonymous_1)
FN:15,(anonymous_2)
FN:19,(anonymous_3)
FNF:4
FNH:4
FNDA:23,(anonymous_0)
FNDA:5,(anonymous_1)
FNDA:5,(anonymous_2)
FNDA:1,(anonymous_3)
DA:9,28
DA:11,5
DA:13,5
DA:16,5
DA:20,1
LF:5
LH:5
BRDA:9,0,0,5
BRDA:9,0,1,5
BRF:2
BRH:2
end_of_record
TN:
SF:src/app/guards/auth.guard.ts
FN:6,(anonymous_0)
FN:8,(anonymous_1)
FN:14,(anonymous_2)
FNF:3
FNH:3
FNDA:23,(anonymous_0)
FNDA:16,(anonymous_1)
FNDA:22,(anonymous_2)
DA:6,39
DA:9,16
DA:10,16
DA:15,22
DA:16,1
DA:17,1
DA:19,21
LF:7
LH:7
BRDA:15,0,0,1
BRDA:15,0,1,21
BRDA:6,1,0,16
BRDA:6,1,1,16
BRF:4
BRH:4
end_of_record
TN:
SF:src/app/guards/unauth.guard.ts
FN:6,(anonymous_0)
FN:8,(anonymous_1)
FN:14,(anonymous_2)
FNF:3
FNH:3
FNDA:23,(anonymous_0)
FNDA:22,(anonymous_1)
FNDA:25,(anonymous_2)
DA:6,45
DA:9,22
DA:10,22
DA:15,25
DA:16,0
DA:17,0
DA:19,25
LF:7
LH:5
BRDA:15,0,0,0
BRDA:15,0,1,25
BRDA:6,1,0,22
BRDA:6,1,1,22
BRF:4
BRH:3
end_of_record
TN:
SF:src/app/interceptors/customJwtInterceptorFn.ts
FN:6,customJwtInterceptorFn
FNF:1
FNH:1
FNDA:65,customJwtInterceptorFn
DA:7,65
DA:8,65
DA:9,47
DA:15,65
LF:4
LH:4
BRDA:8,0,0,47
BRDA:8,0,1,18
BRF:2
BRH:2
end_of_record
TN:
SF:src/app/pages/login/login.component.html
FN:6,LoginComponent_Template_form_ngSubmit_5_listener
FN:14,LoginComponent_Template_button_click_11_listener
FNF:2
FNH:2
FNDA:16,LoginComponent_Template_form_ngSubmit_5_listener
FNDA:1,LoginComponent_Template_button_click_11_listener
DA:4,22
DA:5,22
DA:6,1048
DA:8,22
DA:9,22
DA:10,22
DA:11,22
DA:12,1048
DA:14,524
DA:16,1070
DA:19,22
DA:20,1048
DA:21,1048
DA:22,1
DA:26,22
LF:15
LH:15
BRDA:12,0,0,523
BRDA:12,0,1,1
BRDA:16,1,0,523
BRDA:16,1,1,1
BRDA:21,2,0,1
BRDA:21,2,1,523
BRF:6
BRH:6
end_of_record
TN:
SF:src/app/pages/login/login.component.ts
FN:18,(anonymous_1)
FN:45,(anonymous_3)
FN:52,(anonymous_4)
FN:56,(anonymous_5)
FNF:4
FNH:4
FNDA:23,(anonymous_1)
FNDA:16,(anonymous_3)
FNDA:15,(anonymous_4)
FNDA:1,(anonymous_5)
DA:18,45
DA:19,22
DA:20,22
DA:21,22
DA:22,22
DA:23,22
DA:25,22
DA:26,22
DA:28,22
DA:46,16
DA:47,16
DA:53,15
DA:54,15
DA:56,1
LF:14
LH:14
BRDA:18,0,0,22
BRDA:18,0,1,22
BRF:2
BRH:2
end_of_record
TN:
SF:src/app/pages/not-found/not-found.component.html
FNF:0
FNH:0
DA:2,1
DA:3,1
LF:2
LH:2
BRF:0
BRH:0
end_of_record
TN:
SF:src/app/pages/not-found/not-found.component.ts
FN:8,(anonymous_0)
FNF:1
FNH:1
FNDA:23,(anonymous_0)
DA:8,24
LF:1
LH:1
BRDA:8,0,0,1
BRDA:8,0,1,1
BRF:2
BRH:2
end_of_record
TN:
SF:src/app/pages/register/register.component.html
FN:6,RegisterComponent_Template_form_ngSubmit_5_listener
FNF:1
FNH:1
FNDA:2,RegisterComponent_Template_form_ngSubmit_5_listener
DA:4,3
DA:5,3
DA:6,212
DA:8,3
DA:9,3
DA:10,3
DA:11,3
DA:12,3
DA:13,3
DA:14,3
DA:15,3
DA:16,3
DA:17,3
DA:18,3
DA:20,3
DA:21,212
DA:22,212
DA:23,1
DA:27,3
LF:19
LH:19
BRDA:22,0,0,1
BRDA:22,0,1,105
BRF:2
BRH:2
end_of_record
TN:
SF:src/app/pages/register/register.component.ts
FN:16,(anonymous_1)
FN:58,(anonymous_3)
FN:65,(anonymous_4)
FN:66,(anonymous_5)
FNF:4
FNH:4
FNDA:23,(anonymous_1)
FNDA:2,(anonymous_3)
FNDA:1,(anonymous_4)
FNDA:1,(anonymous_5)
DA:16,26
DA:17,3
DA:18,3
DA:19,3
DA:20,3
DA:21,3
DA:23,3
DA:59,2
DA:60,2
DA:65,1
DA:66,1
LF:11
LH:11
BRDA:16,0,0,3
BRDA:16,0,1,3
BRF:2
BRH:2
end_of_record
TN:
SF:src/app/pages/sessions/components/detail/detail.component.html
FN:16,DetailComponent_Conditional_1_Conditional_11_Template_button_click_0_listener
FN:23,DetailComponent_Conditional_1_Conditional_12_Conditional_1_Template_button_click_0_listener
FN:28,DetailComponent_Conditional_1_Conditional_12_Conditional_2_Template_button_click_0_listener
FN:8,DetailComponent_Conditional_1_Template_button_click_4_listener
FNF:4
FNH:3
FNDA:1,DetailComponent_Conditional_1_Conditional_11_Template_button_click_0_listener
FNDA:1,DetailComponent_Conditional_1_Conditional_12_Conditional_1_Template_button_click_0_listener
FNDA:1,DetailComponent_Conditional_1_Conditional_12_Conditional_2_Template_button_click_0_listener
FNDA:0,DetailComponent_Conditional_1_Template_button_click_4_listener
DA:1,6
DA:2,54
DA:8,6
DA:9,6
DA:10,6
DA:11,48
DA:12,6
DA:14,6
DA:15,42
DA:16,2
DA:17,2
DA:18,2
DA:19,2
DA:20,6
DA:21,4
DA:22,32
DA:23,3
DA:24,3
DA:25,3
DA:26,3
DA:27,4
DA:28,3
DA:29,3
DA:30,3
DA:31,3
DA:33,4
DA:38,6
DA:39,42
DA:42,6
DA:43,6
DA:44,6
DA:45,36
DA:47,6
DA:49,6
DA:50,6
DA:51,6
DA:55,6
DA:56,6
DA:57,6
DA:58,48
DA:59,6
DA:61,6
DA:62,6
DA:63,6
DA:64,48
DA:66,6
DA:68,6
DA:69,48
DA:70,6
DA:71,6
DA:73,48
DA:74,48
DA:77,6
DA:79,6
LF:54
LH:54
BRDA:22,0,0,8
BRDA:22,0,1,8
BRDA:15,1,0,5
BRDA:15,1,1,16
BRDA:39,2,0,15
BRDA:39,2,1,6
BRDA:2,3,0,21
BRDA:2,3,1,6
BRF:8
BRH:8
end_of_record
TN:
SF:src/app/pages/sessions/components/detail/detail.component.ts
FN:19,(anonymous_10)
FN:35,(anonymous_11)
FN:41,(anonymous_12)
FN:45,(anonymous_13)
FN:49,(anonymous_14)
FN:55,(anonymous_15)
FN:62,(anonymous_16)
FN:67,(anonymous_17)
FN:70,(anonymous_18)
FN:75,(anonymous_19)
FN:78,(anonymous_20)
FN:84,(anonymous_21)
FN:86,(anonymous_22)
FN:92,(anonymous_23)
FNF:14
FNH:13
FNDA:23,(anonymous_10)
FNDA:6,(anonymous_11)
FNDA:6,(anonymous_12)
FNDA:0,(anonymous_13)
FNDA:1,(anonymous_14)
FNDA:1,(anonymous_15)
FNDA:1,(anonymous_16)
FNDA:1,(anonymous_17)
FNDA:1,(anonymous_18)
FNDA:1,(anonymous_19)
FNDA:8,(anonymous_20)
FNDA:8,(anonymous_21)
FNDA:3,(anonymous_22)
FNDA:8,(anonymous_23)
DA:19,29
DA:22,6
DA:23,6
DA:27,6
DA:28,6
DA:29,6
DA:30,6
DA:31,6
DA:32,6
DA:33,6
DA:36,6
DA:37,6
DA:38,6
DA:42,6
DA:46,0
DA:50,1
DA:56,1
DA:57,1
DA:63,1
DA:67,1
DA:71,1
DA:75,1
DA:79,8
DA:85,8
DA:86,8
DA:87,8
DA:92,8
LF:27
LH:26
BRDA:19,0,0,6
BRDA:19,0,1,6
BRF:2
BRH:2
end_of_record
TN:
SF:src/app/pages/sessions/components/form/form.component.html
FN:17,FormComponent_Conditional_9_Template_form_ngSubmit_1_listener
FNF:1
FNH:1
FNDA:1,FormComponent_Conditional_9_Template_form_ngSubmit_1_listener
DA:6,2
DA:7,2
DA:8,26
DA:9,1
DA:10,2
DA:11,1
DA:14,2
DA:15,26
DA:17,24
DA:19,2
DA:20,2
DA:21,2
DA:23,2
DA:24,2
DA:25,2
DA:27,2
DA:28,2
DA:29,26
DA:30,8
DA:31,18
DA:32,2
DA:35,2
DA:37,2
DA:38,2
DA:39,2
DA:41,24
DA:42,2
DA:46,2
DA:49,2
LF:29
LH:29
BRDA:8,0,0,7
BRDA:8,0,1,6
BRDA:15,1,0,12
BRDA:15,1,1,1
BRF:4
BRH:4
end_of_record
TN:
SF:src/app/pages/sessions/components/form/form.component.ts
FN:19,(anonymous_6)
FN:35,(anonymous_8)
FN:48,(anonymous_9)
FN:54,(anonymous_10)
FN:63,(anonymous_11)
FN:70,(anonymous_12)
FN:74,(anonymous_13)
FN:98,(anonymous_14)
FNF:8
FNH:7
FNDA:23,(anonymous_6)
FNDA:2,(anonymous_8)
FNDA:1,(anonymous_9)
FNDA:1,(anonymous_10)
FNDA:0,(anonymous_11)
FNDA:1,(anonymous_12)
FNDA:2,(anonymous_13)
FNDA:1,(anonymous_14)
DA:19,25
DA:20,2
DA:21,2
DA:22,2
DA:23,2
DA:24,2
DA:25,2
DA:26,2
DA:27,2
DA:30,2
DA:32,2
DA:36,2
DA:37,0
DA:39,2
DA:40,2
DA:41,1
DA:42,1
DA:43,1
DA:48,1
DA:50,1
DA:55,1
DA:57,1
DA:58,0
DA:63,0
DA:65,1
DA:70,1
DA:75,2
DA:99,1
DA:100,1
LF:29
LH:26
BRDA:36,0,0,0
BRDA:36,0,1,2
BRDA:40,1,0,1
BRDA:40,1,1,1
BRDA:57,2,0,0
BRDA:57,2,1,1
BRDA:77,3,0,1
BRDA:77,3,1,1
BRDA:81,4,0,1
BRDA:81,4,1,1
BRDA:85,5,0,1
BRDA:85,5,1,1
BRDA:89,6,0,1
BRDA:89,6,1,1
BRDA:19,7,0,2
BRDA:19,7,1,2
BRF:16
BRH:14
end_of_record
TN:
SF:src/app/pages/sessions/components/list/list.component.html
FNF:0
FNH:0
DA:4,18
DA:5,72
DA:7,10
DA:8,10
DA:9,10
DA:11,18
DA:12,18
DA:13,90
DA:16,33
DA:17,11
DA:18,33
DA:20,11
DA:21,11
DA:22,11
DA:23,11
DA:25,11
DA:26,33
DA:28,11
DA:30,22
DA:31,11
DA:32,11
DA:33,11
DA:34,22
DA:36,7
DA:37,7
DA:38,7
DA:39,7
DA:42,11
DA:46,18
LF:29
LH:29
BRDA:34,0,0,7
BRDA:34,0,1,4
BRDA:5,1,0,20
BRDA:5,1,1,16
BRF:4
BRH:4
end_of_record
TN:
SF:src/app/pages/sessions/components/list/list.component.ts
FN:17,(anonymous_6)
FN:23,(anonymous_8)
FNF:2
FNH:2
FNDA:23,(anonymous_6)
FNDA:47,(anonymous_8)
DA:17,41
DA:18,18
DA:19,18
DA:21,18
DA:24,47
LF:5
LH:5
BRDA:17,0,0,18
BRDA:17,0,1,18
BRF:2
BRH:2
end_of_record
TN:
SF:src/app/shared/material.module.ts
FN:71,(anonymous_0)
FNF:1
FNH:1
FNDA:23,(anonymous_0)
DA:32,23
DA:71,97
LF:2
LH:2
BRDA:71,0,0,74
BRDA:71,0,1,74
BRF:2
BRH:2
end_of_record
