{"/home/manu/Documents/Lead Developer Java Angular/projet4/projet4-fullstack/front/src/app/core/service/auth.service.ts": {"path":"/home/manu/Documents/Lead Developer Java Angular/projet4/projet4-fullstack/front/src/app/core/service/auth.service.ts","statementMap":{"0":{"start":{"line":1,"column":0},"end":{"line":1,"column":50}},"1":{"start":{"line":2,"column":0},"end":{"line":2,"column":43}},"2":{"start":{"line":15,"column":22},"end":{"line":15,"column":34}},"3":{"start":{"line":13,"column":10},"end":{"line":13,"column":36}},"4":{"start":{"line":18,"column":4},"end":{"line":18,"column":87}},"5":{"start":{"line":22,"column":4},"end":{"line":22,"column":95}},"6":{"start":{"line":11,"column":13},"end":{"line":11,"column":24}},"7":{"start":{"line":11,"column":13},"end":{"line":24,"column":null}}},"fnMap":{"0":{"name":"(anonymous_0)","decl":{"start":{"line":15,"column":2},"end":{"line":15,"column":22}},"loc":{"start":{"line":15,"column":44},"end":{"line":15,"column":49}}},"1":{"name":"(anonymous_1)","decl":{"start":{"line":17,"column":9},"end":{"line":17,"column":17}},"loc":{"start":{"line":17,"column":50},"end":{"line":19,"column":3}}},"2":{"name":"(anonymous_2)","decl":{"start":{"line":21,"column":9},"end":{"line":21,"column":14}},"loc":{"start":{"line":21,"column":41},"end":{"line":23,"column":3}}}},"branchMap":{},"s":{"0":1,"1":1,"2":2,"3":2,"4":1,"5":1,"6":1,"7":1},"f":{"0":2,"1":1,"2":1},"b":{}}
,"/home/manu/Documents/Lead Developer Java Angular/projet4/projet4-fullstack/front/src/app/core/service/session-api.service.ts": {"path":"/home/manu/Documents/Lead Developer Java Angular/projet4/projet4-fullstack/front/src/app/core/service/session-api.service.ts","statementMap":{"0":{"start":{"line":1,"column":0},"end":{"line":1,"column":50}},"1":{"start":{"line":2,"column":0},"end":{"line":2,"column":43}},"2":{"start":{"line":13,"column":22},"end":{"line":13,"column":34}},"3":{"start":{"line":11,"column":10},"end":{"line":11,"column":39}},"4":{"start":{"line":17,"column":4},"end":{"line":17,"column":60}},"5":{"start":{"line":21,"column":4},"end":{"line":21,"column":69}},"6":{"start":{"line":25,"column":4},"end":{"line":25,"column":69}},"7":{"start":{"line":29,"column":4},"end":{"line":29,"column":68}},"8":{"start":{"line":33,"column":4},"end":{"line":33,"column":78}},"9":{"start":{"line":37,"column":4},"end":{"line":37,"column":95}},"10":{"start":{"line":41,"column":4},"end":{"line":41,"column":91}},"11":{"start":{"line":9,"column":13},"end":{"line":9,"column":30}},"12":{"start":{"line":9,"column":13},"end":{"line":44,"column":null}}},"fnMap":{"0":{"name":"(anonymous_0)","decl":{"start":{"line":13,"column":2},"end":{"line":13,"column":22}},"loc":{"start":{"line":13,"column":44},"end":{"line":14,"column":3}}},"1":{"name":"(anonymous_1)","decl":{"start":{"line":16,"column":9},"end":{"line":16,"column":12}},"loc":{"start":{"line":16,"column":12},"end":{"line":18,"column":3}}},"2":{"name":"(anonymous_2)","decl":{"start":{"line":20,"column":9},"end":{"line":20,"column":15}},"loc":{"start":{"line":20,"column":26},"end":{"line":22,"column":3}}},"3":{"name":"(anonymous_3)","decl":{"start":{"line":24,"column":9},"end":{"line":24,"column":15}},"loc":{"start":{"line":24,"column":26},"end":{"line":26,"column":3}}},"4":{"name":"(anonymous_4)","decl":{"start":{"line":28,"column":9},"end":{"line":28,"column":15}},"loc":{"start":{"line":28,"column":32},"end":{"line":30,"column":3}}},"5":{"name":"(anonymous_5)","decl":{"start":{"line":32,"column":9},"end":{"line":32,"column":15}},"loc":{"start":{"line":32,"column":44},"end":{"line":34,"column":3}}},"6":{"name":"(anonymous_6)","decl":{"start":{"line":36,"column":9},"end":{"line":36,"column":20}},"loc":{"start":{"line":36,"column":47},"end":{"line":38,"column":3}}},"7":{"name":"(anonymous_7)","decl":{"start":{"line":40,"column":9},"end":{"line":40,"column":22}},"loc":{"start":{"line":40,"column":49},"end":{"line":42,"column":3}}}},"branchMap":{},"s":{"0":1,"1":1,"2":7,"3":7,"4":1,"5":1,"6":1,"7":1,"8":1,"9":1,"10":1,"11":1,"12":1},"f":{"0":7,"1":1,"2":1,"3":1,"4":1,"5":1,"6":1,"7":1},"b":{}}
,"/home/manu/Documents/Lead Developer Java Angular/projet4/projet4-fullstack/front/src/app/core/service/teacher.service.ts": {"path":"/home/manu/Documents/Lead Developer Java Angular/projet4/projet4-fullstack/front/src/app/core/service/teacher.service.ts","statementMap":{"0":{"start":{"line":1,"column":0},"end":{"line":1,"column":50}},"1":{"start":{"line":2,"column":0},"end":{"line":2,"column":43}},"2":{"start":{"line":13,"column":22},"end":{"line":13,"column":34}},"3":{"start":{"line":11,"column":10},"end":{"line":11,"column":39}},"4":{"start":{"line":16,"column":4},"end":{"line":16,"column":60}},"5":{"start":{"line":20,"column":4},"end":{"line":20,"column":69}},"6":{"start":{"line":9,"column":13},"end":{"line":9,"column":27}},"7":{"start":{"line":9,"column":13},"end":{"line":22,"column":null}}},"fnMap":{"0":{"name":"(anonymous_0)","decl":{"start":{"line":13,"column":2},"end":{"line":13,"column":22}},"loc":{"start":{"line":13,"column":44},"end":{"line":13,"column":49}}},"1":{"name":"(anonymous_1)","decl":{"start":{"line":15,"column":9},"end":{"line":15,"column":12}},"loc":{"start":{"line":15,"column":12},"end":{"line":17,"column":3}}},"2":{"name":"(anonymous_2)","decl":{"start":{"line":19,"column":9},"end":{"line":19,"column":15}},"loc":{"start":{"line":19,"column":26},"end":{"line":21,"column":3}}}},"branchMap":{},"s":{"0":1,"1":1,"2":2,"3":2,"4":1,"5":1,"6":1,"7":1},"f":{"0":2,"1":1,"2":1},"b":{}}
,"/home/manu/Documents/Lead Developer Java Angular/projet4/projet4-fullstack/front/src/app/core/service/user.service.ts": {"path":"/home/manu/Documents/Lead Developer Java Angular/projet4/projet4-fullstack/front/src/app/core/service/user.service.ts","statementMap":{"0":{"start":{"line":1,"column":0},"end":{"line":1,"column":50}},"1":{"start":{"line":2,"column":0},"end":{"line":2,"column":43}},"2":{"start":{"line":13,"column":22},"end":{"line":13,"column":34}},"3":{"start":{"line":11,"column":10},"end":{"line":11,"column":36}},"4":{"start":{"line":16,"column":4},"end":{"line":16,"column":66}},"5":{"start":{"line":20,"column":4},"end":{"line":20,"column":69}},"6":{"start":{"line":9,"column":13},"end":{"line":9,"column":24}},"7":{"start":{"line":9,"column":13},"end":{"line":22,"column":null}}},"fnMap":{"0":{"name":"(anonymous_0)","decl":{"start":{"line":13,"column":2},"end":{"line":13,"column":22}},"loc":{"start":{"line":13,"column":44},"end":{"line":13,"column":49}}},"1":{"name":"(anonymous_1)","decl":{"start":{"line":15,"column":9},"end":{"line":15,"column":16}},"loc":{"start":{"line":15,"column":27},"end":{"line":17,"column":3}}},"2":{"name":"(anonymous_2)","decl":{"start":{"line":19,"column":9},"end":{"line":19,"column":15}},"loc":{"start":{"line":19,"column":26},"end":{"line":21,"column":3}}}},"branchMap":{},"s":{"0":1,"1":1,"2":2,"3":2,"4":1,"5":1,"6":1,"7":1},"f":{"0":2,"1":1,"2":1},"b":{}}
}
