{"/home/manu/Documents/Lead Developer Java Angular/projet4/projet4-fullstack/front/src/app/app.component.html": {"path":"/home/manu/Documents/Lead Developer Java Angular/projet4/projet4-fullstack/front/src/app/app.component.html","statementMap":{"0":{"start":{"line":1,"column":0},"end":{"line":1,"column":699}}},"fnMap":{},"branchMap":{},"s":{"0":1},"f":{},"b":{},"_coverageSchema":"1a1c01bbd47fc00a2c39e90264f33305004495a9","hash":"6f2a0ed5c6d0c73c6ca85b0d3b8c7d2e006b6029"}
,"/home/manu/Documents/Lead Developer Java Angular/projet4/projet4-fullstack/front/src/app/app.component.ts": {"path":"/home/manu/Documents/Lead Developer Java Angular/projet4/projet4-fullstack/front/src/app/app.component.ts","statementMap":{"0":{"start":{"line":1,"column":0},"end":{"line":1,"column":50}},"1":{"start":{"line":2,"column":0},"end":{"line":2,"column":67}},"2":{"start":{"line":4,"column":0},"end":{"line":4,"column":64}},"3":{"start":{"line":5,"column":0},"end":{"line":5,"column":45}},"4":{"start":{"line":6,"column":0},"end":{"line":6,"column":56}},"5":{"start":{"line":14,"column":7},"end":{"line":26,"column":null}},"6":{"start":{"line":15,"column":10},"end":{"line":15,"column":34}},"7":{"start":{"line":16,"column":10},"end":{"line":16,"column":50}},"8":{"start":{"line":19,"column":4},"end":{"line":19,"column":43}},"9":{"start":{"line":23,"column":4},"end":{"line":23,"column":33}},"10":{"start":{"line":24,"column":4},"end":{"line":24,"column":null}},"11":{"start":{"line":14,"column":13},"end":{"line":14,"column":25}},"12":{"start":{"line":14,"column":13},"end":{"line":26,"column":null}}},"fnMap":{"0":{"name":"(anonymous_0)","decl":{"start":{"line":14,"column":7},"end":{"line":14,"column":13}},"loc":{"start":{"line":14,"column":7},"end":{"line":26,"column":1}}},"1":{"name":"(anonymous_1)","decl":{"start":{"line":18,"column":9},"end":{"line":18,"column":18}},"loc":{"start":{"line":18,"column":18},"end":{"line":20,"column":3}}},"2":{"name":"(anonymous_2)","decl":{"start":{"line":22,"column":9},"end":{"line":22,"column":15}},"loc":{"start":{"line":22,"column":15},"end":{"line":25,"column":3}}}},"branchMap":{},"s":{"0":1,"1":1,"2":1,"3":1,"4":1,"5":1,"6":1,"7":1,"8":1,"9":1,"10":1,"11":1,"12":1},"f":{"0":1,"1":1,"2":1},"b":{}}
,"/home/manu/Documents/Lead Developer Java Angular/projet4/projet4-fullstack/front/src/app/core/service/auth.service.ts": {"path":"/home/manu/Documents/Lead Developer Java Angular/projet4/projet4-fullstack/front/src/app/core/service/auth.service.ts","statementMap":{"0":{"start":{"line":1,"column":0},"end":{"line":1,"column":50}},"1":{"start":{"line":2,"column":0},"end":{"line":2,"column":43}},"2":{"start":{"line":15,"column":22},"end":{"line":15,"column":34}},"3":{"start":{"line":13,"column":10},"end":{"line":13,"column":36}},"4":{"start":{"line":18,"column":4},"end":{"line":18,"column":87}},"5":{"start":{"line":22,"column":4},"end":{"line":22,"column":95}},"6":{"start":{"line":11,"column":13},"end":{"line":11,"column":24}},"7":{"start":{"line":11,"column":13},"end":{"line":24,"column":null}}},"fnMap":{"0":{"name":"(anonymous_0)","decl":{"start":{"line":15,"column":2},"end":{"line":15,"column":22}},"loc":{"start":{"line":15,"column":44},"end":{"line":15,"column":49}}},"1":{"name":"(anonymous_1)","decl":{"start":{"line":17,"column":9},"end":{"line":17,"column":17}},"loc":{"start":{"line":17,"column":50},"end":{"line":19,"column":3}}},"2":{"name":"(anonymous_2)","decl":{"start":{"line":21,"column":9},"end":{"line":21,"column":14}},"loc":{"start":{"line":21,"column":41},"end":{"line":23,"column":3}}}},"branchMap":{},"s":{"0":2,"1":2,"2":2,"3":2,"4":1,"5":1,"6":2,"7":2},"f":{"0":2,"1":1,"2":1},"b":{}}
,"/home/manu/Documents/Lead Developer Java Angular/projet4/projet4-fullstack/front/src/app/core/service/session-api.service.ts": {"path":"/home/manu/Documents/Lead Developer Java Angular/projet4/projet4-fullstack/front/src/app/core/service/session-api.service.ts","statementMap":{"0":{"start":{"line":1,"column":0},"end":{"line":1,"column":50}},"1":{"start":{"line":2,"column":0},"end":{"line":2,"column":43}},"2":{"start":{"line":13,"column":22},"end":{"line":13,"column":34}},"3":{"start":{"line":11,"column":10},"end":{"line":11,"column":39}},"4":{"start":{"line":17,"column":4},"end":{"line":17,"column":60}},"5":{"start":{"line":21,"column":4},"end":{"line":21,"column":69}},"6":{"start":{"line":25,"column":4},"end":{"line":25,"column":69}},"7":{"start":{"line":29,"column":4},"end":{"line":29,"column":68}},"8":{"start":{"line":33,"column":4},"end":{"line":33,"column":78}},"9":{"start":{"line":37,"column":4},"end":{"line":37,"column":95}},"10":{"start":{"line":41,"column":4},"end":{"line":41,"column":91}},"11":{"start":{"line":9,"column":13},"end":{"line":9,"column":30}},"12":{"start":{"line":9,"column":13},"end":{"line":44,"column":null}}},"fnMap":{"0":{"name":"(anonymous_0)","decl":{"start":{"line":13,"column":2},"end":{"line":13,"column":22}},"loc":{"start":{"line":13,"column":44},"end":{"line":14,"column":3}}},"1":{"name":"(anonymous_1)","decl":{"start":{"line":16,"column":9},"end":{"line":16,"column":12}},"loc":{"start":{"line":16,"column":12},"end":{"line":18,"column":3}}},"2":{"name":"(anonymous_2)","decl":{"start":{"line":20,"column":9},"end":{"line":20,"column":15}},"loc":{"start":{"line":20,"column":26},"end":{"line":22,"column":3}}},"3":{"name":"(anonymous_3)","decl":{"start":{"line":24,"column":9},"end":{"line":24,"column":15}},"loc":{"start":{"line":24,"column":26},"end":{"line":26,"column":3}}},"4":{"name":"(anonymous_4)","decl":{"start":{"line":28,"column":9},"end":{"line":28,"column":15}},"loc":{"start":{"line":28,"column":32},"end":{"line":30,"column":3}}},"5":{"name":"(anonymous_5)","decl":{"start":{"line":32,"column":9},"end":{"line":32,"column":15}},"loc":{"start":{"line":32,"column":44},"end":{"line":34,"column":3}}},"6":{"name":"(anonymous_6)","decl":{"start":{"line":36,"column":9},"end":{"line":36,"column":20}},"loc":{"start":{"line":36,"column":47},"end":{"line":38,"column":3}}},"7":{"name":"(anonymous_7)","decl":{"start":{"line":40,"column":9},"end":{"line":40,"column":22}},"loc":{"start":{"line":40,"column":49},"end":{"line":42,"column":3}}}},"branchMap":{},"s":{"0":1,"1":1,"2":7,"3":7,"4":1,"5":1,"6":1,"7":1,"8":1,"9":1,"10":1,"11":1,"12":1},"f":{"0":7,"1":1,"2":1,"3":1,"4":1,"5":1,"6":1,"7":1},"b":{}}
,"/home/manu/Documents/Lead Developer Java Angular/projet4/projet4-fullstack/front/src/app/core/service/session.service.ts": {"path":"/home/manu/Documents/Lead Developer Java Angular/projet4/projet4-fullstack/front/src/app/core/service/session.service.ts","statementMap":{"0":{"start":{"line":1,"column":0},"end":{"line":1,"column":43}},"1":{"start":{"line":2,"column":0},"end":{"line":2,"column":51}},"2":{"start":{"line":8,"column":7},"end":{"line":34,"column":null}},"3":{"start":{"line":10,"column":9},"end":{"line":10,"column":26}},"4":{"start":{"line":13,"column":10},"end":{"line":13,"column":72}},"5":{"start":{"line":16,"column":4},"end":{"line":16,"column":47}},"6":{"start":{"line":20,"column":4},"end":{"line":20,"column":35}},"7":{"start":{"line":21,"column":4},"end":{"line":21,"column":25}},"8":{"start":{"line":22,"column":4},"end":{"line":22,"column":16}},"9":{"start":{"line":26,"column":4},"end":{"line":26,"column":40}},"10":{"start":{"line":27,"column":4},"end":{"line":27,"column":26}},"11":{"start":{"line":28,"column":4},"end":{"line":28,"column":16}},"12":{"start":{"line":32,"column":4},"end":{"line":32,"column":45}},"13":{"start":{"line":8,"column":13},"end":{"line":8,"column":27}},"14":{"start":{"line":8,"column":13},"end":{"line":34,"column":null}}},"fnMap":{"0":{"name":"(anonymous_0)","decl":{"start":{"line":8,"column":7},"end":{"line":8,"column":13}},"loc":{"start":{"line":8,"column":7},"end":{"line":34,"column":1}}},"1":{"name":"(anonymous_1)","decl":{"start":{"line":15,"column":9},"end":{"line":15,"column":18}},"loc":{"start":{"line":15,"column":18},"end":{"line":17,"column":3}}},"2":{"name":"(anonymous_2)","decl":{"start":{"line":19,"column":9},"end":{"line":19,"column":14}},"loc":{"start":{"line":19,"column":39},"end":{"line":23,"column":3}}},"3":{"name":"(anonymous_3)","decl":{"start":{"line":25,"column":9},"end":{"line":25,"column":15}},"loc":{"start":{"line":25,"column":15},"end":{"line":29,"column":3}}},"4":{"name":"(anonymous_4)","decl":{"start":{"line":31,"column":10},"end":{"line":31,"column":14}},"loc":{"start":{"line":31,"column":14},"end":{"line":33,"column":3}}}},"branchMap":{},"s":{"0":2,"1":2,"2":2,"3":4,"4":4,"5":3,"6":2,"7":2,"8":2,"9":1,"10":1,"11":1,"12":3,"13":2,"14":2},"f":{"0":4,"1":3,"2":2,"3":1,"4":3},"b":{}}
,"/home/manu/Documents/Lead Developer Java Angular/projet4/projet4-fullstack/front/src/app/core/service/teacher.service.ts": {"path":"/home/manu/Documents/Lead Developer Java Angular/projet4/projet4-fullstack/front/src/app/core/service/teacher.service.ts","statementMap":{"0":{"start":{"line":1,"column":0},"end":{"line":1,"column":50}},"1":{"start":{"line":2,"column":0},"end":{"line":2,"column":43}},"2":{"start":{"line":13,"column":22},"end":{"line":13,"column":34}},"3":{"start":{"line":11,"column":10},"end":{"line":11,"column":39}},"4":{"start":{"line":16,"column":4},"end":{"line":16,"column":60}},"5":{"start":{"line":20,"column":4},"end":{"line":20,"column":69}},"6":{"start":{"line":9,"column":13},"end":{"line":9,"column":27}},"7":{"start":{"line":9,"column":13},"end":{"line":22,"column":null}}},"fnMap":{"0":{"name":"(anonymous_0)","decl":{"start":{"line":13,"column":2},"end":{"line":13,"column":22}},"loc":{"start":{"line":13,"column":44},"end":{"line":13,"column":49}}},"1":{"name":"(anonymous_1)","decl":{"start":{"line":15,"column":9},"end":{"line":15,"column":12}},"loc":{"start":{"line":15,"column":12},"end":{"line":17,"column":3}}},"2":{"name":"(anonymous_2)","decl":{"start":{"line":19,"column":9},"end":{"line":19,"column":15}},"loc":{"start":{"line":19,"column":26},"end":{"line":21,"column":3}}}},"branchMap":{},"s":{"0":1,"1":1,"2":2,"3":2,"4":1,"5":1,"6":1,"7":1},"f":{"0":2,"1":1,"2":1},"b":{}}
,"/home/manu/Documents/Lead Developer Java Angular/projet4/projet4-fullstack/front/src/app/core/service/user.service.ts": {"path":"/home/manu/Documents/Lead Developer Java Angular/projet4/projet4-fullstack/front/src/app/core/service/user.service.ts","statementMap":{"0":{"start":{"line":1,"column":0},"end":{"line":1,"column":50}},"1":{"start":{"line":2,"column":0},"end":{"line":2,"column":43}},"2":{"start":{"line":13,"column":22},"end":{"line":13,"column":34}},"3":{"start":{"line":11,"column":10},"end":{"line":11,"column":36}},"4":{"start":{"line":16,"column":4},"end":{"line":16,"column":66}},"5":{"start":{"line":20,"column":4},"end":{"line":20,"column":69}},"6":{"start":{"line":9,"column":13},"end":{"line":9,"column":24}},"7":{"start":{"line":9,"column":13},"end":{"line":22,"column":null}}},"fnMap":{"0":{"name":"(anonymous_0)","decl":{"start":{"line":13,"column":2},"end":{"line":13,"column":22}},"loc":{"start":{"line":13,"column":44},"end":{"line":13,"column":49}}},"1":{"name":"(anonymous_1)","decl":{"start":{"line":15,"column":9},"end":{"line":15,"column":16}},"loc":{"start":{"line":15,"column":27},"end":{"line":17,"column":3}}},"2":{"name":"(anonymous_2)","decl":{"start":{"line":19,"column":9},"end":{"line":19,"column":15}},"loc":{"start":{"line":19,"column":26},"end":{"line":21,"column":3}}}},"branchMap":{},"s":{"0":1,"1":1,"2":2,"3":2,"4":1,"5":1,"6":1,"7":1},"f":{"0":2,"1":1,"2":1},"b":{}}
,"/home/manu/Documents/Lead Developer Java Angular/projet4/projet4-fullstack/front/src/app/pages/login/login.component.html": {"path":"/home/manu/Documents/Lead Developer Java Angular/projet4/projet4-fullstack/front/src/app/pages/login/login.component.html","statementMap":{"0":{"start":{"line":1,"column":0},"end":{"line":1,"column":1360}}},"fnMap":{},"branchMap":{},"s":{"0":1},"f":{},"b":{},"_coverageSchema":"1a1c01bbd47fc00a2c39e90264f33305004495a9","hash":"f237704ecb7ddc6ae9ce83eb2de90d6c9f935b03"}
,"/home/manu/Documents/Lead Developer Java Angular/projet4/projet4-fullstack/front/src/app/pages/login/login.component.ts": {"path":"/home/manu/Documents/Lead Developer Java Angular/projet4/projet4-fullstack/front/src/app/pages/login/login.component.ts","statementMap":{"0":{"start":{"line":1,"column":0},"end":{"line":1,"column":62}},"1":{"start":{"line":2,"column":0},"end":{"line":2,"column":57}},"2":{"start":{"line":3,"column":0},"end":{"line":3,"column":41}},"3":{"start":{"line":5,"column":0},"end":{"line":5,"column":70}},"4":{"start":{"line":7,"column":0},"end":{"line":7,"column":62}},"5":{"start":{"line":8,"column":0},"end":{"line":8,"column":60}},"6":{"start":{"line":9,"column":0},"end":{"line":9,"column":47}},"7":{"start":{"line":10,"column":0},"end":{"line":10,"column":64}},"8":{"start":{"line":18,"column":7},"end":{"line":59,"column":null}},"9":{"start":{"line":19,"column":10},"end":{"line":19,"column":44}},"10":{"start":{"line":20,"column":10},"end":{"line":20,"column":35}},"11":{"start":{"line":21,"column":10},"end":{"line":21,"column":34}},"12":{"start":{"line":22,"column":10},"end":{"line":22,"column":50}},"13":{"start":{"line":23,"column":19},"end":{"line":23,"column":51}},"14":{"start":{"line":25,"column":9},"end":{"line":25,"column":21}},"15":{"start":{"line":26,"column":9},"end":{"line":26,"column":25}},"16":{"start":{"line":28,"column":9},"end":{"line":43,"column":5}},"17":{"start":{"line":46,"column":25},"end":{"line":46,"column":56}},"18":{"start":{"line":47,"column":4},"end":{"line":57,"column":7}},"19":{"start":{"line":53,"column":8},"end":{"line":53,"column":44}},"20":{"start":{"line":54,"column":8},"end":{"line":54,"column":49}},"21":{"start":{"line":56,"column":19},"end":{"line":56,"column":38}},"22":{"start":{"line":18,"column":13},"end":{"line":18,"column":27}},"23":{"start":{"line":18,"column":13},"end":{"line":59,"column":null}}},"fnMap":{"0":{"name":"(anonymous_0)","decl":{"start":{"line":18,"column":7},"end":{"line":18,"column":13}},"loc":{"start":{"line":18,"column":7},"end":{"line":59,"column":1}}},"1":{"name":"(anonymous_1)","decl":{"start":{"line":45,"column":9},"end":{"line":45,"column":15}},"loc":{"start":{"line":45,"column":15},"end":{"line":58,"column":3}}},"2":{"name":"(anonymous_2)","decl":{"start":{"line":52,"column":12},"end":{"line":52,"column":13}},"loc":{"start":{"line":52,"column":45},"end":{"line":55,"column":7}}},"3":{"name":"(anonymous_3)","decl":{"start":{"line":56,"column":13},"end":{"line":56,"column":16}},"loc":{"start":{"line":56,"column":19},"end":{"line":56,"column":38}}}},"branchMap":{},"s":{"0":1,"1":1,"2":1,"3":1,"4":1,"5":1,"6":1,"7":1,"8":1,"9":3,"10":3,"11":3,"12":3,"13":3,"14":3,"15":3,"16":3,"17":2,"18":2,"19":1,"20":1,"21":1,"22":1,"23":1},"f":{"0":3,"1":2,"2":1,"3":1},"b":{}}
,"/home/manu/Documents/Lead Developer Java Angular/projet4/projet4-fullstack/front/src/app/shared/material.module.ts": {"path":"/home/manu/Documents/Lead Developer Java Angular/projet4/projet4-fullstack/front/src/app/shared/material.module.ts","statementMap":{"0":{"start":{"line":1,"column":0},"end":{"line":1,"column":41}},"1":{"start":{"line":2,"column":0},"end":{"line":2,"column":53}},"2":{"start":{"line":3,"column":0},"end":{"line":3,"column":50}},"3":{"start":{"line":4,"column":0},"end":{"line":4,"column":51}},"4":{"start":{"line":5,"column":0},"end":{"line":5,"column":71}},"5":{"start":{"line":6,"column":0},"end":{"line":6,"column":59}},"6":{"start":{"line":7,"column":0},"end":{"line":7,"column":72}},"7":{"start":{"line":8,"column":0},"end":{"line":8,"column":55}},"8":{"start":{"line":9,"column":0},"end":{"line":9,"column":63}},"9":{"start":{"line":10,"column":0},"end":{"line":10,"column":57}},"10":{"start":{"line":11,"column":0},"end":{"line":11,"column":57}},"11":{"start":{"line":12,"column":0},"end":{"line":12,"column":61}},"12":{"start":{"line":13,"column":0},"end":{"line":13,"column":65}},"13":{"start":{"line":14,"column":0},"end":{"line":14,"column":66}},"14":{"start":{"line":15,"column":0},"end":{"line":15,"column":55}},"15":{"start":{"line":16,"column":0},"end":{"line":16,"column":57}},"16":{"start":{"line":17,"column":0},"end":{"line":17,"column":55}},"17":{"start":{"line":18,"column":0},"end":{"line":18,"column":55}},"18":{"start":{"line":19,"column":0},"end":{"line":19,"column":65}},"19":{"start":{"line":20,"column":0},"end":{"line":20,"column":78}},"20":{"start":{"line":21,"column":0},"end":{"line":21,"column":59}},"21":{"start":{"line":22,"column":0},"end":{"line":22,"column":61}},"22":{"start":{"line":23,"column":0},"end":{"line":23,"column":64}},"23":{"start":{"line":24,"column":0},"end":{"line":24,"column":55}},"24":{"start":{"line":25,"column":0},"end":{"line":25,"column":57}},"25":{"start":{"line":26,"column":0},"end":{"line":26,"column":55}},"26":{"start":{"line":27,"column":0},"end":{"line":27,"column":61}},"27":{"start":{"line":28,"column":0},"end":{"line":28,"column":55}},"28":{"start":{"line":29,"column":0},"end":{"line":29,"column":53}},"29":{"start":{"line":32,"column":24},"end":{"line":61,"column":2}},"30":{"start":{"line":71,"column":7},"end":{"line":71,"column":null}},"31":{"start":{"line":71,"column":13},"end":{"line":71,"column":27}},"32":{"start":{"line":71,"column":13},"end":{"line":71,"column":null}}},"fnMap":{},"branchMap":{},"s":{"0":2,"1":2,"2":2,"3":2,"4":2,"5":2,"6":2,"7":2,"8":2,"9":2,"10":2,"11":2,"12":2,"13":2,"14":2,"15":2,"16":2,"17":2,"18":2,"19":2,"20":2,"21":2,"22":2,"23":2,"24":2,"25":2,"26":2,"27":2,"28":2,"29":2,"30":2,"31":2,"32":2},"f":{},"b":{}}
}
